#
# There is insufficient memory for the Java Runtime Environment to continue.
# Native memory allocation (malloc) failed to allocate 40370176 bytes for committing reserved memory.
# Possible reasons:
#   The system is out of physical RAM or swap space
#   In 32 bit mode, the process size limit was hit
# Possible solutions:
#   Reduce memory load on the system
#   Increase physical memory or swap space
#   Check if swap backing store is full
#   Use 64 bit Java on a 64 bit OS
#   Decrease Java heap size (-Xmx/-Xms)
#   Decrease number of Java threads
#   Decrease Java thread stack sizes (-Xss)
#   Set larger code cache with -XX:ReservedCodeCacheSize=
# This output file may be truncated or incomplete.
#
#  Out of Memory Error (os_linux.cpp:2769), pid=30561, tid=139681469146880
#
# JRE version: OpenJDK Runtime Environment (7.0_55-b14) (build 1.7.0_55-b14)
# Java VM: OpenJDK 64-Bit Server VM (24.51-b03 mixed mode linux-amd64 compressed oops)
# Failed to write core dump. Core dumps have been disabled. To enable core dumping, try "ulimit -c unlimited" before starting Java again
#

---------------  T H R E A D  ---------------

Current thread (0x00007f0a1c026000):  GCTaskThread [stack: 0x00007f0a2049a000,0x00007f0a2059b000] [id=30570]

Stack: [0x00007f0a2049a000,0x00007f0a2059b000],  sp=0x00007f0a205999a0,  free space=1022k
Native frames: (J=compiled Java code, j=interpreted, Vv=VM code, C=native code)
V  [libjvm.so+0x917b35]  VMError::report_and_die()+0x175
V  [libjvm.so+0x468144]  report_vm_out_of_memory(char const*, int, unsigned long, char const*)+0x74
V  [libjvm.so+0x79a81b]  os::pd_commit_memory(char*, unsigned long, unsigned long, bool)+0x20b
V  [libjvm.so+0x7950df]  os::commit_memory(char*, unsigned long, unsigned long, bool)+0x1f
V  [libjvm.so+0x8053cb]  PSVirtualSpace::expand_by(unsigned long)+0x5b
V  [libjvm.so+0x7f519b]  PSOldGen::expand_by(unsigned long) [clone .part.80]+0x1b
V  [libjvm.so+0x7f535b]  PSOldGen::expand(unsigned long) [clone .part.81]+0xdb
V  [libjvm.so+0x7f5cbf]  PSOldGen::expand_and_cas_allocate(unsigned long)+0x1f
V  [libjvm.so+0x801466]  oopDesc* PSPromotionManager::copy_to_survivor_space<false>(oopDesc*)+0x7e6
V  [libjvm.so+0x800668]  PSPromotionManager::drain_stacks_depth(bool)+0x6b8
V  [libjvm.so+0x8040aa]  StealTask::do_it(GCTaskManager*, unsigned int)+0x18a
V  [libjvm.so+0x51f032]  GCTaskThread::run()+0x162
V  [libjvm.so+0x7974e2]  java_start(Thread*)+0xf2


---------------  P R O C E S S  ---------------

Java Threads: ( => current thread )
  0x00007f09b0001000 JavaThread "Image Fetcher 2" daemon [_thread_blocked, id=30593, stack(0x00007f09bd4cc000,0x00007f09bd5cd000)]
  0x00007f09b4001000 JavaThread "XToolkt-Shutdown-Thread" [_thread_blocked, id=30591, stack(0x00007f09bd5cd000,0x00007f09bd6ce000)]
  0x00007f09ec001000 JavaThread "SIGTERM handler" daemon [_thread_blocked, id=30590, stack(0x00007f09bd6ce000,0x00007f09bd7cf000)]
  0x00007f09b8003000 JavaThread "Image Fetcher 1" daemon [_thread_blocked, id=30589, stack(0x00007f09d77d2000,0x00007f09d78d3000)]
  0x00007f09c067c000 JavaThread "Thread-2" [_thread_blocked, id=30588, stack(0x00007f09bd8fc000,0x00007f09bd9fd000)]
  0x00007f09c0676800 JavaThread "Thread-1" [_thread_blocked, id=30587, stack(0x00007f09bd7cf000,0x00007f09bd8d0000)]
  0x00007f09c0002000 JavaThread "AWT-EventQueue-0" [_thread_blocked, id=30585, stack(0x00007f09d76d1000,0x00007f09d77d2000)]
  0x00007f0a1c3ab800 JavaThread "AWT-Shutdown" [_thread_blocked, id=30583, stack(0x00007f09d78d3000,0x00007f09d79d4000)]
  0x00007f0a1c3aa000 JavaThread "Image Fetcher 0" daemon [_thread_blocked, id=30582, stack(0x00007f09d79d4000,0x00007f09d7ad5000)]
  0x00007f0a1c382800 JavaThread "AWT-XAWT" daemon [_thread_blocked, id=30581, stack(0x00007f09d7eff000,0x00007f09d8000000)]
  0x00007f0a1c321000 JavaThread "Java2D Disposer" daemon [_thread_blocked, id=30580, stack(0x00007f0a0804d000,0x00007f0a0814e000)]
  0x00007f0a1c0a8800 JavaThread "Service Thread" daemon [_thread_blocked, id=30578, stack(0x00007f0a10c45000,0x00007f0a10d46000)]
  0x00007f0a1c0a6000 JavaThread "C2 CompilerThread1" daemon [_thread_blocked, id=30577, stack(0x00007f0a10d46000,0x00007f0a10e47000)]
  0x00007f0a1c0a3800 JavaThread "C2 CompilerThread0" daemon [_thread_blocked, id=30576, stack(0x00007f0a10e47000,0x00007f0a10f48000)]
  0x00007f0a1c0a1000 JavaThread "Signal Dispatcher" daemon [_thread_blocked, id=30575, stack(0x00007f0a10f48000,0x00007f0a11049000)]
  0x00007f0a1c07e000 JavaThread "Finalizer" daemon [_thread_blocked, id=30574, stack(0x00007f0a1172b000,0x00007f0a1182c000)]
  0x00007f0a1c07c000 JavaThread "Reference Handler" daemon [_thread_blocked, id=30573, stack(0x00007f0a1182c000,0x00007f0a1192d000)]
  0x00007f0a1c00c800 JavaThread "main" [_thread_blocked, id=30567, stack(0x00007f0a23ef5000,0x00007f0a23ff6000)]

Other Threads:
  0x00007f0a1c077800 VMThread [stack: 0x00007f0a1192d000,0x00007f0a11a2e000] [id=30572]
  0x00007f0a1c0b3800 WatcherThread [stack: 0x00007f0a10b44000,0x00007f0a10c45000] [id=30579]

=>0x00007f0a1c026000 (exited) GCTaskThread [stack: 0x00007f0a2049a000,0x00007f0a2059b000] [id=30570]

VM state:at safepoint (normal execution)

VM Mutex/Monitor currently owned by a thread:  ([mutex/lock_event])
[0x00007f0a1c008390] ExpandHeap_lock - owner thread: 0x00007f0a1c026000
[0x00007f0a1c008a10] Threads_lock - owner thread: 0x00007f0a1c077800
[0x00007f0a1c008f10] Heap_lock - owner thread: 0x00007f09b0001000

Heap
 PSYoungGen      total 186368K, used 144952K [0x00000000eb900000, 0x00000000f9b00000, 0x0000000100000000)
  eden space 158720K, 91% used [0x00000000eb900000,0x00000000f468e190,0x00000000f5400000)
  from space 27648K, 0% used [0x00000000f7380000,0x00000000f7380000,0x00000000f8e80000)
  to   space 32256K, 5% used [0x00000000f5400000,0x00000000f559c988,0x00000000f7380000)
 ParOldGen       total 291840K, used 255877K [0x00000000c2c00000, 0x00000000d4900000, 0x00000000eb900000)
  object space 291840K, 87% used [0x00000000c2c00000,0x00000000d25e1470,0x00000000d4900000)
 PSPermGen       total 23040K, used 12970K [0x00000000b8600000, 0x00000000b9c80000, 0x00000000c2c00000)
  object space 23040K, 56% used [0x00000000b8600000,0x00000000b92aaa68,0x00000000b9c80000)

Card table byte_map: [0x00007f0a20937000,0x00007f0a20b75000] byte_map_base: 0x00007f0a20374000

Polling page: 0x00007f0a24011000

Code Cache  [0x00007f0a19000000, 0x00007f0a19270000, 0x00007f0a1c000000)
 total_blobs=826 nmethods=72 adapters=707 free_code_cache=48273Kb largest_free_block=49401792

Compilation events (10 events):
Event: 3.693 Thread 0x00007f0a1c0a6000 nmethod 68 0x00007f0a190cca10 code [0x00007f0a190ccb40, 0x00007f0a190ccb98]
Event: 3.693 Thread 0x00007f0a1c0a6000   69             java.awt.ImageMediaEntry::parseflags (31 bytes)
Event: 3.693 Thread 0x00007f0a1c0a6000 nmethod 69 0x00007f0a190cc810 code [0x00007f0a190cc940, 0x00007f0a190cc9b8]
Event: 3.693 Thread 0x00007f0a1c0a6000   70             sun.awt.image.ImageWatched$WeakLink::newInfo (73 bytes)
Event: 3.712 Thread 0x00007f0a1c0a6000 nmethod 70 0x00007f0a190d6d50 code [0x00007f0a190d6ec0, 0x00007f0a190d70a8]
Event: 3.712 Thread 0x00007f0a1c0a6000   71             java.awt.ImageMediaEntry::imageUpdate (51 bytes)
Event: 3.713 Thread 0x00007f0a1c0a3800 nmethod 67 0x00007f0a190d9b90 code [0x00007f0a190d9d00, 0x00007f0a190d9f78]
Event: 3.713 Thread 0x00007f0a1c0a3800   72   !         sun.awt.image.ImageRepresentation::setPixels (535 bytes)
Event: 3.713 Thread 0x00007f0a1c0a6000 nmethod 71 0x00007f0a190ce090 code [0x00007f0a190ce1e0, 0x00007f0a190ce2a8]
Event: 3.743 Thread 0x00007f0a1c0a3800 nmethod 72 0x00007f0a190e1350 code [0x00007f0a190e1520, 0x00007f0a190e22e8]

GC Heap History (10 events):
Event: 4.528 GC heap after
Heap after GC invocations=17 (full 5):
 PSYoungGen      total 134656K, used 20167K [0x00000000eb900000, 0x00000000f6900000, 0x0000000100000000)
  eden space 113664K, 0% used [0x00000000eb900000,0x00000000eb900000,0x00000000f2800000)
  from space 20992K, 96% used [0x00000000f4000000,0x00000000f53b1fe0,0x00000000f5480000)
  to   space 24576K, 0% used [0x00000000f2800000,0x00000000f2800000,0x00000000f4000000)
 ParOldGen       total 284160K, used 254428K [0x00000000c2c00000, 0x00000000d4180000, 0x00000000eb900000)
  object space 284160K, 89% used [0x00000000c2c00000,0x00000000d2477330,0x00000000d4180000)
 PSPermGen       total 25600K, used 12948K [0x00000000b8600000, 0x00000000b9f00000, 0x00000000c2c00000)
  object space 25600K, 50% used [0x00000000b8600000,0x00000000b92a52f8,0x00000000b9f00000)
}
Event: 4.531 GC heap before
{Heap before GC invocations=18 (full 6):
 PSYoungGen      total 134656K, used 20167K [0x00000000eb900000, 0x00000000f6900000, 0x0000000100000000)
  eden space 113664K, 0% used [0x00000000eb900000,0x00000000eb900000,0x00000000f2800000)
  from space 20992K, 96% used [0x00000000f4000000,0x00000000f53b1fe0,0x00000000f5480000)
  to   space 24576K, 0% used [0x00000000f2800000,0x00000000f2800000,0x00000000f4000000)
 ParOldGen       total 284160K, used 254428K [0x00000000c2c00000, 0x00000000d4180000, 0x00000000eb900000)
  object space 284160K, 89% used [0x00000000c2c00000,0x00000000d2477330,0x00000000d4180000)
 PSPermGen       total 25600K, used 12948K [0x00000000b8600000, 0x00000000b9f00000, 0x00000000c2c00000)
  object space 25600K, 50% used [0x00000000b8600000,0x00000000b92a52f8,0x00000000b9f00000)
Event: 4.588 GC heap after
Heap after GC invocations=18 (full 6):
 PSYoungGen      total 134656K, used 0K [0x00000000eb900000, 0x00000000f6900000, 0x0000000100000000)
  eden space 113664K, 0% used [0x00000000eb900000,0x00000000eb900000,0x00000000f2800000)
  from space 20992K, 0% used [0x00000000f4000000,0x00000000f4000000,0x00000000f5480000)
  to   space 24576K, 0% used [0x00000000f2800000,0x00000000f2800000,0x00000000f4000000)
 ParOldGen       total 232960K, used 74417K [0x00000000c2c00000, 0x00000000d0f80000, 0x00000000eb900000)
  object space 232960K, 31% used [0x00000000c2c00000,0x00000000c74ac518,0x00000000d0f80000)
 PSPermGen       total 24576K, used 12948K [0x00000000b8600000, 0x00000000b9e00000, 0x00000000c2c00000)
  object space 24576K, 52% used [0x00000000b8600000,0x00000000b92a52f8,0x00000000b9e00000)
}
Event: 4.861 GC heap before
{Heap before GC invocations=19 (full 6):
 PSYoungGen      total 134656K, used 113664K [0x00000000eb900000, 0x00000000f6900000, 0x0000000100000000)
  eden space 113664K, 100% used [0x00000000eb900000,0x00000000f2800000,0x00000000f2800000)
  from space 20992K, 0% used [0x00000000f4000000,0x00000000f4000000,0x00000000f5480000)
  to   space 24576K, 0% used [0x00000000f2800000,0x00000000f2800000,0x00000000f4000000)
 ParOldGen       total 232960K, used 90979K [0x00000000c2c00000, 0x00000000d0f80000, 0x00000000eb900000)
  object space 232960K, 39% used [0x00000000c2c00000,0x00000000c84d8f08,0x00000000d0f80000)
 PSPermGen       total 24576K, used 12970K [0x00000000b8600000, 0x00000000b9e00000, 0x00000000c2c00000)
  object space 24576K, 52% used [0x00000000b8600000,0x00000000b92aaa68,0x00000000b9e00000)
Event: 4.902 GC heap after
Heap after GC invocations=19 (full 6):
 PSYoungGen      total 138240K, used 20095K [0x00000000eb900000, 0x00000000f8e80000, 0x0000000100000000)
  eden space 113664K, 0% used [0x00000000eb900000,0x00000000eb900000,0x00000000f2800000)
  from space 24576K, 81% used [0x00000000f2800000,0x00000000f3b9fd00,0x00000000f4000000)
  to   space 27648K, 0% used [0x00000000f7380000,0x00000000f7380000,0x00000000f8e80000)
 ParOldGen       total 232960K, used 123157K [0x00000000c2c00000, 0x00000000d0f80000, 0x00000000eb900000)
  object space 232960K, 52% used [0x00000000c2c00000,0x00000000ca445528,0x00000000d0f80000)
 PSPermGen       total 24576K, used 12970K [0x00000000b8600000, 0x00000000b9e00000, 0x00000000c2c00000)
  object space 24576K, 52% used [0x00000000b8600000,0x00000000b92aaa68,0x00000000b9e00000)
}
Event: 5.092 GC heap before
{Heap before GC invocations=20 (full 6):
 PSYoungGen      total 138240K, used 107447K [0x00000000eb900000, 0x00000000f8e80000, 0x0000000100000000)
  eden space 113664K, 76% used [0x00000000eb900000,0x00000000f0e4e0a8,0x00000000f2800000)
  from space 24576K, 81% used [0x00000000f2800000,0x00000000f3b9fd00,0x00000000f4000000)
  to   space 27648K, 0% used [0x00000000f7380000,0x00000000f7380000,0x00000000f8e80000)
 ParOldGen       total 232960K, used 123157K [0x00000000c2c00000, 0x00000000d0f80000, 0x00000000eb900000)
  object space 232960K, 52% used [0x00000000c2c00000,0x00000000ca445528,0x00000000d0f80000)
 PSPermGen       total 24576K, used 12970K [0x00000000b8600000, 0x00000000b9e00000, 0x00000000c2c00000)
  object space 24576K, 52% used [0x00000000b8600000,0x00000000b92aaa68,0x00000000b9e00000)
Event: 5.292 GC heap after
Heap after GC invocations=20 (full 6):
 PSYoungGen      total 186368K, used 26511K [0x00000000eb900000, 0x00000000f9b00000, 0x0000000100000000)
  eden space 158720K, 0% used [0x00000000eb900000,0x00000000eb900000,0x00000000f5400000)
  from space 27648K, 95% used [0x00000000f7380000,0x00000000f8d63ef0,0x00000000f8e80000)
  to   space 32256K, 0% used [0x00000000f5400000,0x00000000f5400000,0x00000000f7380000)
 ParOldGen       total 232960K, used 139246K [0x00000000c2c00000, 0x00000000d0f80000, 0x00000000eb900000)
  object space 232960K, 59% used [0x00000000c2c00000,0x00000000cb3fb838,0x00000000d0f80000)
 PSPermGen       total 24576K, used 12970K [0x00000000b8600000, 0x00000000b9e00000, 0x00000000c2c00000)
  object space 24576K, 52% used [0x00000000b8600000,0x00000000b92aaa68,0x00000000b9e00000)
}
Event: 5.298 GC heap before
{Heap before GC invocations=21 (full 7):
 PSYoungGen      total 186368K, used 26511K [0x00000000eb900000, 0x00000000f9b00000, 0x0000000100000000)
  eden space 158720K, 0% used [0x00000000eb900000,0x00000000eb900000,0x00000000f5400000)
  from space 27648K, 95% used [0x00000000f7380000,0x00000000f8d63ef0,0x00000000f8e80000)
  to   space 32256K, 0% used [0x00000000f5400000,0x00000000f5400000,0x00000000f7380000)
 ParOldGen       total 232960K, used 139246K [0x00000000c2c00000, 0x00000000d0f80000, 0x00000000eb900000)
  object space 232960K, 59% used [0x00000000c2c00000,0x00000000cb3fb838,0x00000000d0f80000)
 PSPermGen       total 24576K, used 12970K [0x00000000b8600000, 0x00000000b9e00000, 0x00000000c2c00000)
  object space 24576K, 52% used [0x00000000b8600000,0x00000000b92aaa68,0x00000000b9e00000)
Event: 5.339 GC heap after
Heap after GC invocations=21 (full 7):
 PSYoungGen      total 186368K, used 0K [0x00000000eb900000, 0x00000000f9b00000, 0x0000000100000000)
  eden space 158720K, 0% used [0x00000000eb900000,0x00000000eb900000,0x00000000f5400000)
  from space 27648K, 0% used [0x00000000f7380000,0x00000000f7380000,0x00000000f8e80000)
  to   space 32256K, 0% used [0x00000000f5400000,0x00000000f5400000,0x00000000f7380000)
 ParOldGen       total 212992K, used 60178K [0x00000000c2c00000, 0x00000000cfc00000, 0x00000000eb900000)
  object space 212992K, 28% used [0x00000000c2c00000,0x00000000c66c4808,0x00000000cfc00000)
 PSPermGen       total 23040K, used 12970K [0x00000000b8600000, 0x00000000b9c80000, 0x00000000c2c00000)
  object space 23040K, 56% used [0x00000000b8600000,0x00000000b92aaa68,0x00000000b9c80000)
}
Event: 5.515 GC heap before
{Heap before GC invocations=22 (full 7):
 PSYoungGen      total 186368K, used 144952K [0x00000000eb900000, 0x00000000f9b00000, 0x0000000100000000)
  eden space 158720K, 91% used [0x00000000eb900000,0x00000000f468e190,0x00000000f5400000)
  from space 27648K, 0% used [0x00000000f7380000,0x00000000f7380000,0x00000000f8e80000)
  to   space 32256K, 0% used [0x00000000f5400000,0x00000000f5400000,0x00000000f7380000)
 ParOldGen       total 212992K, used 99317K [0x00000000c2c00000, 0x00000000cfc00000, 0x00000000eb900000)
  object space 212992K, 46% used [0x00000000c2c00000,0x00000000c8cfd750,0x00000000cfc00000)
 PSPermGen       total 23040K, used 12970K [0x00000000b8600000, 0x00000000b9c80000, 0x00000000c2c00000)
  object space 23040K, 56% used [0x00000000b8600000,0x00000000b92aaa68,0x00000000b9c80000)

Deoptimization events (10 events):
Event: 2.705 Thread 0x00007f09b8003000 Uncommon trap: reason=class_check action=maybe_recompile pc=0x00007f0a190ca738 method=java.io.BufferedInputStream.read([BII)I @ 101
Event: 2.744 Thread 0x00007f09b8003000 Uncommon trap: reason=class_check action=maybe_recompile pc=0x00007f0a190bcee4 method=java.io.BufferedInputStream.fill()V @ 175
Event: 2.769 Thread 0x00007f09c0676800 Uncommon trap: reason=class_check action=maybe_recompile pc=0x00007f0a190bd0c4 method=java.io.BufferedInputStream.read1([BII)I @ 39
Event: 2.790 Thread 0x00007f09c0676800 Uncommon trap: reason=class_check action=maybe_recompile pc=0x00007f0a190bd0c4 method=java.io.BufferedInputStream.read1([BII)I @ 39
Event: 2.790 Thread 0x00007f09c0676800 Uncommon trap: reason=class_check action=maybe_recompile pc=0x00007f0a190bd0c4 method=java.io.BufferedInputStream.read1([BII)I @ 39
Event: 2.812 Thread 0x00007f09c0676800 Uncommon trap: reason=class_check action=maybe_recompile pc=0x00007f0a190bd0c4 method=java.io.BufferedInputStream.read1([BII)I @ 39
Event: 2.927 Thread 0x00007f0a1c3aa000 Uncommon trap: reason=bimorphic action=maybe_recompile pc=0x00007f0a190be928 method=java.io.BufferedInputStream.read1([BII)I @ 39
Event: 2.927 Thread 0x00007f0a1c3aa000 Uncommon trap: reason=bimorphic action=maybe_recompile pc=0x00007f0a190be928 method=java.io.BufferedInputStream.read1([BII)I @ 39
Event: 2.928 Thread 0x00007f0a1c3aa000 Uncommon trap: reason=bimorphic action=maybe_recompile pc=0x00007f0a190be928 method=java.io.BufferedInputStream.read1([BII)I @ 39
Event: 2.928 Thread 0x00007f0a1c3aa000 Uncommon trap: reason=bimorphic action=maybe_recompile pc=0x00007f0a190be928 method=java.io.BufferedInputStream.read1([BII)I @ 39

Internal exceptions (10 events):
Event: 5.079 Thread 0x00007f09c067c000 Threw 0x00000000ed1b4e90 at /build/buildd/openjdk-7-7u55-2.4.7/build/openjdk/hotspot/src/share/vm/prims/jni.cpp:717
Event: 5.079 Thread 0x00007f09c067c000 Threw 0x00000000ed1b5010 at /build/buildd/openjdk-7-7u55-2.4.7/build/openjdk/hotspot/src/share/vm/prims/jni.cpp:717
Event: 5.079 Thread 0x00007f09c0676800 Threw 0x00000000ee670630 at /build/buildd/openjdk-7-7u55-2.4.7/build/openjdk/hotspot/src/share/vm/prims/jni.cpp:717
Event: 5.079 Thread 0x00007f09c067c000 Threw 0x00000000ed1b5ee0 at /build/buildd/openjdk-7-7u55-2.4.7/build/openjdk/hotspot/src/share/vm/prims/jni.cpp:717
Event: 5.079 Thread 0x00007f09c0676800 Threw 0x00000000ee6707e0 at /build/buildd/openjdk-7-7u55-2.4.7/build/openjdk/hotspot/src/share/vm/prims/jni.cpp:717
Event: 5.079 Thread 0x00007f09c0676800 Threw 0x00000000ee670960 at /build/buildd/openjdk-7-7u55-2.4.7/build/openjdk/hotspot/src/share/vm/prims/jni.cpp:717
Event: 5.362 Thread 0x00007f09c0676800 Threw 0x00000000ee02e050 at /build/buildd/openjdk-7-7u55-2.4.7/build/openjdk/hotspot/src/share/vm/prims/jni.cpp:717
Event: 5.362 Thread 0x00007f09c0676800 Threw 0x00000000ee02e200 at /build/buildd/openjdk-7-7u55-2.4.7/build/openjdk/hotspot/src/share/vm/prims/jni.cpp:717
Event: 5.362 Thread 0x00007f09c0676800 Threw 0x00000000ee02e380 at /build/buildd/openjdk-7-7u55-2.4.7/build/openjdk/hotspot/src/share/vm/prims/jni.cpp:717
Event: 5.362 Thread 0x00007f09c0676800 Threw 0x00000000ee02f250 at /build/buildd/openjdk-7-7u55-2.4.7/build/openjdk/hotspot/src/share/vm/prims/jni.cpp:717

Events (10 events):
Event: 5.371 Executing VM operation: RevokeBias done
Event: 5.373 Executing VM operation: RevokeBias
Event: 5.373 Executing VM operation: RevokeBias done
Event: 5.373 Executing VM operation: RevokeBias
Event: 5.373 Executing VM operation: RevokeBias done
Event: 5.509 Executing VM operation: RevokeBias
Event: 5.509 Executing VM operation: RevokeBias done
Event: 5.509 Executing VM operation: ParallelGCFailedAllocation
Event: 5.509 Executing VM operation: ParallelGCFailedAllocation done
Event: 5.510 Executing VM operation: ParallelGCSystemGC


Dynamic libraries:
00400000-00401000 r-xp 00000000 fc:00 138944                             /usr/lib/jvm/java-7-openjdk-amd64/jre/bin/java
00600000-00601000 r--p 00000000 fc:00 138944                             /usr/lib/jvm/java-7-openjdk-amd64/jre/bin/java
00601000-00602000 rw-p 00001000 fc:00 138944                             /usr/lib/jvm/java-7-openjdk-amd64/jre/bin/java
01334000-01355000 rw-p 00000000 00:00 0                                  [heap]
b8600000-b9c80000 rw-p 00000000 00:00 0 
b9c80000-ba280000 ---p 00000000 00:00 0 
ba280000-c2c00000 rw-p 00000000 00:00 0 
c2c00000-d4900000 rw-p 00000000 00:00 0 
d6f80000-eb900000 rw-p 00000000 00:00 0 
eb900000-f9b00000 rw-p 00000000 00:00 0 
f9b00000-100000000 rw-p 00000000 00:00 0 
7f09a8000000-7f09a8021000 rw-p 00000000 00:00 0 
7f09a8021000-7f09ac000000 ---p 00000000 00:00 0 
7f09ac000000-7f09ac021000 rw-p 00000000 00:00 0 
7f09ac021000-7f09b0000000 ---p 00000000 00:00 0 
7f09b0000000-7f09b0021000 rw-p 00000000 00:00 0 
7f09b0021000-7f09b4000000 ---p 00000000 00:00 0 
7f09b4000000-7f09b4021000 rw-p 00000000 00:00 0 
7f09b4021000-7f09b8000000 ---p 00000000 00:00 0 
7f09b8000000-7f09b8021000 rw-p 00000000 00:00 0 
7f09b8021000-7f09bc000000 ---p 00000000 00:00 0 
7f09bd36e000-7f09bd4cc000 rw-p 00000000 00:00 0 
7f09bd4cc000-7f09bd4cf000 ---p 00000000 00:00 0 
7f09bd4cf000-7f09bd5cd000 rw-p 00000000 00:00 0                          [stack:30593]
7f09bd5cd000-7f09bd5d0000 ---p 00000000 00:00 0 
7f09bd5d0000-7f09bd6ce000 rw-p 00000000 00:00 0                          [stack:30591]
7f09bd6ce000-7f09bd6d1000 ---p 00000000 00:00 0 
7f09bd6d1000-7f09bd7cf000 rw-p 00000000 00:00 0                          [stack:30590]
7f09bd7cf000-7f09bd7d2000 ---p 00000000 00:00 0 
7f09bd7d2000-7f09bd8d0000 rw-p 00000000 00:00 0                          [stack:30587]
7f09bd8fc000-7f09bd8ff000 ---p 00000000 00:00 0 
7f09bd8ff000-7f09bd9fd000 rw-p 00000000 00:00 0                          [stack:30588]
7f09bd9fd000-7f09bda34000 r-xp 00000000 fc:00 7218134                    /usr/lib/x86_64-linux-gnu/libtxc_dxtn_s2tc.so.0.0.0
7f09bda34000-7f09bdc33000 ---p 00037000 fc:00 7218134                    /usr/lib/x86_64-linux-gnu/libtxc_dxtn_s2tc.so.0.0.0
7f09bdc33000-7f09bdc34000 r--p 00036000 fc:00 7218134                    /usr/lib/x86_64-linux-gnu/libtxc_dxtn_s2tc.so.0.0.0
7f09bdc34000-7f09bdc35000 rw-p 00037000 fc:00 7218134                    /usr/lib/x86_64-linux-gnu/libtxc_dxtn_s2tc.so.0.0.0
7f09bdc35000-7f09bdc36000 ---p 00000000 00:00 0 
7f09bdc36000-7f09be436000 rw-p 00000000 00:00 0                          [stack:30586]
7f09be436000-7f09be45b000 r-xp 00000000 fc:00 1052738                    /lib/x86_64-linux-gnu/libtinfo.so.5.9
7f09be45b000-7f09be65a000 ---p 00025000 fc:00 1052738                    /lib/x86_64-linux-gnu/libtinfo.so.5.9
7f09be65a000-7f09be65e000 r--p 00024000 fc:00 1052738                    /lib/x86_64-linux-gnu/libtinfo.so.5.9
7f09be65e000-7f09be65f000 rw-p 00028000 fc:00 1052738                    /lib/x86_64-linux-gnu/libtinfo.so.5.9
7f09be65f000-7f09bfe5d000 r-xp 00000000 fc:00 7217058                    /usr/lib/x86_64-linux-gnu/libLLVM-3.4.so.1
7f09bfe5d000-7f09bffeb000 r--p 017fd000 fc:00 7217058                    /usr/lib/x86_64-linux-gnu/libLLVM-3.4.so.1
7f09bffeb000-7f09bffed000 rw-p 0198b000 fc:00 7217058                    /usr/lib/x86_64-linux-gnu/libLLVM-3.4.so.1
7f09bffed000-7f09c0000000 rw-p 00000000 00:00 0 
7f09c0000000-7f09c08b9000 rw-p 00000000 00:00 0 
7f09c08b9000-7f09c4000000 ---p 00000000 00:00 0 
7f09c4000000-7f09c4021000 rw-p 00000000 00:00 0 
7f09c4021000-7f09c8000000 ---p 00000000 00:00 0 
7f09c8000000-7f09c8029000 rw-p 00000000 00:00 0 
7f09c8029000-7f09cc000000 ---p 00000000 00:00 0 
7f09cc000000-7f09cc021000 rw-p 00000000 00:00 0 
7f09cc021000-7f09d0000000 ---p 00000000 00:00 0 
7f09d0000000-7f09d0021000 rw-p 00000000 00:00 0 
7f09d0021000-7f09d4000000 ---p 00000000 00:00 0 
7f09d40e0000-7f09d41e0000 rw-s 138397000 00:05 1635                      /dev/dri/card0
7f09d41e0000-7f09d41ec000 r-xp 00000000 fc:00 7217434                    /usr/lib/x86_64-linux-gnu/libdrm_radeon.so.1.0.1
7f09d41ec000-7f09d43eb000 ---p 0000c000 fc:00 7217434                    /usr/lib/x86_64-linux-gnu/libdrm_radeon.so.1.0.1
7f09d43eb000-7f09d43ec000 r--p 0000b000 fc:00 7217434                    /usr/lib/x86_64-linux-gnu/libdrm_radeon.so.1.0.1
7f09d43ec000-7f09d43ed000 rw-p 0000c000 fc:00 7217434                    /usr/lib/x86_64-linux-gnu/libdrm_radeon.so.1.0.1
7f09d43ed000-7f09d4402000 r-xp 00000000 fc:00 7217439                    /usr/lib/x86_64-linux-gnu/libelf-0.158.so
7f09d4402000-7f09d4601000 ---p 00015000 fc:00 7217439                    /usr/lib/x86_64-linux-gnu/libelf-0.158.so
7f09d4601000-7f09d4602000 r--p 00014000 fc:00 7217439                    /usr/lib/x86_64-linux-gnu/libelf-0.158.so
7f09d4602000-7f09d4603000 rw-p 00015000 fc:00 7217439                    /usr/lib/x86_64-linux-gnu/libelf-0.158.so
7f09d4603000-7f09d47ec000 r-xp 00000000 fc:00 7217517                    /usr/lib/x86_64-linux-gnu/libgallium.so.0.0.0
7f09d47ec000-7f09d49ec000 ---p 001e9000 fc:00 7217517                    /usr/lib/x86_64-linux-gnu/libgallium.so.0.0.0
7f09d49ec000-7f09d49fc000 r--p 001e9000 fc:00 7217517                    /usr/lib/x86_64-linux-gnu/libgallium.so.0.0.0
7f09d49fc000-7f09d49fe000 rw-p 001f9000 fc:00 7217517                    /usr/lib/x86_64-linux-gnu/libgallium.so.0.0.0
7f09d49fe000-7f09d4bc6000 rw-p 00000000 00:00 0 
7f09d4bc6000-7f09d4f5f000 r-xp 00000000 fc:00 2316                       /usr/lib/x86_64-linux-gnu/dri/r600_dri.so
7f09d4f5f000-7f09d515e000 ---p 00399000 fc:00 2316                       /usr/lib/x86_64-linux-gnu/dri/r600_dri.so
7f09d515e000-7f09d519c000 r--p 00398000 fc:00 2316                       /usr/lib/x86_64-linux-gnu/dri/r600_dri.so
7f09d519c000-7f09d51a7000 rw-p 003d6000 fc:00 2316                       /usr/lib/x86_64-linux-gnu/dri/r600_dri.so
7f09d51a7000-7f09d51c3000 rw-p 00000000 00:00 0 
7f09d51c3000-7f09d51cb000 r-xp 00000000 fc:00 1052654                    /lib/x86_64-linux-gnu/libnih-dbus.so.1.0.0
7f09d51cb000-7f09d53cb000 ---p 00008000 fc:00 1052654                    /lib/x86_64-linux-gnu/libnih-dbus.so.1.0.0
7f09d53cb000-7f09d53cc000 r--p 00008000 fc:00 1052654                    /lib/x86_64-linux-gnu/libnih-dbus.so.1.0.0
7f09d53cc000-7f09d53cd000 rw-p 00009000 fc:00 1052654                    /lib/x86_64-linux-gnu/libnih-dbus.so.1.0.0
7f09d53cd000-7f09d53e4000 r-xp 00000000 fc:00 1052656                    /lib/x86_64-linux-gnu/libnih.so.1.0.0
7f09d53e4000-7f09d55e3000 ---p 00017000 fc:00 1052656                    /lib/x86_64-linux-gnu/libnih.so.1.0.0
7f09d55e3000-7f09d55e4000 r--p 00016000 fc:00 1052656                    /lib/x86_64-linux-gnu/libnih.so.1.0.0
7f09d55e4000-7f09d55e5000 rw-p 00017000 fc:00 1052656                    /lib/x86_64-linux-gnu/libnih.so.1.0.0
7f09d55e5000-7f09d55fe000 r-xp 00000000 fc:00 1052597                    /lib/x86_64-linux-gnu/libcgmanager.so.0.0.0
7f09d55fe000-7f09d57fd000 ---p 00019000 fc:00 1052597                    /lib/x86_64-linux-gnu/libcgmanager.so.0.0.0
7f09d57fd000-7f09d57ff000 r--p 00018000 fc:00 1052597                    /lib/x86_64-linux-gnu/libcgmanager.so.0.0.0
7f09d57ff000-7f09d5800000 rw-p 0001a000 fc:00 1052597                    /lib/x86_64-linux-gnu/libcgmanager.so.0.0.0
7f09d5800000-7f09d5810000 r-xp 00000000 fc:00 1052529                    /lib/x86_64-linux-gnu/libudev.so.1.3.5
7f09d5810000-7f09d5a0f000 ---p 00010000 fc:00 1052529                    /lib/x86_64-linux-gnu/libudev.so.1.3.5
7f09d5a0f000-7f09d5a10000 r--p 0000f000 fc:00 1052529                    /lib/x86_64-linux-gnu/libudev.so.1.3.5
7f09d5a10000-7f09d5a11000 rw-p 00010000 fc:00 1052529                    /lib/x86_64-linux-gnu/libudev.so.1.3.5
7f09d5a11000-7f09d5a13000 r-xp 00000000 fc:00 5640065                    /home/doctea/vurf-eclipse/lib/base/opengl/libjogl_awt.so
7f09d5a13000-7f09d5b12000 ---p 00002000 fc:00 5640065                    /home/doctea/vurf-eclipse/lib/base/opengl/libjogl_awt.so
7f09d5b12000-7f09d5b13000 rw-p 00001000 fc:00 5640065                    /home/doctea/vurf-eclipse/lib/base/opengl/libjogl_awt.so
7f09d5b13000-7f09d5b14000 r-xp 00000000 fc:00 139018                     /usr/lib/jvm/java-7-openjdk-amd64/jre/lib/amd64/libjawt.so
7f09d5b14000-7f09d5d13000 ---p 00001000 fc:00 139018                     /usr/lib/jvm/java-7-openjdk-amd64/jre/lib/amd64/libjawt.so
7f09d5d13000-7f09d5d14000 r--p 00000000 fc:00 139018                     /usr/lib/jvm/java-7-openjdk-amd64/jre/lib/amd64/libjawt.so
7f09d5d14000-7f09d5d15000 rw-p 00001000 fc:00 139018                     /usr/lib/jvm/java-7-openjdk-amd64/jre/lib/amd64/libjawt.so
7f09d5d15000-7f09d5e04000 r-xp 00000000 fc:00 5640057                    /home/doctea/vurf-eclipse/lib/base/opengl/libjogl.so
7f09d5e04000-7f09d5f04000 ---p 000ef000 fc:00 5640057                    /home/doctea/vurf-eclipse/lib/base/opengl/libjogl.so
7f09d5f04000-7f09d5f05000 rw-p 000ef000 fc:00 5640057                    /home/doctea/vurf-eclipse/lib/base/opengl/libjogl.so
7f09d5f05000-7f09d5f10000 r-xp 00000000 fc:00 7217428                    /usr/lib/x86_64-linux-gnu/libdrm.so.2.4.0
7f09d5f10000-7f09d610f000 ---p 0000b000 fc:00 7217428                    /usr/lib/x86_64-linux-gnu/libdrm.so.2.4.0
7f09d610f000-7f09d6110000 r--p 0000a000 fc:00 7217428                    /usr/lib/x86_64-linux-gnu/libdrm.so.2.4.0
7f09d6110000-7f09d6111000 rw-p 0000b000 fc:00 7217428                    /usr/lib/x86_64-linux-gnu/libdrm.so.2.4.0
7f09d6111000-7f09d6115000 r-xp 00000000 fc:00 7217237                    /usr/lib/x86_64-linux-gnu/libXxf86vm.so.1.0.0
7f09d6115000-7f09d6315000 ---p 00004000 fc:00 7217237                    /usr/lib/x86_64-linux-gnu/libXxf86vm.so.1.0.0
7f09d6315000-7f09d6316000 r--p 00004000 fc:00 7217237                    /usr/lib/x86_64-linux-gnu/libXxf86vm.so.1.0.0
7f09d6316000-7f09d6317000 rw-p 00005000 fc:00 7217237                    /usr/lib/x86_64-linux-gnu/libXxf86vm.so.1.0.0
7f09d6317000-7f09d6318000 r-xp 00000000 fc:00 7218266                    /usr/lib/x86_64-linux-gnu/libxshmfence.so.1.0.0
7f09d6318000-7f09d6517000 ---p 00001000 fc:00 7218266                    /usr/lib/x86_64-linux-gnu/libxshmfence.so.1.0.0
7f09d6517000-7f09d6518000 r--p 00000000 fc:00 7218266                    /usr/lib/x86_64-linux-gnu/libxshmfence.so.1.0.0
7f09d6518000-7f09d6519000 rw-p 00001000 fc:00 7218266                    /usr/lib/x86_64-linux-gnu/libxshmfence.so.1.0.0
7f09d6519000-7f09d651e000 r-xp 00000000 fc:00 7218248                    /usr/lib/x86_64-linux-gnu/libxcb-sync.so.1.0.0
7f09d651e000-7f09d671d000 ---p 00005000 fc:00 7218248                    /usr/lib/x86_64-linux-gnu/libxcb-sync.so.1.0.0
7f09d671d000-7f09d671e000 r--p 00004000 fc:00 7218248                    /usr/lib/x86_64-linux-gnu/libxcb-sync.so.1.0.0
7f09d671e000-7f09d671f000 rw-p 00005000 fc:00 7218248                    /usr/lib/x86_64-linux-gnu/libxcb-sync.so.1.0.0
7f09d671f000-7f09d6721000 r-xp 00000000 fc:00 7218236                    /usr/lib/x86_64-linux-gnu/libxcb-present.so.0.0.0
7f09d6721000-7f09d6920000 ---p 00002000 fc:00 7218236                    /usr/lib/x86_64-linux-gnu/libxcb-present.so.0.0.0
7f09d6920000-7f09d6921000 r--p 00001000 fc:00 7218236                    /usr/lib/x86_64-linux-gnu/libxcb-present.so.0.0.0
7f09d6921000-7f09d6922000 rw-p 00002000 fc:00 7218236                    /usr/lib/x86_64-linux-gnu/libxcb-present.so.0.0.0
7f09d6922000-7f09d6924000 r-xp 00000000 fc:00 7218226                    /usr/lib/x86_64-linux-gnu/libxcb-dri3.so.0.0.0
7f09d6924000-7f09d6b23000 ---p 00002000 fc:00 7218226                    /usr/lib/x86_64-linux-gnu/libxcb-dri3.so.0.0.0
7f09d6b23000-7f09d6b24000 r--p 00001000 fc:00 7218226                    /usr/lib/x86_64-linux-gnu/libxcb-dri3.so.0.0.0
7f09d6b24000-7f09d6b25000 rw-p 00002000 fc:00 7218226                    /usr/lib/x86_64-linux-gnu/libxcb-dri3.so.0.0.0
7f09d6b25000-7f09d6b28000 r-xp 00000000 fc:00 7218224                    /usr/lib/x86_64-linux-gnu/libxcb-dri2.so.0.0.0
7f09d6b28000-7f09d6d28000 ---p 00003000 fc:00 7218224                    /usr/lib/x86_64-linux-gnu/libxcb-dri2.so.0.0.0
7f09d6d28000-7f09d6d29000 r--p 00003000 fc:00 7218224                    /usr/lib/x86_64-linux-gnu/libxcb-dri2.so.0.0.0
7f09d6d29000-7f09d6d2a000 rw-p 00004000 fc:00 7218224                    /usr/lib/x86_64-linux-gnu/libxcb-dri2.so.0.0.0
7f09d6d2a000-7f09d6d3f000 r-xp 00000000 fc:00 7218228                    /usr/lib/x86_64-linux-gnu/libxcb-glx.so.0.0.0
7f09d6d3f000-7f09d6f3e000 ---p 00015000 fc:00 7218228                    /usr/lib/x86_64-linux-gnu/libxcb-glx.so.0.0.0
7f09d6f3e000-7f09d6f40000 r--p 00014000 fc:00 7218228                    /usr/lib/x86_64-linux-gnu/libxcb-glx.so.0.0.0
7f09d6f40000-7f09d6f41000 rw-p 00016000 fc:00 7218228                    /usr/lib/x86_64-linux-gnu/libxcb-glx.so.0.0.0
7f09d6f41000-7f09d6f42000 r-xp 00000000 fc:00 7217180                    /usr/lib/x86_64-linux-gnu/libX11-xcb.so.1.0.0
7f09d6f42000-7f09d7141000 ---p 00001000 fc:00 7217180                    /usr/lib/x86_64-linux-gnu/libX11-xcb.so.1.0.0
7f09d7141000-7f09d7142000 r--p 00000000 fc:00 7217180                    /usr/lib/x86_64-linux-gnu/libX11-xcb.so.1.0.0
7f09d7142000-7f09d7143000 rw-p 00001000 fc:00 7217180                    /usr/lib/x86_64-linux-gnu/libX11-xcb.so.1.0.0
7f09d7143000-7f09d7165000 r-xp 00000000 fc:00 7217573                    /usr/lib/x86_64-linux-gnu/libglapi.so.0.0.0
7f09d7165000-7f09d7365000 ---p 00022000 fc:00 7217573                    /usr/lib/x86_64-linux-gnu/libglapi.so.0.0.0
7f09d7365000-7f09d7368000 r--p 00022000 fc:00 7217573                    /usr/lib/x86_64-linux-gnu/libglapi.so.0.0.0
7f09d7368000-7f09d7369000 rw-p 00025000 fc:00 7217573                    /usr/lib/x86_64-linux-gnu/libglapi.so.0.0.0
7f09d7369000-7f09d736a000 rw-p 00000000 00:00 0 
7f09d736a000-7f09d73cc000 r-xp 00000000 fc:00 131891                     /usr/lib/x86_64-linux-gnu/mesa/libGL.so.1.2.0
7f09d73cc000-7f09d75cb000 ---p 00062000 fc:00 131891                     /usr/lib/x86_64-linux-gnu/mesa/libGL.so.1.2.0
7f09d75cb000-7f09d75ce000 r--p 00061000 fc:00 131891                     /usr/lib/x86_64-linux-gnu/mesa/libGL.so.1.2.0
7f09d75ce000-7f09d75cf000 rw-p 00064000 fc:00 131891                     /usr/lib/x86_64-linux-gnu/mesa/libGL.so.1.2.0
7f09d75cf000-7f09d75d0000 rw-p 00000000 00:00 0 
7f09d75d0000-7f09d75d1000 r-xp 00000000 fc:00 5640038                    /home/doctea/vurf-eclipse/lib/base/opengl/libgluegen-rt.so
7f09d75d1000-7f09d76d0000 ---p 00001000 fc:00 5640038                    /home/doctea/vurf-eclipse/lib/base/opengl/libgluegen-rt.so
7f09d76d0000-7f09d76d1000 rw-p 00000000 fc:00 5640038                    /home/doctea/vurf-eclipse/lib/base/opengl/libgluegen-rt.so
7f09d76d1000-7f09d76d4000 ---p 00000000 00:00 0 
7f09d76d4000-7f09d77d2000 rw-p 00000000 00:00 0                          [stack:30585]
7f09d77d2000-7f09d77d5000 ---p 00000000 00:00 0 
7f09d77d5000-7f09d78d3000 rw-p 00000000 00:00 0                          [stack:30589]
7f09d78d3000-7f09d78d6000 ---p 00000000 00:00 0 
7f09d78d6000-7f09d79d4000 rw-p 00000000 00:00 0                          [stack:30583]
7f09d79d4000-7f09d79d7000 ---p 00000000 00:00 0 
7f09d79d7000-7f09d7ad5000 rw-p 00000000 00:00 0                          [stack:30582]
7f09d7ad5000-7f09d7aeb000 r-xp 00000000 fc:00 139005                     /usr/lib/jvm/java-7-openjdk-amd64/jre/lib/amd64/libnet.so
7f09d7aeb000-7f09d7ceb000 ---p 00016000 fc:00 139005                     /usr/lib/jvm/java-7-openjdk-amd64/jre/lib/amd64/libnet.so
7f09d7ceb000-7f09d7cec000 r--p 00016000 fc:00 139005                     /usr/lib/jvm/java-7-openjdk-amd64/jre/lib/amd64/libnet.so
7f09d7cec000-7f09d7ced000 rw-p 00017000 fc:00 139005                     /usr/lib/jvm/java-7-openjdk-amd64/jre/lib/amd64/libnet.so
7f09d7ced000-7f09d7cfd000 r-xp 00000000 fc:00 139014                     /usr/lib/jvm/java-7-openjdk-amd64/jre/lib/amd64/libnio.so
7f09d7cfd000-7f09d7efd000 ---p 00010000 fc:00 139014                     /usr/lib/jvm/java-7-openjdk-amd64/jre/lib/amd64/libnio.so
7f09d7efd000-7f09d7efe000 r--p 00010000 fc:00 139014                     /usr/lib/jvm/java-7-openjdk-amd64/jre/lib/amd64/libnio.so
7f09d7efe000-7f09d7eff000 rw-p 00011000 fc:00 139014                     /usr/lib/jvm/java-7-openjdk-amd64/jre/lib/amd64/libnio.so
7f09d7eff000-7f09d7f02000 ---p 00000000 00:00 0 
7f09d7f02000-7f09d8000000 rw-p 00000000 00:00 0                          [stack:30581]
7f09d8000000-7f09d8021000 rw-p 00000000 00:00 0 
7f09d8021000-7f09dc000000 ---p 00000000 00:00 0 
7f09dc000000-7f09dc021000 rw-p 00000000 00:00 0 
7f09dc021000-7f09e0000000 ---p 00000000 00:00 0 
7f09e001f000-7f09e0023000 r-xp 00000000 fc:00 1052625                    /lib/x86_64-linux-gnu/libgpg-error.so.0.10.0
7f09e0023000-7f09e0222000 ---p 00004000 fc:00 1052625                    /lib/x86_64-linux-gnu/libgpg-error.so.0.10.0
7f09e0222000-7f09e0223000 r--p 00003000 fc:00 1052625                    /lib/x86_64-linux-gnu/libgpg-error.so.0.10.0
7f09e0223000-7f09e0224000 rw-p 00004000 fc:00 1052625                    /lib/x86_64-linux-gnu/libgpg-error.so.0.10.0
7f09e0224000-7f09e0226000 r-xp 00000000 fc:00 1052635                    /lib/x86_64-linux-gnu/libkeyutils.so.1.4
7f09e0226000-7f09e0426000 ---p 00002000 fc:00 1052635                    /lib/x86_64-linux-gnu/libkeyutils.so.1.4
7f09e0426000-7f09e0427000 r--p 00002000 fc:00 1052635                    /lib/x86_64-linux-gnu/libkeyutils.so.1.4
7f09e0427000-7f09e0428000 rw-p 00003000 fc:00 1052635                    /lib/x86_64-linux-gnu/libkeyutils.so.1.4
7f09e0428000-7f09e0442000 r-xp 00000000 fc:00 7217615                    /usr/lib/x86_64-linux-gnu/libgraphite2.so.3.0.1
7f09e0442000-7f09e0641000 ---p 0001a000 fc:00 7217615                    /usr/lib/x86_64-linux-gnu/libgraphite2.so.3.0.1
7f09e0641000-7f09e0643000 r--p 00019000 fc:00 7217615                    /usr/lib/x86_64-linux-gnu/libgraphite2.so.3.0.1
7f09e0643000-7f09e0644000 rw-p 0001b000 fc:00 7217615                    /usr/lib/x86_64-linux-gnu/libgraphite2.so.3.0.1
7f09e0644000-7f09e0688000 r-xp 00000000 fc:00 1052606                    /lib/x86_64-linux-gnu/libdbus-1.so.3.7.6
7f09e0688000-7f09e0887000 ---p 00044000 fc:00 1052606                    /lib/x86_64-linux-gnu/libdbus-1.so.3.7.6
7f09e0887000-7f09e0888000 r--p 00043000 fc:00 1052606                    /lib/x86_64-linux-gnu/libdbus-1.so.3.7.6
7f09e0888000-7f09e0889000 rw-p 00044000 fc:00 1052606                    /lib/x86_64-linux-gnu/libdbus-1.so.3.7.6
7f09e0889000-7f09e08c4000 r-xp 00000000 fc:00 7217913                    /usr/lib/x86_64-linux-gnu/libp11-kit.so.0.0.0
7f09e08c4000-7f09e0ac3000 ---p 0003b000 fc:00 7217913                    /usr/lib/x86_64-linux-gnu/libp11-kit.so.0.0.0
7f09e0ac3000-7f09e0ac9000 r--p 0003a000 fc:00 7217913                    /usr/lib/x86_64-linux-gnu/libp11-kit.so.0.0.0
7f09e0ac9000-7f09e0acb000 rw-p 00040000 fc:00 7217913                    /usr/lib/x86_64-linux-gnu/libp11-kit.so.0.0.0
7f09e0acb000-7f09e0add000 r-xp 00000000 fc:00 7218098                    /usr/lib/x86_64-linux-gnu/libtasn1.so.6.2.0
7f09e0add000-7f09e0cdd000 ---p 00012000 fc:00 7218098                    /usr/lib/x86_64-linux-gnu/libtasn1.so.6.2.0
7f09e0cdd000-7f09e0cde000 r--p 00012000 fc:00 7218098                    /usr/lib/x86_64-linux-gnu/libtasn1.so.6.2.0
7f09e0cde000-7f09e0cdf000 rw-p 00013000 fc:00 7218098                    /usr/lib/x86_64-linux-gnu/libtasn1.so.6.2.0
7f09e0cdf000-7f09e0d5a000 r-xp 00000000 fc:00 1052621                    /lib/x86_64-linux-gnu/libgcrypt.so.11.8.2
7f09e0d5a000-7f09e0f5a000 ---p 0007b000 fc:00 1052621                    /lib/x86_64-linux-gnu/libgcrypt.so.11.8.2
7f09e0f5a000-7f09e0f5b000 r--p 0007b000 fc:00 1052621                    /lib/x86_64-linux-gnu/libgcrypt.so.11.8.2
7f09e0f5b000-7f09e0f5e000 rw-p 0007c000 fc:00 1052621                    /lib/x86_64-linux-gnu/libgcrypt.so.11.8.2
7f09e0f5e000-7f09e0f68000 r-xp 00000000 fc:00 7217793                    /usr/lib/x86_64-linux-gnu/libkrb5support.so.0.1
7f09e0f68000-7f09e1167000 ---p 0000a000 fc:00 7217793                    /usr/lib/x86_64-linux-gnu/libkrb5support.so.0.1
7f09e1167000-7f09e1168000 r--p 00009000 fc:00 7217793                    /usr/lib/x86_64-linux-gnu/libkrb5support.so.0.1
7f09e1168000-7f09e1169000 rw-p 0000a000 fc:00 7217793                    /usr/lib/x86_64-linux-gnu/libkrb5support.so.0.1
7f09e1169000-7f09e116c000 r-xp 00000000 fc:00 1052601                    /lib/x86_64-linux-gnu/libcom_err.so.2.1
7f09e116c000-7f09e136b000 ---p 00003000 fc:00 1052601                    /lib/x86_64-linux-gnu/libcom_err.so.2.1
7f09e136b000-7f09e136c000 r--p 00002000 fc:00 1052601                    /lib/x86_64-linux-gnu/libcom_err.so.2.1
7f09e136c000-7f09e136d000 rw-p 00003000 fc:00 1052601                    /lib/x86_64-linux-gnu/libcom_err.so.2.1
7f09e136d000-7f09e1399000 r-xp 00000000 fc:00 7219800                    /usr/lib/x86_64-linux-gnu/libk5crypto.so.3.1
7f09e1399000-7f09e1598000 ---p 0002c000 fc:00 7219800                    /usr/lib/x86_64-linux-gnu/libk5crypto.so.3.1
7f09e1598000-7f09e159a000 r--p 0002b000 fc:00 7219800                    /usr/lib/x86_64-linux-gnu/libk5crypto.so.3.1
7f09e159a000-7f09e159b000 rw-p 0002d000 fc:00 7219800                    /usr/lib/x86_64-linux-gnu/libk5crypto.so.3.1
7f09e159b000-7f09e159c000 rw-p 00000000 00:00 0 
7f09e159c000-7f09e1658000 r-xp 00000000 fc:00 7217623                    /usr/lib/x86_64-linux-gnu/libkrb5.so.3.3
7f09e1658000-7f09e1858000 ---p 000bc000 fc:00 7217623                    /usr/lib/x86_64-linux-gnu/libkrb5.so.3.3
7f09e1858000-7f09e1865000 r--p 000bc000 fc:00 7217623                    /usr/lib/x86_64-linux-gnu/libkrb5.so.3.3
7f09e1865000-7f09e1867000 rw-p 000c9000 fc:00 7217623                    /usr/lib/x86_64-linux-gnu/libkrb5.so.3.3
7f09e1867000-7f09e186d000 r-xp 00000000 fc:00 7217389                    /usr/lib/x86_64-linux-gnu/libdatrie.so.1.3.1
7f09e186d000-7f09e1a6c000 ---p 00006000 fc:00 7217389                    /usr/lib/x86_64-linux-gnu/libdatrie.so.1.3.1
7f09e1a6c000-7f09e1a6d000 r--p 00005000 fc:00 7217389                    /usr/lib/x86_64-linux-gnu/libdatrie.so.1.3.1
7f09e1a6d000-7f09e1a6e000 rw-p 00006000 fc:00 7217389                    /usr/lib/x86_64-linux-gnu/libdatrie.so.1.3.1
7f09e1a6e000-7f09e1ac1000 r-xp 00000000 fc:00 7217728                    /usr/lib/x86_64-linux-gnu/libharfbuzz.so.0.927.0
7f09e1ac1000-7f09e1cc1000 ---p 00053000 fc:00 7217728                    /usr/lib/x86_64-linux-gnu/libharfbuzz.so.0.927.0
7f09e1cc1000-7f09e1cc2000 r--p 00053000 fc:00 7217728                    /usr/lib/x86_64-linux-gnu/libharfbuzz.so.0.927.0
7f09e1cc2000-7f09e1cc3000 rw-p 00054000 fc:00 7217728                    /usr/lib/x86_64-linux-gnu/libharfbuzz.so.0.927.0
7f09e1cc3000-7f09e1ccb000 r-xp 00000000 fc:00 7218242                    /usr/lib/x86_64-linux-gnu/libxcb-render.so.0.0.0
7f09e1ccb000-7f09e1eca000 ---p 00008000 fc:00 7218242                    /usr/lib/x86_64-linux-gnu/libxcb-render.so.0.0.0
7f09e1eca000-7f09e1ecb000 r--p 00007000 fc:00 7218242                    /usr/lib/x86_64-linux-gnu/libxcb-render.so.0.0.0
7f09e1ecb000-7f09e1ecc000 rw-p 00008000 fc:00 7218242                    /usr/lib/x86_64-linux-gnu/libxcb-render.so.0.0.0
7f09e1ecc000-7f09e1ece000 r-xp 00000000 fc:00 7218246                    /usr/lib/x86_64-linux-gnu/libxcb-shm.so.0.0.0
7f09e1ece000-7f09e20cd000 ---p 00002000 fc:00 7218246                    /usr/lib/x86_64-linux-gnu/libxcb-shm.so.0.0.0
7f09e20cd000-7f09e20ce000 r--p 00001000 fc:00 7218246                    /usr/lib/x86_64-linux-gnu/libxcb-shm.so.0.0.0
7f09e20ce000-7f09e20cf000 rw-p 00002000 fc:00 7218246                    /usr/lib/x86_64-linux-gnu/libxcb-shm.so.0.0.0
7f09e20cf000-7f09e20f4000 r-xp 00000000 fc:00 1052707                    /lib/x86_64-linux-gnu/libpng12.so.0.50.0
7f09e20f4000-7f09e22f3000 ---p 00025000 fc:00 1052707                    /lib/x86_64-linux-gnu/libpng12.so.0.50.0
7f09e22f3000-7f09e22f4000 r--p 00024000 fc:00 1052707                    /lib/x86_64-linux-gnu/libpng12.so.0.50.0
7f09e22f4000-7f09e22f5000 rw-p 00025000 fc:00 1052707                    /lib/x86_64-linux-gnu/libpng12.so.0.50.0
7f09e22f5000-7f09e2396000 r-xp 00000000 fc:00 7217944                    /usr/lib/x86_64-linux-gnu/libpixman-1.so.0.30.2
7f09e2396000-7f09e2596000 ---p 000a1000 fc:00 7217944                    /usr/lib/x86_64-linux-gnu/libpixman-1.so.0.30.2
7f09e2596000-7f09e259d000 r--p 000a1000 fc:00 7217944                    /usr/lib/x86_64-linux-gnu/libpixman-1.so.0.30.2
7f09e259d000-7f09e259e000 rw-p 000a8000 fc:00 7217944                    /usr/lib/x86_64-linux-gnu/libpixman-1.so.0.30.2
7f09e259e000-7f09e25a3000 r-xp 00000000 fc:00 7217197                    /usr/lib/x86_64-linux-gnu/libXdmcp.so.6.0.0
7f09e25a3000-7f09e27a2000 ---p 00005000 fc:00 7217197                    /usr/lib/x86_64-linux-gnu/libXdmcp.so.6.0.0
7f09e27a2000-7f09e27a3000 r--p 00004000 fc:00 7217197                    /usr/lib/x86_64-linux-gnu/libXdmcp.so.6.0.0
7f09e27a3000-7f09e27a4000 rw-p 00005000 fc:00 7217197                    /usr/lib/x86_64-linux-gnu/libXdmcp.so.6.0.0
7f09e27a4000-7f09e27a6000 r-xp 00000000 fc:00 7217186                    /usr/lib/x86_64-linux-gnu/libXau.so.6.0.0
7f09e27a6000-7f09e29a6000 ---p 00002000 fc:00 7217186                    /usr/lib/x86_64-linux-gnu/libXau.so.6.0.0
7f09e29a6000-7f09e29a7000 r--p 00002000 fc:00 7217186                    /usr/lib/x86_64-linux-gnu/libXau.so.6.0.0
7f09e29a7000-7f09e29a8000 rw-p 00003000 fc:00 7217186                    /usr/lib/x86_64-linux-gnu/libXau.so.6.0.0
7f09e29a8000-7f09e29b7000 r-xp 00000000 fc:00 7217290                    /usr/lib/x86_64-linux-gnu/libavahi-client.so.3.2.9
7f09e29b7000-7f09e2bb7000 ---p 0000f000 fc:00 7217290                    /usr/lib/x86_64-linux-gnu/libavahi-client.so.3.2.9
7f09e2bb7000-7f09e2bb8000 r--p 0000f000 fc:00 7217290                    /usr/lib/x86_64-linux-gnu/libavahi-client.so.3.2.9
7f09e2bb8000-7f09e2bb9000 rw-p 00010000 fc:00 7217290                    /usr/lib/x86_64-linux-gnu/libavahi-client.so.3.2.9
7f09e2bb9000-7f09e2bc4000 r-xp 00000000 fc:00 7217292                    /usr/lib/x86_64-linux-gnu/libavahi-common.so.3.5.3
7f09e2bc4000-7f09e2dc3000 ---p 0000b000 fc:00 7217292                    /usr/lib/x86_64-linux-gnu/libavahi-common.so.3.5.3
7f09e2dc3000-7f09e2dc4000 r--p 0000a000 fc:00 7217292                    /usr/lib/x86_64-linux-gnu/libavahi-common.so.3.5.3
7f09e2dc4000-7f09e2dc5000 rw-p 0000b000 fc:00 7217292                    /usr/lib/x86_64-linux-gnu/libavahi-common.so.3.5.3
7f09e2dc5000-7f09e2e7b000 r-xp 00000000 fc:00 7217593                    /usr/lib/x86_64-linux-gnu/libgnutls.so.26.22.6
7f09e2e7b000-7f09e307b000 ---p 000b6000 fc:00 7217593                    /usr/lib/x86_64-linux-gnu/libgnutls.so.26.22.6
7f09e307b000-7f09e3081000 r--p 000b6000 fc:00 7217593                    /usr/lib/x86_64-linux-gnu/libgnutls.so.26.22.6
7f09e3081000-7f09e3082000 rw-p 000bc000 fc:00 7217593                    /usr/lib/x86_64-linux-gnu/libgnutls.so.26.22.6
7f09e3082000-7f09e3083000 rw-p 00000000 00:00 0 
7f09e3083000-7f09e30c6000 r-xp 00000000 fc:00 7217789                    /usr/lib/x86_64-linux-gnu/libgssapi_krb5.so.2.2
7f09e30c6000-7f09e32c6000 ---p 00043000 fc:00 7217789                    /usr/lib/x86_64-linux-gnu/libgssapi_krb5.so.2.2
7f09e32c6000-7f09e32c7000 r--p 00043000 fc:00 7217789                    /usr/lib/x86_64-linux-gnu/libgssapi_krb5.so.2.2
7f09e32c7000-7f09e32c9000 rw-p 00044000 fc:00 7217789                    /usr/lib/x86_64-linux-gnu/libgssapi_krb5.so.2.2
7f09e32c9000-7f09e3306000 r-xp 00000000 fc:00 1052695                    /lib/x86_64-linux-gnu/libpcre.so.3.13.1
7f09e3306000-7f09e3505000 ---p 0003d000 fc:00 1052695                    /lib/x86_64-linux-gnu/libpcre.so.3.13.1
7f09e3505000-7f09e3506000 r--p 0003c000 fc:00 1052695                    /lib/x86_64-linux-gnu/libpcre.so.3.13.1
7f09e3506000-7f09e3507000 rw-p 0003d000 fc:00 1052695                    /lib/x86_64-linux-gnu/libpcre.so.3.13.1
7f09e3507000-7f09e350e000 r-xp 00000000 fc:00 7217464                    /usr/lib/x86_64-linux-gnu/libffi.so.6.0.1
7f09e350e000-7f09e370d000 ---p 00007000 fc:00 7217464                    /usr/lib/x86_64-linux-gnu/libffi.so.6.0.1
7f09e370d000-7f09e370e000 r--p 00006000 fc:00 7217464                    /usr/lib/x86_64-linux-gnu/libffi.so.6.0.1
7f09e370e000-7f09e370f000 rw-p 00007000 fc:00 7217464                    /usr/lib/x86_64-linux-gnu/libffi.so.6.0.1
7f09e370f000-7f09e3736000 r-xp 00000000 fc:00 1052614                    /lib/x86_64-linux-gnu/libexpat.so.1.6.0
7f09e3736000-7f09e3936000 ---p 00027000 fc:00 1052614                    /lib/x86_64-linux-gnu/libexpat.so.1.6.0
7f09e3936000-7f09e3938000 r--p 00027000 fc:00 1052614                    /lib/x86_64-linux-gnu/libexpat.so.1.6.0
7f09e3938000-7f09e3939000 rw-p 00029000 fc:00 1052614                    /lib/x86_64-linux-gnu/libexpat.so.1.6.0
7f09e3939000-7f09e39d6000 r-xp 00000000 fc:00 7217506                    /usr/lib/x86_64-linux-gnu/libfreetype.so.6.11.1
7f09e39d6000-7f09e3bd5000 ---p 0009d000 fc:00 7217506                    /usr/lib/x86_64-linux-gnu/libfreetype.so.6.11.1
7f09e3bd5000-7f09e3bdb000 r--p 0009c000 fc:00 7217506                    /usr/lib/x86_64-linux-gnu/libfreetype.so.6.11.1
7f09e3bdb000-7f09e3bdc000 rw-p 000a2000 fc:00 7217506                    /usr/lib/x86_64-linux-gnu/libfreetype.so.6.11.1
7f09e3bdc000-7f09e3be4000 r-xp 00000000 fc:00 7218114                    /usr/lib/x86_64-linux-gnu/libthai.so.0.2.0
7f09e3be4000-7f09e3de3000 ---p 00008000 fc:00 7218114                    /usr/lib/x86_64-linux-gnu/libthai.so.0.2.0
7f09e3de3000-7f09e3de4000 r--p 00007000 fc:00 7218114                    /usr/lib/x86_64-linux-gnu/libthai.so.0.2.0
7f09e3de4000-7f09e3de5000 rw-p 00008000 fc:00 7218114                    /usr/lib/x86_64-linux-gnu/libthai.so.0.2.0
7f09e3de5000-7f09e3dfc000 r-xp 00000000 fc:00 1057036                    /lib/x86_64-linux-gnu/libresolv-2.19.so
7f09e3dfc000-7f09e3ffc000 ---p 00017000 fc:00 1057036                    /lib/x86_64-linux-gnu/libresolv-2.19.so
7f09e3ffc000-7f09e3ffd000 r--p 00017000 fc:00 1057036                    /lib/x86_64-linux-gnu/libresolv-2.19.so
7f09e3ffd000-7f09e3ffe000 rw-p 00018000 fc:00 1057036                    /lib/x86_64-linux-gnu/libresolv-2.19.so
7f09e3ffe000-7f09e4000000 rw-p 00000000 00:00 0 
7f09e4000000-7f09e420a000 rw-p 00000000 00:00 0 
7f09e420a000-7f09e8000000 ---p 00000000 00:00 0 
7f09e8000000-7f09e8021000 rw-p 00000000 00:00 0 
7f09e8021000-7f09ec000000 ---p 00000000 00:00 0 
7f09ec000000-7f09ec021000 rw-p 00000000 00:00 0 
7f09ec021000-7f09f0000000 ---p 00000000 00:00 0 
7f09f0000000-7f09f0421000 rw-p 00000000 00:00 0 
7f09f0421000-7f09f4000000 ---p 00000000 00:00 0 
7f09f4000000-7f09f4021000 rw-p 00000000 00:00 0 
7f09f4021000-7f09f8000000 ---p 00000000 00:00 0 
7f09f8000000-7f09f8021000 rw-p 00000000 00:00 0 
7f09f8021000-7f09fc000000 ---p 00000000 00:00 0 
7f09fc000000-7f09fc021000 rw-p 00000000 00:00 0 
7f09fc021000-7f0a00000000 ---p 00000000 00:00 0 
7f0a00000000-7f0a00021000 rw-p 00000000 00:00 0 
7f0a00021000-7f0a04000000 ---p 00000000 00:00 0 
7f0a04000000-7f0a040f9000 rw-p 00000000 00:00 0 
7f0a040f9000-7f0a08000000 ---p 00000000 00:00 0 
7f0a0804d000-7f0a08050000 ---p 00000000 00:00 0 
7f0a08050000-7f0a0814e000 rw-p 00000000 00:00 0                          [stack:30580]
7f0a0814e000-7f0a0816e000 r-xp 00000000 fc:00 1052722                    /lib/x86_64-linux-gnu/libselinux.so.1
7f0a0816e000-7f0a0836d000 ---p 00020000 fc:00 1052722                    /lib/x86_64-linux-gnu/libselinux.so.1
7f0a0836d000-7f0a0836e000 r--p 0001f000 fc:00 1052722                    /lib/x86_64-linux-gnu/libselinux.so.1
7f0a0836e000-7f0a0836f000 rw-p 00020000 fc:00 1052722                    /lib/x86_64-linux-gnu/libselinux.so.1
7f0a0836f000-7f0a08371000 rw-p 00000000 00:00 0 
7f0a08371000-7f0a08373000 r-xp 00000000 fc:00 7217195                    /usr/lib/x86_64-linux-gnu/libXdamage.so.1.1.0
7f0a08373000-7f0a08572000 ---p 00002000 fc:00 7217195                    /usr/lib/x86_64-linux-gnu/libXdamage.so.1.1.0
7f0a08572000-7f0a08573000 r--p 00001000 fc:00 7217195                    /usr/lib/x86_64-linux-gnu/libXdamage.so.1.1.0
7f0a08573000-7f0a08574000 rw-p 00002000 fc:00 7217195                    /usr/lib/x86_64-linux-gnu/libXdamage.so.1.1.0
7f0a08574000-7f0a08576000 r-xp 00000000 fc:00 7217191                    /usr/lib/x86_64-linux-gnu/libXcomposite.so.1.0.0
7f0a08576000-7f0a08775000 ---p 00002000 fc:00 7217191                    /usr/lib/x86_64-linux-gnu/libXcomposite.so.1.0.0
7f0a08775000-7f0a08776000 r--p 00001000 fc:00 7217191                    /usr/lib/x86_64-linux-gnu/libXcomposite.so.1.0.0
7f0a08776000-7f0a08777000 rw-p 00002000 fc:00 7217191                    /usr/lib/x86_64-linux-gnu/libXcomposite.so.1.0.0
7f0a08777000-7f0a08780000 r-xp 00000000 fc:00 7217193                    /usr/lib/x86_64-linux-gnu/libXcursor.so.1.0.2
7f0a08780000-7f0a0897f000 ---p 00009000 fc:00 7217193                    /usr/lib/x86_64-linux-gnu/libXcursor.so.1.0.2
7f0a0897f000-7f0a08980000 r--p 00008000 fc:00 7217193                    /usr/lib/x86_64-linux-gnu/libXcursor.so.1.0.2
7f0a08980000-7f0a08981000 rw-p 00009000 fc:00 7217193                    /usr/lib/x86_64-linux-gnu/libXcursor.so.1.0.2
7f0a08981000-7f0a0898a000 r-xp 00000000 fc:00 7217219                    /usr/lib/x86_64-linux-gnu/libXrandr.so.2.2.0
7f0a0898a000-7f0a08b89000 ---p 00009000 fc:00 7217219                    /usr/lib/x86_64-linux-gnu/libXrandr.so.2.2.0
7f0a08b89000-7f0a08b8a000 r--p 00008000 fc:00 7217219                    /usr/lib/x86_64-linux-gnu/libXrandr.so.2.2.0
7f0a08b8a000-7f0a08b8b000 rw-p 00009000 fc:00 7217219                    /usr/lib/x86_64-linux-gnu/libXrandr.so.2.2.0
7f0a08b8b000-7f0a08b8d000 r-xp 00000000 fc:00 7217209                    /usr/lib/x86_64-linux-gnu/libXinerama.so.1.0.0
7f0a08b8d000-7f0a08d8c000 ---p 00002000 fc:00 7217209                    /usr/lib/x86_64-linux-gnu/libXinerama.so.1.0.0
7f0a08d8c000-7f0a08d8d000 r--p 00001000 fc:00 7217209                    /usr/lib/x86_64-linux-gnu/libXinerama.so.1.0.0
7f0a08d8d000-7f0a08d8e000 rw-p 00002000 fc:00 7217209                    /usr/lib/x86_64-linux-gnu/libXinerama.so.1.0.0
7f0a08d8e000-7f0a08da2000 r-xp 00000000 fc:00 7217925                    /usr/lib/x86_64-linux-gnu/libpangoft2-1.0.so.0.3600.3
7f0a08da2000-7f0a08fa1000 ---p 00014000 fc:00 7217925                    /usr/lib/x86_64-linux-gnu/libpangoft2-1.0.so.0.3600.3
7f0a08fa1000-7f0a08fa2000 r--p 00013000 fc:00 7217925                    /usr/lib/x86_64-linux-gnu/libpangoft2-1.0.so.0.3600.3
7f0a08fa2000-7f0a08fa3000 rw-p 00014000 fc:00 7217925                    /usr/lib/x86_64-linux-gnu/libpangoft2-1.0.so.0.3600.3
7f0a08fa3000-7f0a090a9000 r-xp 00000000 fc:00 7217317                    /usr/lib/x86_64-linux-gnu/libcairo.so.2.11301.0
7f0a090a9000-7f0a092a8000 ---p 00106000 fc:00 7217317                    /usr/lib/x86_64-linux-gnu/libcairo.so.2.11301.0
7f0a092a8000-7f0a092ab000 r--p 00105000 fc:00 7217317                    /usr/lib/x86_64-linux-gnu/libcairo.so.2.11301.0
7f0a092ab000-7f0a092ac000 rw-p 00108000 fc:00 7217317                    /usr/lib/x86_64-linux-gnu/libcairo.so.2.11301.0
7f0a092ac000-7f0a092ae000 rw-p 00000000 00:00 0 
7f0a092ae000-7f0a092cd000 r-xp 00000000 fc:00 7217278                    /usr/lib/x86_64-linux-gnu/libatk-1.0.so.0.21009.1
7f0a092cd000-7f0a094cd000 ---p 0001f000 fc:00 7217278                    /usr/lib/x86_64-linux-gnu/libatk-1.0.so.0.21009.1
7f0a094cd000-7f0a094cf000 r--p 0001f000 fc:00 7217278                    /usr/lib/x86_64-linux-gnu/libatk-1.0.so.0.21009.1
7f0a094cf000-7f0a094d0000 rw-p 00021000 fc:00 7217278                    /usr/lib/x86_64-linux-gnu/libatk-1.0.so.0.21009.1
7f0a094d0000-7f0a094d5000 r-xp 00000000 fc:00 7217201                    /usr/lib/x86_64-linux-gnu/libXfixes.so.3.1.0
7f0a094d5000-7f0a096d4000 ---p 00005000 fc:00 7217201                    /usr/lib/x86_64-linux-gnu/libXfixes.so.3.1.0
7f0a096d4000-7f0a096d5000 r--p 00004000 fc:00 7217201                    /usr/lib/x86_64-linux-gnu/libXfixes.so.3.1.0
7f0a096d5000-7f0a096d6000 rw-p 00005000 fc:00 7217201                    /usr/lib/x86_64-linux-gnu/libXfixes.so.3.1.0
7f0a096d6000-7f0a096e1000 r-xp 00000000 fc:00 7217923                    /usr/lib/x86_64-linux-gnu/libpangocairo-1.0.so.0.3600.3
7f0a096e1000-7f0a098e1000 ---p 0000b000 fc:00 7217923                    /usr/lib/x86_64-linux-gnu/libpangocairo-1.0.so.0.3600.3
7f0a098e1000-7f0a098e2000 r--p 0000b000 fc:00 7217923                    /usr/lib/x86_64-linux-gnu/libpangocairo-1.0.so.0.3600.3
7f0a098e2000-7f0a098e3000 rw-p 0000c000 fc:00 7217923                    /usr/lib/x86_64-linux-gnu/libpangocairo-1.0.so.0.3600.3
7f0a098e3000-7f0a098e6000 r-xp 00000000 fc:00 7217581                    /usr/lib/x86_64-linux-gnu/libgmodule-2.0.so.0.4000.0
7f0a098e6000-7f0a09ae5000 ---p 00003000 fc:00 7217581                    /usr/lib/x86_64-linux-gnu/libgmodule-2.0.so.0.4000.0
7f0a09ae5000-7f0a09ae6000 r--p 00002000 fc:00 7217581                    /usr/lib/x86_64-linux-gnu/libgmodule-2.0.so.0.4000.0
7f0a09ae6000-7f0a09ae7000 rw-p 00003000 fc:00 7217581                    /usr/lib/x86_64-linux-gnu/libgmodule-2.0.so.0.4000.0
7f0a09ae7000-7f0a09b04000 r-xp 00000000 fc:00 7218256                    /usr/lib/x86_64-linux-gnu/libxcb.so.1.1.0
7f0a09b04000-7f0a09d04000 ---p 0001d000 fc:00 7218256                    /usr/lib/x86_64-linux-gnu/libxcb.so.1.1.0
7f0a09d04000-7f0a09d05000 r--p 0001d000 fc:00 7218256                    /usr/lib/x86_64-linux-gnu/libxcb.so.1.1.0
7f0a09d05000-7f0a09d06000 rw-p 0001e000 fc:00 7218256                    /usr/lib/x86_64-linux-gnu/libxcb.so.1.1.0
7f0a09d06000-7f0a09d72000 r-xp 00000000 fc:00 7217375                    /usr/lib/x86_64-linux-gnu/libcups.so.2
7f0a09d72000-7f0a09f72000 ---p 0006c000 fc:00 7217375                    /usr/lib/x86_64-linux-gnu/libcups.so.2
7f0a09f72000-7f0a09f79000 r--p 0006c000 fc:00 7217375                    /usr/lib/x86_64-linux-gnu/libcups.so.2
7f0a09f79000-7f0a09f7a000 rw-p 00073000 fc:00 7217375                    /usr/lib/x86_64-linux-gnu/libcups.so.2
7f0a09f7a000-7f0a0a080000 r-xp 00000000 fc:00 1052623                    /lib/x86_64-linux-gnu/libglib-2.0.so.0.4000.0
7f0a0a080000-7f0a0a27f000 ---p 00106000 fc:00 1052623                    /lib/x86_64-linux-gnu/libglib-2.0.so.0.4000.0
7f0a0a27f000-7f0a0a280000 r--p 00105000 fc:00 1052623                    /lib/x86_64-linux-gnu/libglib-2.0.so.0.4000.0
7f0a0a280000-7f0a0a281000 rw-p 00106000 fc:00 1052623                    /lib/x86_64-linux-gnu/libglib-2.0.so.0.4000.0
7f0a0a281000-7f0a0a282000 rw-p 00000000 00:00 0 
7f0a0a282000-7f0a0a283000 r-xp 00000000 fc:00 7217704                    /usr/lib/x86_64-linux-gnu/libgthread-2.0.so.0.4000.0
7f0a0a283000-7f0a0a482000 ---p 00001000 fc:00 7217704                    /usr/lib/x86_64-linux-gnu/libgthread-2.0.so.0.4000.0
7f0a0a482000-7f0a0a483000 r--p 00000000 fc:00 7217704                    /usr/lib/x86_64-linux-gnu/libgthread-2.0.so.0.4000.0
7f0a0a483000-7f0a0a484000 rw-p 00001000 fc:00 7217704                    /usr/lib/x86_64-linux-gnu/libgthread-2.0.so.0.4000.0
7f0a0a484000-7f0a0a4d3000 r-xp 00000000 fc:00 7217597                    /usr/lib/x86_64-linux-gnu/libgobject-2.0.so.0.4000.0
7f0a0a4d3000-7f0a0a6d3000 ---p 0004f000 fc:00 7217597                    /usr/lib/x86_64-linux-gnu/libgobject-2.0.so.0.4000.0
7f0a0a6d3000-7f0a0a6d4000 r--p 0004f000 fc:00 7217597                    /usr/lib/x86_64-linux-gnu/libgobject-2.0.so.0.4000.0
7f0a0a6d4000-7f0a0a6d5000 rw-p 00050000 fc:00 7217597                    /usr/lib/x86_64-linux-gnu/libgobject-2.0.so.0.4000.0
7f0a0a6d5000-7f0a0a70f000 r-xp 00000000 fc:00 7217478                    /usr/lib/x86_64-linux-gnu/libfontconfig.so.1.8.0
7f0a0a70f000-7f0a0a90e000 ---p 0003a000 fc:00 7217478                    /usr/lib/x86_64-linux-gnu/libfontconfig.so.1.8.0
7f0a0a90e000-7f0a0a910000 r--p 00039000 fc:00 7217478                    /usr/lib/x86_64-linux-gnu/libfontconfig.so.1.8.0
7f0a0a910000-7f0a0a911000 rw-p 0003b000 fc:00 7217478                    /usr/lib/x86_64-linux-gnu/libfontconfig.so.1.8.0
7f0a0a911000-7f0a0a95b000 r-xp 00000000 fc:00 7217921                    /usr/lib/x86_64-linux-gnu/libpango-1.0.so.0.3600.3
7f0a0a95b000-7f0a0ab5b000 ---p 0004a000 fc:00 7217921                    /usr/lib/x86_64-linux-gnu/libpango-1.0.so.0.3600.3
7f0a0ab5b000-7f0a0ab5d000 r--p 0004a000 fc:00 7217921                    /usr/lib/x86_64-linux-gnu/libpango-1.0.so.0.3600.3
7f0a0ab5d000-7f0a0ab5e000 rw-p 0004c000 fc:00 7217921                    /usr/lib/x86_64-linux-gnu/libpango-1.0.so.0.3600.3
7f0a0ab5e000-7f0a0ab7d000 r-xp 00000000 fc:00 7217543                    /usr/lib/x86_64-linux-gnu/libgdk_pixbuf-2.0.so.0.3000.7
7f0a0ab7d000-7f0a0ad7d000 ---p 0001f000 fc:00 7217543                    /usr/lib/x86_64-linux-gnu/libgdk_pixbuf-2.0.so.0.3000.7
7f0a0ad7d000-7f0a0ad7e000 r--p 0001f000 fc:00 7217543                    /usr/lib/x86_64-linux-gnu/libgdk_pixbuf-2.0.so.0.3000.7
7f0a0ad7e000-7f0a0ad7f000 rw-p 00020000 fc:00 7217543                    /usr/lib/x86_64-linux-gnu/libgdk_pixbuf-2.0.so.0.3000.7
7f0a0ad7f000-7f0a0aeea000 r-xp 00000000 fc:00 7217567                    /usr/lib/x86_64-linux-gnu/libgio-2.0.so.0.4000.0
7f0a0aeea000-7f0a0b0ea000 ---p 0016b000 fc:00 7217567                    /usr/lib/x86_64-linux-gnu/libgio-2.0.so.0.4000.0
7f0a0b0ea000-7f0a0b0ee000 r--p 0016b000 fc:00 7217567                    /usr/lib/x86_64-linux-gnu/libgio-2.0.so.0.4000.0
7f0a0b0ee000-7f0a0b0f0000 rw-p 0016f000 fc:00 7217567                    /usr/lib/x86_64-linux-gnu/libgio-2.0.so.0.4000.0
7f0a0b0f0000-7f0a0b0f2000 rw-p 00000000 00:00 0 
7f0a0b0f2000-7f0a0b19f000 r-xp 00000000 fc:00 7217541                    /usr/lib/x86_64-linux-gnu/libgdk-x11-2.0.so.0.2400.23
7f0a0b19f000-7f0a0b39e000 ---p 000ad000 fc:00 7217541                    /usr/lib/x86_64-linux-gnu/libgdk-x11-2.0.so.0.2400.23
7f0a0b39e000-7f0a0b3a2000 r--p 000ac000 fc:00 7217541                    /usr/lib/x86_64-linux-gnu/libgdk-x11-2.0.so.0.2400.23
7f0a0b3a2000-7f0a0b3a4000 rw-p 000b0000 fc:00 7217541                    /usr/lib/x86_64-linux-gnu/libgdk-x11-2.0.so.0.2400.23
7f0a0b3a4000-7f0a0b7d3000 r-xp 00000000 fc:00 7217708                    /usr/lib/x86_64-linux-gnu/libgtk-x11-2.0.so.0.2400.23
7f0a0b7d3000-7f0a0b9d2000 ---p 0042f000 fc:00 7217708                    /usr/lib/x86_64-linux-gnu/libgtk-x11-2.0.so.0.2400.23
7f0a0b9d2000-7f0a0b9d9000 r--p 0042e000 fc:00 7217708                    /usr/lib/x86_64-linux-gnu/libgtk-x11-2.0.so.0.2400.23
7f0a0b9d9000-7f0a0b9dd000 rw-p 00435000 fc:00 7217708                    /usr/lib/x86_64-linux-gnu/libgtk-x11-2.0.so.0.2400.23
7f0a0b9dd000-7f0a0b9e0000 rw-p 00000000 00:00 0 
7f0a0b9e0000-7f0a0b9ef000 r-xp 00000000 fc:00 7217207                    /usr/lib/x86_64-linux-gnu/libXi.so.6.1.0
7f0a0b9ef000-7f0a0bbee000 ---p 0000f000 fc:00 7217207                    /usr/lib/x86_64-linux-gnu/libXi.so.6.1.0
7f0a0bbee000-7f0a0bbef000 r--p 0000e000 fc:00 7217207                    /usr/lib/x86_64-linux-gnu/libXi.so.6.1.0
7f0a0bbef000-7f0a0bbf0000 rw-p 0000f000 fc:00 7217207                    /usr/lib/x86_64-linux-gnu/libXi.so.6.1.0
7f0a0bbf0000-7f0a0bbf5000 r-xp 00000000 fc:00 7217227                    /usr/lib/x86_64-linux-gnu/libXtst.so.6.1.0
7f0a0bbf5000-7f0a0bdf4000 ---p 00005000 fc:00 7217227                    /usr/lib/x86_64-linux-gnu/libXtst.so.6.1.0
7f0a0bdf4000-7f0a0bdf5000 r--p 00004000 fc:00 7217227                    /usr/lib/x86_64-linux-gnu/libXtst.so.6.1.0
7f0a0bdf5000-7f0a0bdf6000 rw-p 00005000 fc:00 7217227                    /usr/lib/x86_64-linux-gnu/libXtst.so.6.1.0
7f0a0bdf6000-7f0a0bdff000 r-xp 00000000 fc:00 7217221                    /usr/lib/x86_64-linux-gnu/libXrender.so.1.3.0
7f0a0bdff000-7f0a0bffe000 ---p 00009000 fc:00 7217221                    /usr/lib/x86_64-linux-gnu/libXrender.so.1.3.0
7f0a0bffe000-7f0a0bfff000 r--p 00008000 fc:00 7217221                    /usr/lib/x86_64-linux-gnu/libXrender.so.1.3.0
7f0a0bfff000-7f0a0c000000 rw-p 00009000 fc:00 7217221                    /usr/lib/x86_64-linux-gnu/libXrender.so.1.3.0
7f0a0c000000-7f0a0c021000 rw-p 00000000 00:00 0 
7f0a0c021000-7f0a10000000 ---p 00000000 00:00 0 
7f0a10050000-7f0a10060000 rw-s 1397ff000 00:05 1635                      /dev/dri/card0
7f0a10060000-7f0a10070000 rw-s 137cc7000 00:05 1635                      /dev/dri/card0
7f0a10070000-7f0a10080000 rw-s 137cb3000 00:05 1635                      /dev/dri/card0
7f0a10080000-7f0a10090000 rw-s 137ca3000 00:05 1635                      /dev/dri/card0
7f0a10090000-7f0a100c1000 rw-p 00000000 00:00 0 
7f0a100c1000-7f0a101f1000 r-xp 00000000 fc:00 7217182                    /usr/lib/x86_64-linux-gnu/libX11.so.6.3.0
7f0a101f1000-7f0a103f1000 ---p 00130000 fc:00 7217182                    /usr/lib/x86_64-linux-gnu/libX11.so.6.3.0
7f0a103f1000-7f0a103f2000 r--p 00130000 fc:00 7217182                    /usr/lib/x86_64-linux-gnu/libX11.so.6.3.0
7f0a103f2000-7f0a103f6000 rw-p 00131000 fc:00 7217182                    /usr/lib/x86_64-linux-gnu/libX11.so.6.3.0
7f0a103f6000-7f0a10407000 r-xp 00000000 fc:00 7217199                    /usr/lib/x86_64-linux-gnu/libXext.so.6.4.0
7f0a10407000-7f0a10606000 ---p 00011000 fc:00 7217199                    /usr/lib/x86_64-linux-gnu/libXext.so.6.4.0
7f0a10606000-7f0a10607000 r--p 00010000 fc:00 7217199                    /usr/lib/x86_64-linux-gnu/libXext.so.6.4.0
7f0a10607000-7f0a10608000 rw-p 00011000 fc:00 7217199                    /usr/lib/x86_64-linux-gnu/libXext.so.6.4.0
7f0a10614000-7f0a10615000 rw-p 00000000 00:00 0 
7f0a10615000-7f0a10616000 rw-s 13980f000 00:05 1635                      /dev/dri/card0
7f0a10616000-7f0a1061f000 r--s 000b9000 fc:00 138963                     /usr/lib/jvm/java-7-openjdk-amd64/jre/lib/resources.jar
7f0a1061f000-7f0a10670000 r-xp 00000000 fc:00 139186                     /usr/lib/jvm/java-7-openjdk-amd64/jre/lib/amd64/xawt/libmawt.so
7f0a10670000-7f0a1086f000 ---p 00051000 fc:00 139186                     /usr/lib/jvm/java-7-openjdk-amd64/jre/lib/amd64/xawt/libmawt.so
7f0a1086f000-7f0a10870000 r--p 00050000 fc:00 139186                     /usr/lib/jvm/java-7-openjdk-amd64/jre/lib/amd64/xawt/libmawt.so
7f0a10870000-7f0a10873000 rw-p 00051000 fc:00 139186                     /usr/lib/jvm/java-7-openjdk-amd64/jre/lib/amd64/xawt/libmawt.so
7f0a10873000-7f0a10874000 rw-p 00000000 00:00 0 
7f0a10874000-7f0a10914000 r-xp 00000000 fc:00 139023                     /usr/lib/jvm/java-7-openjdk-amd64/jre/lib/amd64/libawt.so
7f0a10914000-7f0a10b13000 ---p 000a0000 fc:00 139023                     /usr/lib/jvm/java-7-openjdk-amd64/jre/lib/amd64/libawt.so
7f0a10b13000-7f0a10b14000 r--p 0009f000 fc:00 139023                     /usr/lib/jvm/java-7-openjdk-amd64/jre/lib/amd64/libawt.so
7f0a10b14000-7f0a10b1f000 rw-p 000a0000 fc:00 139023                     /usr/lib/jvm/java-7-openjdk-amd64/jre/lib/amd64/libawt.so
7f0a10b1f000-7f0a10b44000 rw-p 00000000 00:00 0 
7f0a10b44000-7f0a10b45000 ---p 00000000 00:00 0 
7f0a10b45000-7f0a10c45000 rw-p 00000000 00:00 0                          [stack:30579]
7f0a10c45000-7f0a10c48000 ---p 00000000 00:00 0 
7f0a10c48000-7f0a10d46000 rw-p 00000000 00:00 0                          [stack:30578]
7f0a10d46000-7f0a10d49000 ---p 00000000 00:00 0 
7f0a10d49000-7f0a10e47000 rw-p 00000000 00:00 0                          [stack:30577]
7f0a10e47000-7f0a10e4a000 ---p 00000000 00:00 0 
7f0a10e4a000-7f0a10f48000 rw-p 00000000 00:00 0                          [stack:30576]
7f0a10f48000-7f0a10f4b000 ---p 00000000 00:00 0 
7f0a10f4b000-7f0a11049000 rw-p 00000000 00:00 0                          [stack:30575]
7f0a11049000-7f0a1172b000 r--p 00000000 fc:00 7216115                    /usr/lib/locale/locale-archive
7f0a1172b000-7f0a1172e000 ---p 00000000 00:00 0 
7f0a1172e000-7f0a1182c000 rw-p 00000000 00:00 0                          [stack:30574]
7f0a1182c000-7f0a1182f000 ---p 00000000 00:00 0 
7f0a1182f000-7f0a1192d000 rw-p 00000000 00:00 0                          [stack:30573]
7f0a1192d000-7f0a1192e000 ---p 00000000 00:00 0 
7f0a1192e000-7f0a14000000 rw-p 00000000 00:00 0                          [stack:30572]
7f0a14000000-7f0a14021000 rw-p 00000000 00:00 0 
7f0a14021000-7f0a18000000 ---p 00000000 00:00 0 
7f0a18000000-7f0a18001000 rw-s 1397fe000 00:05 1635                      /dev/dri/card0
7f0a18001000-7f0a18002000 rw-s 13849a000 00:05 1635                      /dev/dri/card0
7f0a18002000-7f0a18003000 rw-s 138499000 00:05 1635                      /dev/dri/card0
7f0a18003000-7f0a18004000 rwxp 00000000 00:00 0 
7f0a18004000-7f0a18005000 r--p 00000000 fc:00 528235                     /usr/share/locale-langpack/en_GB/LC_MESSAGES/libc.mo
7f0a18005000-7f0a18010000 r--s 00203000 fc:00 138953                     /usr/lib/jvm/java-7-openjdk-amd64/jre/lib/charsets.jar
7f0a18010000-7f0a18012000 r--s 00002000 fc:00 5640113                    /home/doctea/vurf-eclipse/lib/user/themidibus/themidibus.jar
7f0a18012000-7f0a18013000 r--s 00005000 fc:00 5641179                    /home/doctea/vurf-eclipse/lib/user/SimpleOpenNI/SimpleOpenNI.jar
7f0a18013000-7f0a18015000 r--s 00002000 fc:00 5640010                    /home/doctea/vurf-eclipse/lib/user/rwmidi/rwmidi.jar
7f0a18015000-7f0a18016000 r--s 00003000 fc:00 5639897                    /home/doctea/vurf-eclipse/lib/user/proxml/proxml.jar
7f0a18016000-7f0a18018000 r--s 00007000 fc:00 5639701                    /home/doctea/vurf-eclipse/lib/user/peasycam/peasycam.jar
7f0a18018000-7f0a18019000 r--s 00005000 fc:00 5639691                    /home/doctea/vurf-eclipse/lib/user/openkinect/openkinect.jar
7f0a18019000-7f0a1801a000 r--s 00005000 fc:00 5639568                    /home/doctea/vurf-eclipse/lib/user/layers/layers.jar
7f0a1801a000-7f0a1801b000 r--s 00000000 fc:00 5639543                    /home/doctea/vurf-eclipse/lib/user/kinect/kinect.jar
7f0a1801b000-7f0a1801f000 r--s 000e4000 fc:00 5641146                    /home/doctea/vurf-eclipse/lib/user/GSVideo/jna.jar
7f0a1801f000-7f0a18021000 r--s 00008000 fc:00 5640717                    /home/doctea/vurf-eclipse/lib/user/GSVideo/GSVideo.jar
7f0a18021000-7f0a18037000 r--s 000bb000 fc:00 5640861                    /home/doctea/vurf-eclipse/lib/user/GSVideo/gstreamer-java.jar
7f0a18037000-7f0a18039000 r--s 00013000 fc:00 5640089                    /home/doctea/vurf-eclipse/lib/user/GLGraphics/GLGraphics.jar
7f0a18039000-7f0a1803b000 r--s 00003000 fc:00 5639468                    /home/doctea/vurf-eclipse/lib/user/fullscreen/fullscreen.jar
7f0a1803b000-7f0a1803c000 r--s 00005000 fc:00 5641167                    /home/doctea/vurf-eclipse/lib/user/flob/flob.jar
7f0a1803c000-7f0a18073000 r--s 001fb000 fc:00 5769274                    /home/doctea/vurf-eclipse/lib/user/eyetracking/text20.jar
7f0a18073000-7f0a18075000 r--s 00034000 fc:00 5769250                    /home/doctea/vurf-eclipse/lib/user/eyetracking/eyetracking.jar
7f0a18075000-7f0a18079000 r--s 000e4000 fc:00 5768921                    /home/doctea/vurf-eclipse/lib/user/dLibs_freenect/jna.jar
7f0a18079000-7f0a1807b000 r--s 0000d000 fc:00 5768880                    /home/doctea/vurf-eclipse/lib/user/dLibs_freenect/dLibs_freenect.jar
7f0a1807b000-7f0a1807c000 r--s 00004000 fc:00 5769121                    /home/doctea/vurf-eclipse/lib/user/datautils/datautils.jar
7f0a1807c000-7f0a1807f000 r--s 00036000 fc:00 6291676                    /home/doctea/vurf-eclipse/lib/user/controlP5/controlP5.jar
7f0a1807f000-7f0a18080000 r--s 00009000 fc:00 5768303                    /home/doctea/vurf-eclipse/lib/user/colorutils/colorutils.jar
7f0a18080000-7f0a18081000 r--s 00002000 fc:00 5768279                    /home/doctea/vurf-eclipse/lib/user/candy/candy.jar
7f0a18081000-7f0a18082000 r--s 0000c000 fc:00 5768259                    /home/doctea/vurf-eclipse/lib/user/audioutils/joal.jar
7f0a18082000-7f0a18084000 r--s 00004000 fc:00 5768117                    /home/doctea/vurf-eclipse/lib/user/audioutils/audioutils.jar
7f0a18084000-7f0a18087000 r--s 000e4000 fc:00 5639903                    /home/doctea/vurf-eclipse/lib/base/core/jna.jar
7f0a18087000-7f0a18089000 r--s 0002b000 fc:00 5639851                    /home/doctea/vurf-eclipse/lib/base/core/core.jar
7f0a18089000-7f0a180a0000 r--s 0015b000 fc:00 5639836                    /home/doctea/vurf-eclipse/lib/base/core/ant.jar
7f0a180a0000-7f0a18e52000 rw-p 00000000 00:00 0 
7f0a18e52000-7f0a19000000 r--s 01cfc000 fc:00 138952                     /usr/lib/jvm/java-7-openjdk-amd64/jre/lib/rt.jar
7f0a19000000-7f0a19270000 rwxp 00000000 00:00 0 
7f0a19270000-7f0a1c476000 rw-p 00000000 00:00 0 
7f0a1c476000-7f0a20000000 ---p 00000000 00:00 0 
7f0a20000000-7f0a20001000 r--s 00004000 fc:00 5768258                    /home/doctea/vurf-eclipse/lib/user/audioutils/gluegen-rt.jar
7f0a20001000-7f0a20003000 r--s 00002000 fc:00 5639768                    /home/doctea/vurf-eclipse/lib/base/core/ant-launcher.jar
7f0a20003000-7f0a20004000 r--s 00002000 fc:00 5640077                    /home/doctea/vurf-eclipse/lib/base/video/video.jar
7f0a20004000-7f0a20005000 r--s 00003000 fc:00 5640072                    /home/doctea/vurf-eclipse/lib/base/opengl/opengl.jar
7f0a20005000-7f0a20010000 r--s 00108000 fc:00 5640021                    /home/doctea/vurf-eclipse/lib/base/opengl/jogl.jar
7f0a20010000-7f0a20011000 r--s 00004000 fc:00 5639960                    /home/doctea/vurf-eclipse/lib/base/opengl/gluegen-rt.jar
7f0a20011000-7f0a20014000 r--s 00017000 fc:00 5639951                    /home/doctea/vurf-eclipse/lib/base/minim/tritonus_share.jar
7f0a20014000-7f0a20015000 r--s 00002000 fc:00 5639945                    /home/doctea/vurf-eclipse/lib/base/minim/tritonus_aos.jar
7f0a20015000-7f0a20016000 r--s 00005000 fc:00 5639942                    /home/doctea/vurf-eclipse/lib/base/minim/mp3spi1.9.4.jar
7f0a20016000-7f0a20018000 r--s 0000d000 fc:00 5639937                    /home/doctea/vurf-eclipse/lib/base/minim/minim.jar
7f0a20018000-7f0a20019000 r--s 00000000 fc:00 5639932                    /home/doctea/vurf-eclipse/lib/base/minim/minim-spi.jar
7f0a20019000-7f0a2001a000 r--s 0000b000 fc:00 5639929                    /home/doctea/vurf-eclipse/lib/base/minim/jsminim.jar
7f0a2001a000-7f0a20399000 rw-p 00000000 00:00 0 
7f0a20399000-7f0a2039a000 ---p 00000000 00:00 0 
7f0a2039a000-7f0a2049a000 rw-p 00000000 00:00 0                          [stack:30571]
7f0a2049a000-7f0a2049b000 ---p 00000000 00:00 0 
7f0a2049b000-7f0a2059b000 rw-p 00000000 00:00 0                          [stack:30570]
7f0a2059b000-7f0a2059c000 ---p 00000000 00:00 0 
7f0a2059c000-7f0a2069c000 rw-p 00000000 00:00 0                          [stack:30569]
7f0a2069c000-7f0a2069d000 ---p 00000000 00:00 0 
7f0a2069d000-7f0a207a9000 rw-p 00000000 00:00 0                          [stack:30568]
7f0a207a9000-7f0a207ac000 ---p 00000000 00:00 0 
7f0a207ac000-7f0a207f0000 rw-p 00000000 00:00 0 
7f0a207f0000-7f0a2087f000 rw-p 00000000 00:00 0 
7f0a2087f000-7f0a20937000 rw-p 00000000 00:00 0 
7f0a20937000-7f0a20943000 rw-p 00000000 00:00 0 
7f0a20943000-7f0a20946000 ---p 00000000 00:00 0 
7f0a20946000-7f0a2098a000 rw-p 00000000 00:00 0 
7f0a2098a000-7f0a20a19000 rw-p 00000000 00:00 0 
7f0a20a19000-7f0a20ad0000 rw-p 00000000 00:00 0 
7f0a20ad0000-7f0a20b42000 rw-p 00000000 00:00 0 
7f0a20b42000-7f0a20b74000 rw-p 00000000 00:00 0 
7f0a20b74000-7f0a20b75000 rw-p 00000000 00:00 0 
7f0a20b75000-7f0a20b7d000 r-xp 00000000 fc:00 139000                     /usr/lib/jvm/java-7-openjdk-amd64/jre/lib/amd64/libzip.so
7f0a20b7d000-7f0a20d7c000 ---p 00008000 fc:00 139000                     /usr/lib/jvm/java-7-openjdk-amd64/jre/lib/amd64/libzip.so
7f0a20d7c000-7f0a20d7d000 r--p 00007000 fc:00 139000                     /usr/lib/jvm/java-7-openjdk-amd64/jre/lib/amd64/libzip.so
7f0a20d7d000-7f0a20d7e000 rw-p 00008000 fc:00 139000                     /usr/lib/jvm/java-7-openjdk-amd64/jre/lib/amd64/libzip.so
7f0a20d7e000-7f0a20d89000 r-xp 00000000 fc:00 1057049                    /lib/x86_64-linux-gnu/libnss_files-2.19.so
7f0a20d89000-7f0a20f88000 ---p 0000b000 fc:00 1057049                    /lib/x86_64-linux-gnu/libnss_files-2.19.so
7f0a20f88000-7f0a20f89000 r--p 0000a000 fc:00 1057049                    /lib/x86_64-linux-gnu/libnss_files-2.19.so
7f0a20f89000-7f0a20f8a000 rw-p 0000b000 fc:00 1057049                    /lib/x86_64-linux-gnu/libnss_files-2.19.so
7f0a20f8a000-7f0a20f95000 r-xp 00000000 fc:00 1057033                    /lib/x86_64-linux-gnu/libnss_nis-2.19.so
7f0a20f95000-7f0a21194000 ---p 0000b000 fc:00 1057033                    /lib/x86_64-linux-gnu/libnss_nis-2.19.so
7f0a21194000-7f0a21195000 r--p 0000a000 fc:00 1057033                    /lib/x86_64-linux-gnu/libnss_nis-2.19.so
7f0a21195000-7f0a21196000 rw-p 0000b000 fc:00 1057033                    /lib/x86_64-linux-gnu/libnss_nis-2.19.so
7f0a21196000-7f0a211ad000 r-xp 00000000 fc:00 1057051                    /lib/x86_64-linux-gnu/libnsl-2.19.so
7f0a211ad000-7f0a213ac000 ---p 00017000 fc:00 1057051                    /lib/x86_64-linux-gnu/libnsl-2.19.so
7f0a213ac000-7f0a213ad000 r--p 00016000 fc:00 1057051                    /lib/x86_64-linux-gnu/libnsl-2.19.so
7f0a213ad000-7f0a213ae000 rw-p 00017000 fc:00 1057051                    /lib/x86_64-linux-gnu/libnsl-2.19.so
7f0a213ae000-7f0a213b0000 rw-p 00000000 00:00 0 
7f0a213b0000-7f0a213b9000 r-xp 00000000 fc:00 1057044                    /lib/x86_64-linux-gnu/libnss_compat-2.19.so
7f0a213b9000-7f0a215b8000 ---p 00009000 fc:00 1057044                    /lib/x86_64-linux-gnu/libnss_compat-2.19.so
7f0a215b8000-7f0a215b9000 r--p 00008000 fc:00 1057044                    /lib/x86_64-linux-gnu/libnss_compat-2.19.so
7f0a215b9000-7f0a215ba000 rw-p 00009000 fc:00 1057044                    /lib/x86_64-linux-gnu/libnss_compat-2.19.so
7f0a215ba000-7f0a215e5000 r-xp 00000000 fc:00 138996                     /usr/lib/jvm/java-7-openjdk-amd64/jre/lib/amd64/libjava.so
7f0a215e5000-7f0a217e4000 ---p 0002b000 fc:00 138996                     /usr/lib/jvm/java-7-openjdk-amd64/jre/lib/amd64/libjava.so
7f0a217e4000-7f0a217e5000 r--p 0002a000 fc:00 138996                     /usr/lib/jvm/java-7-openjdk-amd64/jre/lib/amd64/libjava.so
7f0a217e5000-7f0a217e7000 rw-p 0002b000 fc:00 138996                     /usr/lib/jvm/java-7-openjdk-amd64/jre/lib/amd64/libjava.so
7f0a217e7000-7f0a217f7000 r-xp 00000000 fc:00 139029                     /usr/lib/jvm/java-7-openjdk-amd64/jre/lib/amd64/libverify.so
7f0a217f7000-7f0a219f6000 ---p 00010000 fc:00 139029                     /usr/lib/jvm/java-7-openjdk-amd64/jre/lib/amd64/libverify.so
7f0a219f6000-7f0a219f8000 r--p 0000f000 fc:00 139029                     /usr/lib/jvm/java-7-openjdk-amd64/jre/lib/amd64/libverify.so
7f0a219f8000-7f0a219f9000 rw-p 00011000 fc:00 139029                     /usr/lib/jvm/java-7-openjdk-amd64/jre/lib/amd64/libverify.so
7f0a219f9000-7f0a21a00000 r-xp 00000000 fc:00 1057047                    /lib/x86_64-linux-gnu/librt-2.19.so
7f0a21a00000-7f0a21bff000 ---p 00007000 fc:00 1057047                    /lib/x86_64-linux-gnu/librt-2.19.so
7f0a21bff000-7f0a21c00000 r--p 00006000 fc:00 1057047                    /lib/x86_64-linux-gnu/librt-2.19.so
7f0a21c00000-7f0a21c01000 rw-p 00007000 fc:00 1057047                    /lib/x86_64-linux-gnu/librt-2.19.so
7f0a21c01000-7f0a21c17000 r-xp 00000000 fc:00 1052619                    /lib/x86_64-linux-gnu/libgcc_s.so.1
7f0a21c17000-7f0a21e16000 ---p 00016000 fc:00 1052619                    /lib/x86_64-linux-gnu/libgcc_s.so.1
7f0a21e16000-7f0a21e17000 rw-p 00015000 fc:00 1052619                    /lib/x86_64-linux-gnu/libgcc_s.so.1
7f0a21e17000-7f0a21f1c000 r-xp 00000000 fc:00 1057048                    /lib/x86_64-linux-gnu/libm-2.19.so
7f0a21f1c000-7f0a2211b000 ---p 00105000 fc:00 1057048                    /lib/x86_64-linux-gnu/libm-2.19.so
7f0a2211b000-7f0a2211c000 r--p 00104000 fc:00 1057048                    /lib/x86_64-linux-gnu/libm-2.19.so
7f0a2211c000-7f0a2211d000 rw-p 00105000 fc:00 1057048                    /lib/x86_64-linux-gnu/libm-2.19.so
7f0a2211d000-7f0a22203000 r-xp 00000000 fc:00 7218092                    /usr/lib/x86_64-linux-gnu/libstdc++.so.6.0.19
7f0a22203000-7f0a22402000 ---p 000e6000 fc:00 7218092                    /usr/lib/x86_64-linux-gnu/libstdc++.so.6.0.19
7f0a22402000-7f0a2240a000 r--p 000e5000 fc:00 7218092                    /usr/lib/x86_64-linux-gnu/libstdc++.so.6.0.19
7f0a2240a000-7f0a2240c000 rw-p 000ed000 fc:00 7218092                    /usr/lib/x86_64-linux-gnu/libstdc++.so.6.0.19
7f0a2240c000-7f0a22421000 rw-p 00000000 00:00 0 
7f0a22421000-7f0a22f02000 r-xp 00000000 fc:00 139011                     /usr/lib/jvm/java-7-openjdk-amd64/jre/lib/amd64/server/libjvm.so
7f0a22f02000-7f0a23101000 ---p 00ae1000 fc:00 139011                     /usr/lib/jvm/java-7-openjdk-amd64/jre/lib/amd64/server/libjvm.so
7f0a23101000-7f0a23193000 r--p 00ae0000 fc:00 139011                     /usr/lib/jvm/java-7-openjdk-amd64/jre/lib/amd64/server/libjvm.so
7f0a23193000-7f0a231b6000 rw-p 00b72000 fc:00 139011                     /usr/lib/jvm/java-7-openjdk-amd64/jre/lib/amd64/server/libjvm.so
7f0a231b6000-7f0a231e3000 rw-p 00000000 00:00 0 
7f0a231e3000-7f0a231fb000 r-xp 00000000 fc:00 1052755                    /lib/x86_64-linux-gnu/libz.so.1.2.8
7f0a231fb000-7f0a233fa000 ---p 00018000 fc:00 1052755                    /lib/x86_64-linux-gnu/libz.so.1.2.8
7f0a233fa000-7f0a233fb000 r--p 00017000 fc:00 1052755                    /lib/x86_64-linux-gnu/libz.so.1.2.8
7f0a233fb000-7f0a233fc000 rw-p 00018000 fc:00 1052755                    /lib/x86_64-linux-gnu/libz.so.1.2.8
7f0a233fc000-7f0a23415000 r-xp 00000000 fc:00 1057054                    /lib/x86_64-linux-gnu/libpthread-2.19.so
7f0a23415000-7f0a23614000 ---p 00019000 fc:00 1057054                    /lib/x86_64-linux-gnu/libpthread-2.19.so
7f0a23614000-7f0a23615000 r--p 00018000 fc:00 1057054                    /lib/x86_64-linux-gnu/libpthread-2.19.so
7f0a23615000-7f0a23616000 rw-p 00019000 fc:00 1057054                    /lib/x86_64-linux-gnu/libpthread-2.19.so
7f0a23616000-7f0a2361a000 rw-p 00000000 00:00 0 
7f0a2361a000-7f0a2361d000 r-xp 00000000 fc:00 1057041                    /lib/x86_64-linux-gnu/libdl-2.19.so
7f0a2361d000-7f0a2381c000 ---p 00003000 fc:00 1057041                    /lib/x86_64-linux-gnu/libdl-2.19.so
7f0a2381c000-7f0a2381d000 r--p 00002000 fc:00 1057041                    /lib/x86_64-linux-gnu/libdl-2.19.so
7f0a2381d000-7f0a2381e000 rw-p 00003000 fc:00 1057041                    /lib/x86_64-linux-gnu/libdl-2.19.so
7f0a2381e000-7f0a239da000 r-xp 00000000 fc:00 1057052                    /lib/x86_64-linux-gnu/libc-2.19.so
7f0a239da000-7f0a23bd9000 ---p 001bc000 fc:00 1057052                    /lib/x86_64-linux-gnu/libc-2.19.so
7f0a23bd9000-7f0a23bdd000 r--p 001bb000 fc:00 1057052                    /lib/x86_64-linux-gnu/libc-2.19.so
7f0a23bdd000-7f0a23bdf000 rw-p 001bf000 fc:00 1057052                    /lib/x86_64-linux-gnu/libc-2.19.so
7f0a23bdf000-7f0a23be4000 rw-p 00000000 00:00 0 
7f0a23be4000-7f0a23bf1000 r-xp 00000000 fc:00 139022                     /usr/lib/jvm/java-7-openjdk-amd64/jre/lib/amd64/jli/libjli.so
7f0a23bf1000-7f0a23df0000 ---p 0000d000 fc:00 139022                     /usr/lib/jvm/java-7-openjdk-amd64/jre/lib/amd64/jli/libjli.so
7f0a23df0000-7f0a23df1000 r--p 0000c000 fc:00 139022                     /usr/lib/jvm/java-7-openjdk-amd64/jre/lib/amd64/jli/libjli.so
7f0a23df1000-7f0a23df2000 rw-p 0000d000 fc:00 139022                     /usr/lib/jvm/java-7-openjdk-amd64/jre/lib/amd64/jli/libjli.so
7f0a23df2000-7f0a23e15000 r-xp 00000000 fc:00 1057040                    /lib/x86_64-linux-gnu/ld-2.19.so
7f0a23e15000-7f0a23e18000 r--s 00017000 fc:00 5639924                    /home/doctea/vurf-eclipse/lib/base/minim/jl1.0.jar
7f0a23e18000-7f0a23e19000 r--s 00002000 fc:00 138961                     /usr/lib/jvm/java-7-openjdk-amd64/jre/lib/ext/dnsns.jar
7f0a23e19000-7f0a23e1c000 r--s 00032000 fc:00 138958                     /usr/lib/jvm/java-7-openjdk-amd64/jre/lib/ext/sunjce_provider.jar
7f0a23e1c000-7f0a23e1e000 r--s 00012000 fc:00 138957                     /usr/lib/jvm/java-7-openjdk-amd64/jre/lib/ext/zipfs.jar
7f0a23e1e000-7f0a23e3f000 rw-p 00000000 00:00 0 
7f0a23e3f000-7f0a23ef5000 rw-p 00000000 00:00 0 
7f0a23ef5000-7f0a23ef8000 ---p 00000000 00:00 0 
7f0a23ef8000-7f0a23ffb000 rw-p 00000000 00:00 0                          [stack:30567]
7f0a23ffb000-7f0a23fff000 r--s 0003b000 fc:00 138960                     /usr/lib/jvm/java-7-openjdk-amd64/jre/lib/ext/sunpkcs11.jar
7f0a23fff000-7f0a24001000 r--s 00006000 fc:00 139173                     /usr/share/java/java-atk-wrapper.jar
7f0a24001000-7f0a24005000 r--s 00085000 fc:00 138959                     /usr/lib/jvm/java-7-openjdk-amd64/jre/lib/ext/localedata.jar
7f0a24005000-7f0a24008000 r--s 0000f000 fc:00 138956                     /usr/lib/jvm/java-7-openjdk-amd64/jre/lib/ext/pulse-java.jar
7f0a24008000-7f0a24010000 rw-s 00000000 fc:00 663160                     /tmp/hsperfdata_doctea/30561
7f0a24010000-7f0a24011000 rw-p 00000000 00:00 0 
7f0a24011000-7f0a24012000 ---p 00000000 00:00 0 
7f0a24012000-7f0a24014000 rw-p 00000000 00:00 0 
7f0a24014000-7f0a24015000 r--p 00022000 fc:00 1057040                    /lib/x86_64-linux-gnu/ld-2.19.so
7f0a24015000-7f0a24016000 rw-p 00023000 fc:00 1057040                    /lib/x86_64-linux-gnu/ld-2.19.so
7f0a24016000-7f0a24017000 rw-p 00000000 00:00 0 
7fffeb885000-7fffeb8a7000 rw-p 00000000 00:00 0                          [stack]
7fffeb8dd000-7fffeb8df000 r-xp 00000000 00:00 0                          [vdso]
ffffffffff600000-ffffffffff601000 r-xp 00000000 00:00 0                  [vsyscall]

VM Arguments:
jvm_args: -Djava.library.path=/home/doctea/vurf-eclipse/lib/base/minim:/home/doctea/vurf-eclipse/lib/base/minim:/home/doctea/vurf-eclipse/lib/base/minim:/home/doctea/vurf-eclipse/lib/base/minim:/home/doctea/vurf-eclipse/lib/base/minim:/home/doctea/vurf-eclipse/lib/base/minim:/home/doctea/vurf-eclipse/lib/base/minim:/home/doctea/vurf-eclipse/lib/base/opengl:/home/doctea/vurf-eclipse/lib/base/opengl:/home/doctea/vurf-eclipse/lib/base/opengl:/home/doctea/vurf-eclipse/lib/base/video:/home/doctea/vurf-eclipse/lib/base/core:/home/doctea/vurf-eclipse/lib/base/core:/home/doctea/vurf-eclipse/lib/base/core:/home/doctea/vurf-eclipse/lib/base/core:/home/doctea/vurf-eclipse/lib/user/audioutils:/home/doctea/vurf-eclipse/lib/user/audioutils:/home/doctea/vurf-eclipse/lib/user/audioutils:/home/doctea/vurf-eclipse/lib/user/candy:/home/doctea/vurf-eclipse/lib/user/colorutils:/home/doctea/vurf-eclipse/lib/user/controlP5:/home/doctea/vurf-eclipse/lib/user/datautils:/home/doctea/vurf-eclipse/lib/user/dLibs_freenect:/home/doctea/vurf-eclipse/lib/user/dLibs_freenect:/home/doctea/vurf-eclipse/lib/user/eyetracking:/home/doctea/vurf-eclipse/lib/user/eyetracking:/home/doctea/vurf-eclipse/lib/user/flob:/home/doctea/vurf-eclipse/lib/user/fullscreen:/home/doctea/vurf-eclipse/lib/user/GLGraphics:/home/doctea/vurf-eclipse/lib/user/GSVideo:/home/doctea/vurf-eclipse/lib/user/GSVideo:/home/doctea/vurf-eclipse/lib/user/GSVideo:/home/doctea/vurf-eclipse/lib/user/kinect:/home/doctea/vurf-eclipse/lib/user/layers:/home/doctea/vurf-eclipse/lib/user/openkinect:/home/doctea/vurf-eclipse/lib/user/peasycam:/home/doctea/vurf-eclipse/lib/user/proxml:/home/doctea/vurf-eclipse/lib/user/rwmidi:/home/doctea/vurf-eclipse/lib/user/SimpleOpenNI/library/linux64:/home/doctea/vurf-eclipse/lib/user/themidibus -Dfile.encoding=UTF-8 
java_command: vurfeclipse.VurfEclipse
Launcher Type: SUN_STANDARD

Environment Variables:
PATH=/usr/local/sbin:/usr/local/bin:/usr/sbin:/usr/bin:/sbin:/bin:/usr/games:/usr/local/games
SHELL=/bin/bash
DISPLAY=:0

Signal Handlers:
SIGSEGV: [libjvm.so+0x918620], sa_mask[0]=0x7ffbfeff, sa_flags=0x10000004
SIGBUS: [libjvm.so+0x918620], sa_mask[0]=0x7ffbfeff, sa_flags=0x10000004
SIGFPE: [libjvm.so+0x795e30], sa_mask[0]=0x7ffbfeff, sa_flags=0x10000004
SIGPIPE: [libjvm.so+0x795e30], sa_mask[0]=0x7ffbfeff, sa_flags=0x10000004
SIGXFSZ: [libjvm.so+0x795e30], sa_mask[0]=0x7ffbfeff, sa_flags=0x10000004
SIGILL: [libjvm.so+0x795e30], sa_mask[0]=0x7ffbfeff, sa_flags=0x10000004
SIGUSR1: SIG_DFL, sa_mask[0]=0x00000000, sa_flags=0x00000000
SIGUSR2: [libjvm.so+0x795cd0], sa_mask[0]=0x00000004, sa_flags=0x10000004
SIGHUP: [libjvm.so+0x795eb0], sa_mask[0]=0x7ffbfeff, sa_flags=0x10000004
SIGINT: [libjvm.so+0x795eb0], sa_mask[0]=0x7ffbfeff, sa_flags=0x10000004
SIGTERM: [libjvm.so+0x795eb0], sa_mask[0]=0x7ffbfeff, sa_flags=0x10000004
SIGQUIT: [libjvm.so+0x795eb0], sa_mask[0]=0x7ffbfeff, sa_flags=0x10000004


---------------  S Y S T E M  ---------------

OS:Ubuntu 14.04 (trusty)
uname:Linux 3.13.0-32-generic #57-Ubuntu SMP Tue Jul 15 03:51:08 UTC 2014 x86_64
libc:glibc 2.19 NPTL 2.19 
rlimit: STACK 8192k, CORE 0k, NPROC 31121, NOFILE 4096, AS infinity
load average:2.12 1.62 1.03

/proc/meminfo:
MemTotal:        4005932 kB
MemFree:          262364 kB
Buffers:             428 kB
Cached:            33644 kB
SwapCached:        88836 kB
Active:          2418420 kB
Inactive:         794632 kB
Active(anon):    2418252 kB
Inactive(anon):   763916 kB
Active(file):        168 kB
Inactive(file):    30716 kB
Unevictable:           0 kB
Mlocked:               0 kB
SwapTotal:       4153340 kB
SwapFree:         797068 kB
Dirty:                 0 kB
Writeback:             0 kB
AnonPages:       3090368 kB
Mapped:             6816 kB
Shmem:              2388 kB
Slab:              66956 kB
SReclaimable:      25584 kB
SUnreclaim:        41372 kB
KernelStack:        5512 kB
PageTables:        49960 kB
NFS_Unstable:          0 kB
Bounce:                0 kB
WritebackTmp:          0 kB
CommitLimit:     6156304 kB
Committed_AS:   10161860 kB
VmallocTotal:   34359738367 kB
VmallocUsed:       99012 kB
VmallocChunk:   34359575172 kB
HardwareCorrupted:     0 kB
AnonHugePages:    768000 kB
HugePages_Total:       0
HugePages_Free:        0
HugePages_Rsvd:        0
HugePages_Surp:        0
Hugepagesize:       2048 kB
DirectMap4k:      146272 kB
DirectMap2M:     4005888 kB


CPU:total 4 (2 cores per cpu, 2 threads per core) family 6 model 42 stepping 7, cmov, cx8, fxsr, mmx, sse, sse2, sse3, ssse3, sse4.1, sse4.2, popcnt, avx, ht, tsc, tscinvbit

/proc/cpuinfo:
processor	: 0
vendor_id	: GenuineIntel
cpu family	: 6
model		: 42
model name	: Intel(R) Core(TM) i3-2120 CPU @ 3.30GHz
stepping	: 7
microcode	: 0x28
cpu MHz		: 3300.000
cache size	: 3072 KB
physical id	: 0
siblings	: 4
core id		: 0
cpu cores	: 2
apicid		: 0
initial apicid	: 0
fpu		: yes
fpu_exception	: yes
cpuid level	: 13
wp		: yes
flags		: fpu vme de pse tsc msr pae mce cx8 apic sep mtrr pge mca cmov pat pse36 clflush dts acpi mmx fxsr sse sse2 ss ht tm pbe syscall nx rdtscp lm constant_tsc arch_perfmon pebs bts rep_good nopl xtopology nonstop_tsc aperfmperf eagerfpu pni pclmulqdq dtes64 monitor ds_cpl vmx est tm2 ssse3 cx16 xtpr pdcm pcid sse4_1 sse4_2 popcnt tsc_deadline_timer xsave avx lahf_lm arat epb xsaveopt pln pts dtherm tpr_shadow vnmi flexpriority ept vpid
bogomips	: 6584.77
clflush size	: 64
cache_alignment	: 64
address sizes	: 36 bits physical, 48 bits virtual
power management:

processor	: 1
vendor_id	: GenuineIntel
cpu family	: 6
model		: 42
model name	: Intel(R) Core(TM) i3-2120 CPU @ 3.30GHz
stepping	: 7
microcode	: 0x28
cpu MHz		: 3300.000
cache size	: 3072 KB
physical id	: 0
siblings	: 4
core id		: 1
cpu cores	: 2
apicid		: 2
initial apicid	: 2
fpu		: yes
fpu_exception	: yes
cpuid level	: 13
wp		: yes
flags		: fpu vme de pse tsc msr pae mce cx8 apic sep mtrr pge mca cmov pat pse36 clflush dts acpi mmx fxsr sse sse2 ss ht tm pbe syscall nx rdtscp lm constant_tsc arch_perfmon pebs bts rep_good nopl xtopology nonstop_tsc aperfmperf eagerfpu pni pclmulqdq dtes64 monitor ds_cpl vmx est tm2 ssse3 cx16 xtpr pdcm pcid sse4_1 sse4_2 popcnt tsc_deadline_timer xsave avx lahf_lm arat epb xsaveopt pln pts dtherm tpr_shadow vnmi flexpriority ept vpid
bogomips	: 6584.77
clflush size	: 64
cache_alignment	: 64
address sizes	: 36 bits physical, 48 bits virtual
power management:

processor	: 2
vendor_id	: GenuineIntel
cpu family	: 6
model		: 42
model name	: Intel(R) Core(TM) i3-2120 CPU @ 3.30GHz
stepping	: 7
microcode	: 0x28
cpu MHz		: 3300.000
cache size	: 3072 KB
physical id	: 0
siblings	: 4
core id		: 0
cpu cores	: 2
apicid		: 1
initial apicid	: 1
fpu		: yes
fpu_exception	: yes
cpuid level	: 13
wp		: yes
flags		: fpu vme de pse tsc msr pae mce cx8 apic sep mtrr pge mca cmov pat pse36 clflush dts acpi mmx fxsr sse sse2 ss ht tm pbe syscall nx rdtscp lm constant_tsc arch_perfmon pebs bts rep_good nopl xtopology nonstop_tsc aperfmperf eagerfpu pni pclmulqdq dtes64 monitor ds_cpl vmx est tm2 ssse3 cx16 xtpr pdcm pcid sse4_1 sse4_2 popcnt tsc_deadline_timer xsave avx lahf_lm arat epb xsaveopt pln pts dtherm tpr_shadow vnmi flexpriority ept vpid
bogomips	: 6584.77
clflush size	: 64
cache_alignment	: 64
address sizes	: 36 bits physical, 48 bits virtual
power management:

processor	: 3
vendor_id	: GenuineIntel
cpu family	: 6
model		: 42
model name	: Intel(R) Core(TM) i3-2120 CPU @ 3.30GHz
stepping	: 7
microcode	: 0x28
cpu MHz		: 3300.000
cache size	: 3072 KB
physical id	: 0
siblings	: 4
core id		: 1
cpu cores	: 2
apicid		: 3
initial apicid	: 3
fpu		: yes
fpu_exception	: yes
cpuid level	: 13
wp		: yes
flags		: fpu vme de pse tsc msr pae mce cx8 apic sep mtrr pge mca cmov pat pse36 clflush dts acpi mmx fxsr sse sse2 ss ht tm pbe syscall nx rdtscp lm constant_tsc arch_perfmon pebs bts rep_good nopl xtopology nonstop_tsc aperfmperf eagerfpu pni pclmulqdq dtes64 monitor ds_cpl vmx est tm2 ssse3 cx16 xtpr pdcm pcid sse4_1 sse4_2 popcnt tsc_deadline_timer xsave avx lahf_lm arat epb xsaveopt pln pts dtherm tpr_shadow vnmi flexpriority ept vpid
bogomips	: 6584.77
clflush size	: 64
cache_alignment	: 64
address sizes	: 36 bits physical, 48 bits virtual
power management:



Memory: 4k page, physical 4005932k(262364k free), swap 4153340k(797068k free)

vm_info: OpenJDK 64-Bit Server VM (24.51-b03) for linux-amd64 JRE (1.7.0_55-b14), built on Apr 17 2014 20:08:07 by "buildd" with gcc 4.8.2

time: Wed Aug 20 00:25:25 2014
elapsed time: 7 seconds

