#
# There is insufficient memory for the Java Runtime Environment to continue.
# Native memory allocation (malloc) failed to allocate 62390272 bytes for committing reserved memory.
# Possible reasons:
#   The system is out of physical RAM or swap space
#   In 32 bit mode, the process size limit was hit
# Possible solutions:
#   Reduce memory load on the system
#   Increase physical memory or swap space
#   Check if swap backing store is full
#   Use 64 bit Java on a 64 bit OS
#   Decrease Java heap size (-Xmx/-Xms)
#   Decrease number of Java threads
#   Decrease Java thread stack sizes (-Xss)
#   Set larger code cache with -XX:ReservedCodeCacheSize=
# This output file may be truncated or incomplete.
#
#  Out of Memory Error (os_linux.cpp:2769), pid=30756, tid=139994941634304
#
# JRE version: OpenJDK Runtime Environment (7.0_55-b14) (build 1.7.0_55-b14)
# Java VM: OpenJDK 64-Bit Server VM (24.51-b03 mixed mode linux-amd64 compressed oops)
# Failed to write core dump. Core dumps have been disabled. To enable core dumping, try "ulimit -c unlimited" before starting Java again
#

---------------  T H R E A D  ---------------

Current thread (0x00007f5318027800):  GCTaskThread [stack: 0x00007f531cb43000,0x00007f531cc44000] [id=30767]

Stack: [0x00007f531cb43000,0x00007f531cc44000],  sp=0x00007f531cc429a0,  free space=1022k
Native frames: (J=compiled Java code, j=interpreted, Vv=VM code, C=native code)
V  [libjvm.so+0x917b35]  VMError::report_and_die()+0x175
V  [libjvm.so+0x468144]  report_vm_out_of_memory(char const*, int, unsigned long, char const*)+0x74
V  [libjvm.so+0x79a81b]  os::pd_commit_memory(char*, unsigned long, unsigned long, bool)+0x20b
V  [libjvm.so+0x7950df]  os::commit_memory(char*, unsigned long, unsigned long, bool)+0x1f
V  [libjvm.so+0x8053cb]  PSVirtualSpace::expand_by(unsigned long)+0x5b
V  [libjvm.so+0x7f519b]  PSOldGen::expand_by(unsigned long) [clone .part.80]+0x1b
V  [libjvm.so+0x7f535b]  PSOldGen::expand(unsigned long) [clone .part.81]+0xdb
V  [libjvm.so+0x7f5cbf]  PSOldGen::expand_and_cas_allocate(unsigned long)+0x1f
V  [libjvm.so+0x801466]  oopDesc* PSPromotionManager::copy_to_survivor_space<false>(oopDesc*)+0x7e6
V  [libjvm.so+0x800668]  PSPromotionManager::drain_stacks_depth(bool)+0x6b8
V  [libjvm.so+0x8040aa]  StealTask::do_it(GCTaskManager*, unsigned int)+0x18a
V  [libjvm.so+0x51f032]  GCTaskThread::run()+0x162
V  [libjvm.so+0x7974e2]  java_start(Thread*)+0xf2


---------------  P R O C E S S  ---------------

Java Threads: ( => current thread )
  0x00007f52ac003800 JavaThread "Image Fetcher 2" daemon [_thread_blocked, id=30792, stack(0x00007f52bda5a000,0x00007f52bdb5b000)]
  0x00007f52f0003800 JavaThread "SIGTERM handler" daemon [_thread_blocked, id=30791, stack(0x00007f52bdb5b000,0x00007f52bdc5c000)]
  0x00007f52f0002800 JavaThread "SIGTERM handler" daemon [_thread_blocked, id=30790, stack(0x00007f52bdc5c000,0x00007f52bdd5d000)]
  0x00007f52b0001000 JavaThread "XToolkt-Shutdown-Thread" [_thread_blocked, id=30788, stack(0x00007f52bdd5d000,0x00007f52bde5e000)]
  0x00007f52f0001000 JavaThread "SIGTERM handler" daemon [_thread_blocked, id=30787, stack(0x00007f52c807d000,0x00007f52c817e000)]
  0x00007f52ac001000 JavaThread "Image Fetcher 1" daemon [_thread_blocked, id=30786, stack(0x00007f52cbeff000,0x00007f52cc000000)]
  0x00007f52c04d7800 JavaThread "Thread-2" [_thread_blocked, id=30785, stack(0x00007f52c82ab000,0x00007f52c83ac000)]
  0x00007f52c02f2800 JavaThread "Thread-1" [_thread_blocked, id=30784, stack(0x00007f52c817e000,0x00007f52c827f000)]
  0x00007f52c0002000 JavaThread "AWT-EventQueue-0" [_thread_blocked, id=30782, stack(0x00007f52cbdfe000,0x00007f52cbeff000)]
  0x00007f531839a000 JavaThread "AWT-Shutdown" [_thread_blocked, id=30780, stack(0x00007f52d80e2000,0x00007f52d81e3000)]
  0x00007f53183b3800 JavaThread "Image Fetcher 0" daemon [_thread_blocked, id=30779, stack(0x00007f52d81e3000,0x00007f52d82e4000)]
  0x00007f5318372000 JavaThread "AWT-XAWT" daemon [_thread_blocked, id=30778, stack(0x00007f52d870e000,0x00007f52d880f000)]
  0x00007f5318311000 JavaThread "Java2D Disposer" daemon [_thread_blocked, id=30777, stack(0x00007f52d880f000,0x00007f52d8910000)]
  0x00007f53180a8800 JavaThread "Service Thread" daemon [_thread_blocked, id=30775, stack(0x00007f530d44d000,0x00007f530d54e000)]
  0x00007f53180a6000 JavaThread "C2 CompilerThread1" daemon [_thread_blocked, id=30774, stack(0x00007f531404c000,0x00007f531414d000)]
  0x00007f53180a3800 JavaThread "C2 CompilerThread0" daemon [_thread_blocked, id=30773, stack(0x00007f531414d000,0x00007f531424e000)]
  0x00007f53180a1000 JavaThread "Signal Dispatcher" daemon [_thread_blocked, id=30772, stack(0x00007f531424e000,0x00007f531434f000)]
  0x00007f531807e000 JavaThread "Finalizer" daemon [_thread_blocked, id=30770, stack(0x00007f531434f000,0x00007f5314450000)]
  0x00007f531807c000 JavaThread "Reference Handler" daemon [_thread_blocked, id=30769, stack(0x00007f5314450000,0x00007f5314551000)]
  0x00007f531800c800 JavaThread "main" [_thread_blocked, id=30763, stack(0x00007f532069f000,0x00007f53207a0000)]

Other Threads:
  0x00007f5318077800 VMThread [stack: 0x00007f5314551000,0x00007f5314652000] [id=30768]
  0x00007f53180bb800 WatcherThread [stack: 0x00007f530d34c000,0x00007f530d44d000] [id=30776]

=>0x00007f5318027800 (exited) GCTaskThread [stack: 0x00007f531cb43000,0x00007f531cc44000] [id=30767]

VM state:at safepoint (normal execution)

VM Mutex/Monitor currently owned by a thread:  ([mutex/lock_event])
[0x00007f5318008390] ExpandHeap_lock - owner thread: 0x00007f5318027800
[0x00007f5318008a10] Threads_lock - owner thread: 0x00007f5318077800
[0x00007f5318008f10] Heap_lock - owner thread: 0x00007f53183b3800

Heap
 PSYoungGen      total 242688K, used 224256K [0x00000000eb900000, 0x00000000fdb80000, 0x0000000100000000)
  eden space 224256K, 100% used [0x00000000eb900000,0x00000000f9400000,0x00000000f9400000)
  from space 18432K, 0% used [0x00000000fc980000,0x00000000fc980000,0x00000000fdb80000)
  to   space 29696K, 51% used [0x00000000fa180000,0x00000000fb04f470,0x00000000fbe80000)
 ParOldGen       total 226816K, used 213790K [0x00000000c2c00000, 0x00000000d0980000, 0x00000000eb900000)
  object space 226816K, 94% used [0x00000000c2c00000,0x00000000cfcc7a30,0x00000000d0980000)
 PSPermGen       total 22016K, used 12972K [0x00000000b8600000, 0x00000000b9b80000, 0x00000000c2c00000)
  object space 22016K, 58% used [0x00000000b8600000,0x00000000b92ab008,0x00000000b9b80000)

Card table byte_map: [0x00007f531d0e1000,0x00007f531d31f000] byte_map_base: 0x00007f531cb1e000

Polling page: 0x00007f53207bb000

Code Cache  [0x00007f5315000000, 0x00007f5315270000, 0x00007f5318000000)
 total_blobs=827 nmethods=73 adapters=707 free_code_cache=48272Kb largest_free_block=49404224

Compilation events (10 events):
Event: 4.955 Thread 0x00007f53180a6000 nmethod 68 0x00007f53150ce3d0 code [0x00007f53150ce540, 0x00007f53150ce7b8]
Event: 4.955 Thread 0x00007f53180a6000   70             sun.awt.image.ImageWatched$WeakLink::newInfo (73 bytes)
Event: 4.958 Thread 0x00007f53180a6000 nmethod 70 0x00007f53150cde10 code [0x00007f53150cdf80, 0x00007f53150ce168]
Event: 4.958 Thread 0x00007f53180a6000   71             java.awt.ImageMediaEntry::parseflags (31 bytes)
Event: 4.967 Thread 0x00007f53180a6000 nmethod 71 0x00007f53150d7b90 code [0x00007f53150d7cc0, 0x00007f53150d7d38]
Event: 4.967 Thread 0x00007f53180a6000   72             java.awt.ImageMediaEntry::imageUpdate (51 bytes)
Event: 4.969 Thread 0x00007f53180a6000 nmethod 72 0x00007f53150cdb10 code [0x00007f53150cdc60, 0x00007f53150cdd28]
Event: 4.974 Thread 0x00007f53180a3800 nmethod 69 0x00007f53150e09d0 code [0x00007f53150e0ba0, 0x00007f53150e1968]
Event: 5.795 Thread 0x00007f53180a6000   73             java.io.BufferedInputStream::fill (194 bytes)
Event: 5.800 Thread 0x00007f53180a6000 nmethod 73 0x00007f53150de790 code [0x00007f53150de900, 0x00007f53150decc8]

GC Heap History (10 events):
Event: 5.952 GC heap after
Heap after GC invocations=21 (full 6):
 PSYoungGen      total 207872K, used 96K [0x00000000eb900000, 0x00000000fa380000, 0x0000000100000000)
  eden space 178688K, 0% used [0x00000000eb900000,0x00000000eb900000,0x00000000f6780000)
  from space 29184K, 0% used [0x00000000f8700000,0x00000000f8718000,0x00000000fa380000)
  to   space 30720K, 0% used [0x00000000f6780000,0x00000000f6780000,0x00000000f8580000)
 ParOldGen       total 236032K, used 198638K [0x00000000c2c00000, 0x00000000d1280000, 0x00000000eb900000)
  object space 236032K, 84% used [0x00000000c2c00000,0x00000000cedfbb60,0x00000000d1280000)
 PSPermGen       total 24576K, used 12970K [0x00000000b8600000, 0x00000000b9e00000, 0x00000000c2c00000)
  object space 24576K, 52% used [0x00000000b8600000,0x00000000b92aab90,0x00000000b9e00000)
}
Event: 5.952 GC heap before
{Heap before GC invocations=22 (full 7):
 PSYoungGen      total 207872K, used 96K [0x00000000eb900000, 0x00000000fa380000, 0x0000000100000000)
  eden space 178688K, 0% used [0x00000000eb900000,0x00000000eb900000,0x00000000f6780000)
  from space 29184K, 0% used [0x00000000f8700000,0x00000000f8718000,0x00000000fa380000)
  to   space 30720K, 0% used [0x00000000f6780000,0x00000000f6780000,0x00000000f8580000)
 ParOldGen       total 236032K, used 198638K [0x00000000c2c00000, 0x00000000d1280000, 0x00000000eb900000)
  object space 236032K, 84% used [0x00000000c2c00000,0x00000000cedfbb60,0x00000000d1280000)
 PSPermGen       total 24576K, used 12970K [0x00000000b8600000, 0x00000000b9e00000, 0x00000000c2c00000)
  object space 24576K, 52% used [0x00000000b8600000,0x00000000b92aab90,0x00000000b9e00000)
Event: 5.978 GC heap after
Heap after GC invocations=22 (full 7):
 PSYoungGen      total 207872K, used 0K [0x00000000eb900000, 0x00000000fa380000, 0x0000000100000000)
  eden space 178688K, 0% used [0x00000000eb900000,0x00000000eb900000,0x00000000f6780000)
  from space 29184K, 0% used [0x00000000f8700000,0x00000000f8700000,0x00000000fa380000)
  to   space 30720K, 0% used [0x00000000f6780000,0x00000000f6780000,0x00000000f8580000)
 ParOldGen       total 269824K, used 120360K [0x00000000c2c00000, 0x00000000d3380000, 0x00000000eb900000)
  object space 269824K, 44% used [0x00000000c2c00000,0x00000000ca18a1a8,0x00000000d3380000)
 PSPermGen       total 23040K, used 12970K [0x00000000b8600000, 0x00000000b9c80000, 0x00000000c2c00000)
  object space 23040K, 56% used [0x00000000b8600000,0x00000000b92aab90,0x00000000b9c80000)
}
Event: 6.281 GC heap before
{Heap before GC invocations=23 (full 7):
 PSYoungGen      total 207872K, used 177710K [0x00000000eb900000, 0x00000000fa380000, 0x0000000100000000)
  eden space 178688K, 99% used [0x00000000eb900000,0x00000000f668ba80,0x00000000f6780000)
  from space 29184K, 0% used [0x00000000f8700000,0x00000000f8700000,0x00000000fa380000)
  to   space 30720K, 0% used [0x00000000f6780000,0x00000000f6780000,0x00000000f8580000)
 ParOldGen       total 269824K, used 120360K [0x00000000c2c00000, 0x00000000d3380000, 0x00000000eb900000)
  object space 269824K, 44% used [0x00000000c2c00000,0x00000000ca18a1a8,0x00000000d3380000)
 PSPermGen       total 23040K, used 12971K [0x00000000b8600000, 0x00000000b9c80000, 0x00000000c2c00000)
  object space 23040K, 56% used [0x00000000b8600000,0x00000000b92aaf58,0x00000000b9c80000)
Event: 6.303 GC heap after
Heap after GC invocations=23 (full 7):
 PSYoungGen      total 209408K, used 9376K [0x00000000eb900000, 0x00000000fe600000, 0x0000000100000000)
  eden space 178688K, 0% used [0x00000000eb900000,0x00000000eb900000,0x00000000f6780000)
  from space 30720K, 30% used [0x00000000f6780000,0x00000000f70a8030,0x00000000f8580000)
  to   space 29184K, 0% used [0x00000000fc980000,0x00000000fc980000,0x00000000fe600000)
 ParOldGen       total 269824K, used 159500K [0x00000000c2c00000, 0x00000000d3380000, 0x00000000eb900000)
  object space 269824K, 59% used [0x00000000c2c00000,0x00000000cc7c30f0,0x00000000d3380000)
 PSPermGen       total 23040K, used 12971K [0x00000000b8600000, 0x00000000b9c80000, 0x00000000c2c00000)
  object space 23040K, 56% used [0x00000000b8600000,0x00000000b92aaf58,0x00000000b9c80000)
}
Event: 6.680 GC heap before
{Heap before GC invocations=24 (full 7):
 PSYoungGen      total 209408K, used 150580K [0x00000000eb900000, 0x00000000fe600000, 0x0000000100000000)
  eden space 178688K, 79% used [0x00000000eb900000,0x00000000f42e5318,0x00000000f6780000)
  from space 30720K, 30% used [0x00000000f6780000,0x00000000f70a8030,0x00000000f8580000)
  to   space 29184K, 0% used [0x00000000fc980000,0x00000000fc980000,0x00000000fe600000)
 ParOldGen       total 269824K, used 159500K [0x00000000c2c00000, 0x00000000d3380000, 0x00000000eb900000)
  object space 269824K, 59% used [0x00000000c2c00000,0x00000000cc7c30f0,0x00000000d3380000)
 PSPermGen       total 23040K, used 12971K [0x00000000b8600000, 0x00000000b9c80000, 0x00000000c2c00000)
  object space 23040K, 56% used [0x00000000b8600000,0x00000000b92aaf58,0x00000000b9c80000)
Event: 6.720 GC heap after
Heap after GC invocations=24 (full 7):
 PSYoungGen      total 242688K, used 18269K [0x00000000eb900000, 0x00000000fdb80000, 0x0000000100000000)
  eden space 224256K, 0% used [0x00000000eb900000,0x00000000eb900000,0x00000000f9400000)
  from space 18432K, 99% used [0x00000000fc980000,0x00000000fdb57480,0x00000000fdb80000)
  to   space 29696K, 0% used [0x00000000fa180000,0x00000000fa180000,0x00000000fbe80000)
 ParOldGen       total 269824K, used 208942K [0x00000000c2c00000, 0x00000000d3380000, 0x00000000eb900000)
  object space 269824K, 77% used [0x00000000c2c00000,0x00000000cf80b9c0,0x00000000d3380000)
 PSPermGen       total 23040K, used 12971K [0x00000000b8600000, 0x00000000b9c80000, 0x00000000c2c00000)
  object space 23040K, 56% used [0x00000000b8600000,0x00000000b92aaf58,0x00000000b9c80000)
}
Event: 6.720 GC heap before
{Heap before GC invocations=25 (full 8):
 PSYoungGen      total 242688K, used 18269K [0x00000000eb900000, 0x00000000fdb80000, 0x0000000100000000)
  eden space 224256K, 0% used [0x00000000eb900000,0x00000000eb900000,0x00000000f9400000)
  from space 18432K, 99% used [0x00000000fc980000,0x00000000fdb57480,0x00000000fdb80000)
  to   space 29696K, 0% used [0x00000000fa180000,0x00000000fa180000,0x00000000fbe80000)
 ParOldGen       total 269824K, used 208942K [0x00000000c2c00000, 0x00000000d3380000, 0x00000000eb900000)
  object space 269824K, 77% used [0x00000000c2c00000,0x00000000cf80b9c0,0x00000000d3380000)
 PSPermGen       total 23040K, used 12971K [0x00000000b8600000, 0x00000000b9c80000, 0x00000000c2c00000)
  object space 23040K, 56% used [0x00000000b8600000,0x00000000b92aaf58,0x00000000b9c80000)
Event: 6.752 GC heap after
Heap after GC invocations=25 (full 8):
 PSYoungGen      total 242688K, used 0K [0x00000000eb900000, 0x00000000fdb80000, 0x0000000100000000)
  eden space 224256K, 0% used [0x00000000eb900000,0x00000000eb900000,0x00000000f9400000)
  from space 18432K, 0% used [0x00000000fc980000,0x00000000fc980000,0x00000000fdb80000)
  to   space 29696K, 0% used [0x00000000fa180000,0x00000000fa180000,0x00000000fbe80000)
 ParOldGen       total 226816K, used 77578K [0x00000000c2c00000, 0x00000000d0980000, 0x00000000eb900000)
  object space 226816K, 34% used [0x00000000c2c00000,0x00000000c77c28e0,0x00000000d0980000)
 PSPermGen       total 22016K, used 12971K [0x00000000b8600000, 0x00000000b9b80000, 0x00000000c2c00000)
  object space 22016K, 58% used [0x00000000b8600000,0x00000000b92aaf58,0x00000000b9b80000)
}
Event: 7.180 GC heap before
{Heap before GC invocations=26 (full 8):
 PSYoungGen      total 242688K, used 224256K [0x00000000eb900000, 0x00000000fdb80000, 0x0000000100000000)
  eden space 224256K, 100% used [0x00000000eb900000,0x00000000f9400000,0x00000000f9400000)
  from space 18432K, 0% used [0x00000000fc980000,0x00000000fc980000,0x00000000fdb80000)
  to   space 29696K, 0% used [0x00000000fa180000,0x00000000fa180000,0x00000000fbe80000)
 ParOldGen       total 226816K, used 77590K [0x00000000c2c00000, 0x00000000d0980000, 0x00000000eb900000)
  object space 226816K, 34% used [0x00000000c2c00000,0x00000000c77c5998,0x00000000d0980000)
 PSPermGen       total 22016K, used 12972K [0x00000000b8600000, 0x00000000b9b80000, 0x00000000c2c00000)
  object space 22016K, 58% used [0x00000000b8600000,0x00000000b92ab008,0x00000000b9b80000)

Deoptimization events (10 events):
Event: 2.778 Thread 0x00007f53183b3800 Uncommon trap: reason=class_check action=maybe_recompile pc=0x00007f53150bfca0 method=java.io.BufferedInputStream.fill()V @ 175
Event: 2.779 Thread 0x00007f53183b3800 Uncommon trap: reason=class_check action=maybe_recompile pc=0x00007f53150cb930 method=java.io.BufferedInputStream.read([BII)I @ 101
Event: 2.779 Thread 0x00007f53183b3800 Uncommon trap: reason=class_check action=maybe_recompile pc=0x00007f53150c3e64 method=java.io.BufferedInputStream.fill()V @ 175
Event: 2.785 Thread 0x00007f52ac001000 Uncommon trap: reason=class_check action=maybe_recompile pc=0x00007f53150cb930 method=java.io.BufferedInputStream.read([BII)I @ 101
Event: 2.785 Thread 0x00007f52ac001000 Uncommon trap: reason=class_check action=maybe_recompile pc=0x00007f53150c3e64 method=java.io.BufferedInputStream.fill()V @ 175
Event: 3.022 Thread 0x00007f52c02f2800 Uncommon trap: reason=class_check action=maybe_recompile pc=0x00007f53150bfca0 method=java.io.BufferedInputStream.fill()V @ 175
Event: 3.022 Thread 0x00007f52c02f2800 Uncommon trap: reason=class_check action=maybe_recompile pc=0x00007f53150c4044 method=java.io.BufferedInputStream.read1([BII)I @ 39
Event: 3.022 Thread 0x00007f52c04d7800 Uncommon trap: reason=class_check action=maybe_recompile pc=0x00007f53150c4044 method=java.io.BufferedInputStream.read1([BII)I @ 39
Event: 3.023 Thread 0x00007f52c02f2800 Uncommon trap: reason=class_check action=maybe_recompile pc=0x00007f53150c4044 method=java.io.BufferedInputStream.read1([BII)I @ 39
Event: 3.023 Thread 0x00007f52c02f2800 Uncommon trap: reason=class_check action=maybe_recompile pc=0x00007f53150c4044 method=java.io.BufferedInputStream.read1([BII)I @ 39

Internal exceptions (10 events):
Event: 6.491 Thread 0x00007f52c04d7800 Threw 0x00000000ec427420 at /build/buildd/openjdk-7-7u55-2.4.7/build/openjdk/hotspot/src/share/vm/prims/jni.cpp:717
Event: 6.491 Thread 0x00007f52c04d7800 Threw 0x00000000ec4275a0 at /build/buildd/openjdk-7-7u55-2.4.7/build/openjdk/hotspot/src/share/vm/prims/jni.cpp:717
Event: 6.510 Thread 0x00007f52c02f2800 Threw 0x00000000ec093b18 at /build/buildd/openjdk-7-7u55-2.4.7/build/openjdk/hotspot/src/share/vm/prims/jni.cpp:717
Event: 6.510 Thread 0x00007f52c02f2800 Threw 0x00000000ec093cc8 at /build/buildd/openjdk-7-7u55-2.4.7/build/openjdk/hotspot/src/share/vm/prims/jni.cpp:717
Event: 6.510 Thread 0x00007f52c02f2800 Threw 0x00000000ec093e48 at /build/buildd/openjdk-7-7u55-2.4.7/build/openjdk/hotspot/src/share/vm/prims/jni.cpp:717
Event: 6.510 Thread 0x00007f52c02f2800 Threw 0x00000000ef419260 at /build/buildd/openjdk-7-7u55-2.4.7/build/openjdk/hotspot/src/share/vm/prims/jni.cpp:717
Event: 6.517 Thread 0x00007f52c04d7800 Threw 0x00000000ec427b48 at /build/buildd/openjdk-7-7u55-2.4.7/build/openjdk/hotspot/src/share/vm/prims/jni.cpp:717
Event: 6.517 Thread 0x00007f52c04d7800 Threw 0x00000000ec427cf8 at /build/buildd/openjdk-7-7u55-2.4.7/build/openjdk/hotspot/src/share/vm/prims/jni.cpp:717
Event: 6.517 Thread 0x00007f52c04d7800 Threw 0x00000000ec427e78 at /build/buildd/openjdk-7-7u55-2.4.7/build/openjdk/hotspot/src/share/vm/prims/jni.cpp:717
Event: 6.517 Thread 0x00007f52c04d7800 Threw 0x00000000ef62f3f0 at /build/buildd/openjdk-7-7u55-2.4.7/build/openjdk/hotspot/src/share/vm/prims/jni.cpp:717

Events (10 events):
Event: 6.762 Executing VM operation: RevokeBias done
Event: 6.804 Executing VM operation: RevokeBias
Event: 6.805 Executing VM operation: RevokeBias done
Event: 6.805 Executing VM operation: RevokeBias
Event: 6.805 Executing VM operation: RevokeBias done
Event: 6.805 Executing VM operation: RevokeBias
Event: 6.805 Executing VM operation: RevokeBias done
Event: 7.180 Executing VM operation: ParallelGCFailedAllocation
Event: 7.180 Executing VM operation: ParallelGCFailedAllocation done
Event: 7.180 Executing VM operation: ParallelGCSystemGC


Dynamic libraries:
00400000-00401000 r-xp 00000000 fc:00 138944                             /usr/lib/jvm/java-7-openjdk-amd64/jre/bin/java
00600000-00601000 r--p 00000000 fc:00 138944                             /usr/lib/jvm/java-7-openjdk-amd64/jre/bin/java
00601000-00602000 rw-p 00001000 fc:00 138944                             /usr/lib/jvm/java-7-openjdk-amd64/jre/bin/java
0101f000-01040000 rw-p 00000000 00:00 0                                  [heap]
b8600000-b9b80000 rw-p 00000000 00:00 0 
b9b80000-ba280000 ---p 00000000 00:00 0 
ba280000-c2c00000 rw-p 00000000 00:00 0 
c2c00000-d0980000 rw-p 00000000 00:00 0 
d4500000-d8380000 ---p 00000000 00:00 0 
d8380000-eb900000 rw-p 00000000 00:00 0 
eb900000-fdb80000 rw-p 00000000 00:00 0 
fdb80000-fe600000 ---p 00000000 00:00 0 
fe600000-100000000 rw-p 00000000 00:00 0 
7f529c000000-7f529c021000 rw-p 00000000 00:00 0 
7f529c021000-7f52a0000000 ---p 00000000 00:00 0 
7f52a0000000-7f52a0021000 rw-p 00000000 00:00 0 
7f52a0021000-7f52a4000000 ---p 00000000 00:00 0 
7f52a4000000-7f52a4021000 rw-p 00000000 00:00 0 
7f52a4021000-7f52a8000000 ---p 00000000 00:00 0 
7f52a8000000-7f52a8021000 rw-p 00000000 00:00 0 
7f52a8021000-7f52ac000000 ---p 00000000 00:00 0 
7f52ac000000-7f52ac021000 rw-p 00000000 00:00 0 
7f52ac021000-7f52b0000000 ---p 00000000 00:00 0 
7f52b0000000-7f52b0021000 rw-p 00000000 00:00 0 
7f52b0021000-7f52b4000000 ---p 00000000 00:00 0 
7f52b4000000-7f52b4021000 rw-p 00000000 00:00 0 
7f52b4021000-7f52b8000000 ---p 00000000 00:00 0 
7f52b8000000-7f52b8021000 rw-p 00000000 00:00 0 
7f52b8021000-7f52bc000000 ---p 00000000 00:00 0 
7f52bd8fc000-7f52bda5a000 rw-p 00000000 00:00 0 
7f52bda5a000-7f52bda5d000 ---p 00000000 00:00 0 
7f52bda5d000-7f52bdb5b000 rw-p 00000000 00:00 0                          [stack:30792]
7f52bdb5b000-7f52bdb5e000 ---p 00000000 00:00 0 
7f52bdb5e000-7f52bdc5c000 rw-p 00000000 00:00 0                          [stack:30791]
7f52bdc5c000-7f52bdc5f000 ---p 00000000 00:00 0 
7f52bdc5f000-7f52bdd5d000 rw-p 00000000 00:00 0                          [stack:30790]
7f52bdd5d000-7f52bdd60000 ---p 00000000 00:00 0 
7f52bdd60000-7f52bde5e000 rw-p 00000000 00:00 0                          [stack:30788]
7f52bde5e000-7f52bde5f000 ---p 00000000 00:00 0 
7f52bde5f000-7f52be65f000 rw-p 00000000 00:00 0                          [stack:30783]
7f52be65f000-7f52bfe5d000 r-xp 00000000 fc:00 7217058                    /usr/lib/x86_64-linux-gnu/libLLVM-3.4.so.1
7f52bfe5d000-7f52bffeb000 r--p 017fd000 fc:00 7217058                    /usr/lib/x86_64-linux-gnu/libLLVM-3.4.so.1
7f52bffeb000-7f52bffed000 rw-p 0198b000 fc:00 7217058                    /usr/lib/x86_64-linux-gnu/libLLVM-3.4.so.1
7f52bffed000-7f52c0000000 rw-p 00000000 00:00 0 
7f52c0000000-7f52c08b9000 rw-p 00000000 00:00 0 
7f52c08b9000-7f52c4000000 ---p 00000000 00:00 0 
7f52c4000000-7f52c4021000 rw-p 00000000 00:00 0 
7f52c4021000-7f52c8000000 ---p 00000000 00:00 0 
7f52c807d000-7f52c8080000 ---p 00000000 00:00 0 
7f52c8080000-7f52c817e000 rw-p 00000000 00:00 0                          [stack:30787]
7f52c817e000-7f52c8181000 ---p 00000000 00:00 0 
7f52c8181000-7f52c827f000 rw-p 00000000 00:00 0                          [stack:30784]
7f52c82ab000-7f52c82ae000 ---p 00000000 00:00 0 
7f52c82ae000-7f52c83ac000 rw-p 00000000 00:00 0                          [stack:30785]
7f52c83ac000-7f52c84ac000 rw-s 142554000 00:05 1635                      /dev/dri/card0
7f52c84ac000-7f52c84e3000 r-xp 00000000 fc:00 7218134                    /usr/lib/x86_64-linux-gnu/libtxc_dxtn_s2tc.so.0.0.0
7f52c84e3000-7f52c86e2000 ---p 00037000 fc:00 7218134                    /usr/lib/x86_64-linux-gnu/libtxc_dxtn_s2tc.so.0.0.0
7f52c86e2000-7f52c86e3000 r--p 00036000 fc:00 7218134                    /usr/lib/x86_64-linux-gnu/libtxc_dxtn_s2tc.so.0.0.0
7f52c86e3000-7f52c86e4000 rw-p 00037000 fc:00 7218134                    /usr/lib/x86_64-linux-gnu/libtxc_dxtn_s2tc.so.0.0.0
7f52c86e4000-7f52c8709000 r-xp 00000000 fc:00 1052738                    /lib/x86_64-linux-gnu/libtinfo.so.5.9
7f52c8709000-7f52c8908000 ---p 00025000 fc:00 1052738                    /lib/x86_64-linux-gnu/libtinfo.so.5.9
7f52c8908000-7f52c890c000 r--p 00024000 fc:00 1052738                    /lib/x86_64-linux-gnu/libtinfo.so.5.9
7f52c890c000-7f52c890d000 rw-p 00028000 fc:00 1052738                    /lib/x86_64-linux-gnu/libtinfo.so.5.9
7f52c890d000-7f52c8919000 r-xp 00000000 fc:00 7217434                    /usr/lib/x86_64-linux-gnu/libdrm_radeon.so.1.0.1
7f52c8919000-7f52c8b18000 ---p 0000c000 fc:00 7217434                    /usr/lib/x86_64-linux-gnu/libdrm_radeon.so.1.0.1
7f52c8b18000-7f52c8b19000 r--p 0000b000 fc:00 7217434                    /usr/lib/x86_64-linux-gnu/libdrm_radeon.so.1.0.1
7f52c8b19000-7f52c8b1a000 rw-p 0000c000 fc:00 7217434                    /usr/lib/x86_64-linux-gnu/libdrm_radeon.so.1.0.1
7f52c8b1a000-7f52c8b2f000 r-xp 00000000 fc:00 7217439                    /usr/lib/x86_64-linux-gnu/libelf-0.158.so
7f52c8b2f000-7f52c8d2e000 ---p 00015000 fc:00 7217439                    /usr/lib/x86_64-linux-gnu/libelf-0.158.so
7f52c8d2e000-7f52c8d2f000 r--p 00014000 fc:00 7217439                    /usr/lib/x86_64-linux-gnu/libelf-0.158.so
7f52c8d2f000-7f52c8d30000 rw-p 00015000 fc:00 7217439                    /usr/lib/x86_64-linux-gnu/libelf-0.158.so
7f52c8d30000-7f52c8f19000 r-xp 00000000 fc:00 7217517                    /usr/lib/x86_64-linux-gnu/libgallium.so.0.0.0
7f52c8f19000-7f52c9119000 ---p 001e9000 fc:00 7217517                    /usr/lib/x86_64-linux-gnu/libgallium.so.0.0.0
7f52c9119000-7f52c9129000 r--p 001e9000 fc:00 7217517                    /usr/lib/x86_64-linux-gnu/libgallium.so.0.0.0
7f52c9129000-7f52c912b000 rw-p 001f9000 fc:00 7217517                    /usr/lib/x86_64-linux-gnu/libgallium.so.0.0.0
7f52c912b000-7f52c92f3000 rw-p 00000000 00:00 0 
7f52c92f3000-7f52c968c000 r-xp 00000000 fc:00 2316                       /usr/lib/x86_64-linux-gnu/dri/r600_dri.so
7f52c968c000-7f52c988b000 ---p 00399000 fc:00 2316                       /usr/lib/x86_64-linux-gnu/dri/r600_dri.so
7f52c988b000-7f52c98c9000 r--p 00398000 fc:00 2316                       /usr/lib/x86_64-linux-gnu/dri/r600_dri.so
7f52c98c9000-7f52c98d4000 rw-p 003d6000 fc:00 2316                       /usr/lib/x86_64-linux-gnu/dri/r600_dri.so
7f52c98d4000-7f52c98f0000 rw-p 00000000 00:00 0 
7f52c98f0000-7f52c98f8000 r-xp 00000000 fc:00 1052654                    /lib/x86_64-linux-gnu/libnih-dbus.so.1.0.0
7f52c98f8000-7f52c9af8000 ---p 00008000 fc:00 1052654                    /lib/x86_64-linux-gnu/libnih-dbus.so.1.0.0
7f52c9af8000-7f52c9af9000 r--p 00008000 fc:00 1052654                    /lib/x86_64-linux-gnu/libnih-dbus.so.1.0.0
7f52c9af9000-7f52c9afa000 rw-p 00009000 fc:00 1052654                    /lib/x86_64-linux-gnu/libnih-dbus.so.1.0.0
7f52c9afa000-7f52c9b11000 r-xp 00000000 fc:00 1052656                    /lib/x86_64-linux-gnu/libnih.so.1.0.0
7f52c9b11000-7f52c9d10000 ---p 00017000 fc:00 1052656                    /lib/x86_64-linux-gnu/libnih.so.1.0.0
7f52c9d10000-7f52c9d11000 r--p 00016000 fc:00 1052656                    /lib/x86_64-linux-gnu/libnih.so.1.0.0
7f52c9d11000-7f52c9d12000 rw-p 00017000 fc:00 1052656                    /lib/x86_64-linux-gnu/libnih.so.1.0.0
7f52c9d12000-7f52c9d2b000 r-xp 00000000 fc:00 1052597                    /lib/x86_64-linux-gnu/libcgmanager.so.0.0.0
7f52c9d2b000-7f52c9f2a000 ---p 00019000 fc:00 1052597                    /lib/x86_64-linux-gnu/libcgmanager.so.0.0.0
7f52c9f2a000-7f52c9f2c000 r--p 00018000 fc:00 1052597                    /lib/x86_64-linux-gnu/libcgmanager.so.0.0.0
7f52c9f2c000-7f52c9f2d000 rw-p 0001a000 fc:00 1052597                    /lib/x86_64-linux-gnu/libcgmanager.so.0.0.0
7f52c9f2d000-7f52c9f3d000 r-xp 00000000 fc:00 1052529                    /lib/x86_64-linux-gnu/libudev.so.1.3.5
7f52c9f3d000-7f52ca13c000 ---p 00010000 fc:00 1052529                    /lib/x86_64-linux-gnu/libudev.so.1.3.5
7f52ca13c000-7f52ca13d000 r--p 0000f000 fc:00 1052529                    /lib/x86_64-linux-gnu/libudev.so.1.3.5
7f52ca13d000-7f52ca13e000 rw-p 00010000 fc:00 1052529                    /lib/x86_64-linux-gnu/libudev.so.1.3.5
7f52ca13e000-7f52ca140000 r-xp 00000000 fc:00 5640065                    /home/doctea/vurf-eclipse/lib/base/opengl/libjogl_awt.so
7f52ca140000-7f52ca23f000 ---p 00002000 fc:00 5640065                    /home/doctea/vurf-eclipse/lib/base/opengl/libjogl_awt.so
7f52ca23f000-7f52ca240000 rw-p 00001000 fc:00 5640065                    /home/doctea/vurf-eclipse/lib/base/opengl/libjogl_awt.so
7f52ca240000-7f52ca241000 r-xp 00000000 fc:00 139018                     /usr/lib/jvm/java-7-openjdk-amd64/jre/lib/amd64/libjawt.so
7f52ca241000-7f52ca440000 ---p 00001000 fc:00 139018                     /usr/lib/jvm/java-7-openjdk-amd64/jre/lib/amd64/libjawt.so
7f52ca440000-7f52ca441000 r--p 00000000 fc:00 139018                     /usr/lib/jvm/java-7-openjdk-amd64/jre/lib/amd64/libjawt.so
7f52ca441000-7f52ca442000 rw-p 00001000 fc:00 139018                     /usr/lib/jvm/java-7-openjdk-amd64/jre/lib/amd64/libjawt.so
7f52ca442000-7f52ca531000 r-xp 00000000 fc:00 5640057                    /home/doctea/vurf-eclipse/lib/base/opengl/libjogl.so
7f52ca531000-7f52ca631000 ---p 000ef000 fc:00 5640057                    /home/doctea/vurf-eclipse/lib/base/opengl/libjogl.so
7f52ca631000-7f52ca632000 rw-p 000ef000 fc:00 5640057                    /home/doctea/vurf-eclipse/lib/base/opengl/libjogl.so
7f52ca632000-7f52ca63d000 r-xp 00000000 fc:00 7217428                    /usr/lib/x86_64-linux-gnu/libdrm.so.2.4.0
7f52ca63d000-7f52ca83c000 ---p 0000b000 fc:00 7217428                    /usr/lib/x86_64-linux-gnu/libdrm.so.2.4.0
7f52ca83c000-7f52ca83d000 r--p 0000a000 fc:00 7217428                    /usr/lib/x86_64-linux-gnu/libdrm.so.2.4.0
7f52ca83d000-7f52ca83e000 rw-p 0000b000 fc:00 7217428                    /usr/lib/x86_64-linux-gnu/libdrm.so.2.4.0
7f52ca83e000-7f52ca842000 r-xp 00000000 fc:00 7217237                    /usr/lib/x86_64-linux-gnu/libXxf86vm.so.1.0.0
7f52ca842000-7f52caa42000 ---p 00004000 fc:00 7217237                    /usr/lib/x86_64-linux-gnu/libXxf86vm.so.1.0.0
7f52caa42000-7f52caa43000 r--p 00004000 fc:00 7217237                    /usr/lib/x86_64-linux-gnu/libXxf86vm.so.1.0.0
7f52caa43000-7f52caa44000 rw-p 00005000 fc:00 7217237                    /usr/lib/x86_64-linux-gnu/libXxf86vm.so.1.0.0
7f52caa44000-7f52caa45000 r-xp 00000000 fc:00 7218266                    /usr/lib/x86_64-linux-gnu/libxshmfence.so.1.0.0
7f52caa45000-7f52cac44000 ---p 00001000 fc:00 7218266                    /usr/lib/x86_64-linux-gnu/libxshmfence.so.1.0.0
7f52cac44000-7f52cac45000 r--p 00000000 fc:00 7218266                    /usr/lib/x86_64-linux-gnu/libxshmfence.so.1.0.0
7f52cac45000-7f52cac46000 rw-p 00001000 fc:00 7218266                    /usr/lib/x86_64-linux-gnu/libxshmfence.so.1.0.0
7f52cac46000-7f52cac4b000 r-xp 00000000 fc:00 7218248                    /usr/lib/x86_64-linux-gnu/libxcb-sync.so.1.0.0
7f52cac4b000-7f52cae4a000 ---p 00005000 fc:00 7218248                    /usr/lib/x86_64-linux-gnu/libxcb-sync.so.1.0.0
7f52cae4a000-7f52cae4b000 r--p 00004000 fc:00 7218248                    /usr/lib/x86_64-linux-gnu/libxcb-sync.so.1.0.0
7f52cae4b000-7f52cae4c000 rw-p 00005000 fc:00 7218248                    /usr/lib/x86_64-linux-gnu/libxcb-sync.so.1.0.0
7f52cae4c000-7f52cae4e000 r-xp 00000000 fc:00 7218236                    /usr/lib/x86_64-linux-gnu/libxcb-present.so.0.0.0
7f52cae4e000-7f52cb04d000 ---p 00002000 fc:00 7218236                    /usr/lib/x86_64-linux-gnu/libxcb-present.so.0.0.0
7f52cb04d000-7f52cb04e000 r--p 00001000 fc:00 7218236                    /usr/lib/x86_64-linux-gnu/libxcb-present.so.0.0.0
7f52cb04e000-7f52cb04f000 rw-p 00002000 fc:00 7218236                    /usr/lib/x86_64-linux-gnu/libxcb-present.so.0.0.0
7f52cb04f000-7f52cb051000 r-xp 00000000 fc:00 7218226                    /usr/lib/x86_64-linux-gnu/libxcb-dri3.so.0.0.0
7f52cb051000-7f52cb250000 ---p 00002000 fc:00 7218226                    /usr/lib/x86_64-linux-gnu/libxcb-dri3.so.0.0.0
7f52cb250000-7f52cb251000 r--p 00001000 fc:00 7218226                    /usr/lib/x86_64-linux-gnu/libxcb-dri3.so.0.0.0
7f52cb251000-7f52cb252000 rw-p 00002000 fc:00 7218226                    /usr/lib/x86_64-linux-gnu/libxcb-dri3.so.0.0.0
7f52cb252000-7f52cb255000 r-xp 00000000 fc:00 7218224                    /usr/lib/x86_64-linux-gnu/libxcb-dri2.so.0.0.0
7f52cb255000-7f52cb455000 ---p 00003000 fc:00 7218224                    /usr/lib/x86_64-linux-gnu/libxcb-dri2.so.0.0.0
7f52cb455000-7f52cb456000 r--p 00003000 fc:00 7218224                    /usr/lib/x86_64-linux-gnu/libxcb-dri2.so.0.0.0
7f52cb456000-7f52cb457000 rw-p 00004000 fc:00 7218224                    /usr/lib/x86_64-linux-gnu/libxcb-dri2.so.0.0.0
7f52cb457000-7f52cb46c000 r-xp 00000000 fc:00 7218228                    /usr/lib/x86_64-linux-gnu/libxcb-glx.so.0.0.0
7f52cb46c000-7f52cb66b000 ---p 00015000 fc:00 7218228                    /usr/lib/x86_64-linux-gnu/libxcb-glx.so.0.0.0
7f52cb66b000-7f52cb66d000 r--p 00014000 fc:00 7218228                    /usr/lib/x86_64-linux-gnu/libxcb-glx.so.0.0.0
7f52cb66d000-7f52cb66e000 rw-p 00016000 fc:00 7218228                    /usr/lib/x86_64-linux-gnu/libxcb-glx.so.0.0.0
7f52cb66e000-7f52cb66f000 r-xp 00000000 fc:00 7217180                    /usr/lib/x86_64-linux-gnu/libX11-xcb.so.1.0.0
7f52cb66f000-7f52cb86e000 ---p 00001000 fc:00 7217180                    /usr/lib/x86_64-linux-gnu/libX11-xcb.so.1.0.0
7f52cb86e000-7f52cb86f000 r--p 00000000 fc:00 7217180                    /usr/lib/x86_64-linux-gnu/libX11-xcb.so.1.0.0
7f52cb86f000-7f52cb870000 rw-p 00001000 fc:00 7217180                    /usr/lib/x86_64-linux-gnu/libX11-xcb.so.1.0.0
7f52cb870000-7f52cb892000 r-xp 00000000 fc:00 7217573                    /usr/lib/x86_64-linux-gnu/libglapi.so.0.0.0
7f52cb892000-7f52cba92000 ---p 00022000 fc:00 7217573                    /usr/lib/x86_64-linux-gnu/libglapi.so.0.0.0
7f52cba92000-7f52cba95000 r--p 00022000 fc:00 7217573                    /usr/lib/x86_64-linux-gnu/libglapi.so.0.0.0
7f52cba95000-7f52cba96000 rw-p 00025000 fc:00 7217573                    /usr/lib/x86_64-linux-gnu/libglapi.so.0.0.0
7f52cba96000-7f52cba97000 rw-p 00000000 00:00 0 
7f52cba97000-7f52cbaf9000 r-xp 00000000 fc:00 131891                     /usr/lib/x86_64-linux-gnu/mesa/libGL.so.1.2.0
7f52cbaf9000-7f52cbcf8000 ---p 00062000 fc:00 131891                     /usr/lib/x86_64-linux-gnu/mesa/libGL.so.1.2.0
7f52cbcf8000-7f52cbcfb000 r--p 00061000 fc:00 131891                     /usr/lib/x86_64-linux-gnu/mesa/libGL.so.1.2.0
7f52cbcfb000-7f52cbcfc000 rw-p 00064000 fc:00 131891                     /usr/lib/x86_64-linux-gnu/mesa/libGL.so.1.2.0
7f52cbcfc000-7f52cbcfd000 rw-p 00000000 00:00 0 
7f52cbcfd000-7f52cbcfe000 r-xp 00000000 fc:00 5640038                    /home/doctea/vurf-eclipse/lib/base/opengl/libgluegen-rt.so
7f52cbcfe000-7f52cbdfd000 ---p 00001000 fc:00 5640038                    /home/doctea/vurf-eclipse/lib/base/opengl/libgluegen-rt.so
7f52cbdfd000-7f52cbdfe000 rw-p 00000000 fc:00 5640038                    /home/doctea/vurf-eclipse/lib/base/opengl/libgluegen-rt.so
7f52cbdfe000-7f52cbe01000 ---p 00000000 00:00 0 
7f52cbe01000-7f52cbeff000 rw-p 00000000 00:00 0                          [stack:30782]
7f52cbeff000-7f52cbf02000 ---p 00000000 00:00 0 
7f52cbf02000-7f52cc000000 rw-p 00000000 00:00 0                          [stack:30786]
7f52cc000000-7f52cc021000 rw-p 00000000 00:00 0 
7f52cc021000-7f52d0000000 ---p 00000000 00:00 0 
7f52d0000000-7f52d002e000 rw-p 00000000 00:00 0 
7f52d002e000-7f52d4000000 ---p 00000000 00:00 0 
7f52d4000000-7f52d4021000 rw-p 00000000 00:00 0 
7f52d4021000-7f52d8000000 ---p 00000000 00:00 0 
7f52d80e2000-7f52d80e5000 ---p 00000000 00:00 0 
7f52d80e5000-7f52d81e3000 rw-p 00000000 00:00 0                          [stack:30780]
7f52d81e3000-7f52d81e6000 ---p 00000000 00:00 0 
7f52d81e6000-7f52d82e4000 rw-p 00000000 00:00 0                          [stack:30779]
7f52d82e4000-7f52d82fa000 r-xp 00000000 fc:00 139005                     /usr/lib/jvm/java-7-openjdk-amd64/jre/lib/amd64/libnet.so
7f52d82fa000-7f52d84fa000 ---p 00016000 fc:00 139005                     /usr/lib/jvm/java-7-openjdk-amd64/jre/lib/amd64/libnet.so
7f52d84fa000-7f52d84fb000 r--p 00016000 fc:00 139005                     /usr/lib/jvm/java-7-openjdk-amd64/jre/lib/amd64/libnet.so
7f52d84fb000-7f52d84fc000 rw-p 00017000 fc:00 139005                     /usr/lib/jvm/java-7-openjdk-amd64/jre/lib/amd64/libnet.so
7f52d84fc000-7f52d850c000 r-xp 00000000 fc:00 139014                     /usr/lib/jvm/java-7-openjdk-amd64/jre/lib/amd64/libnio.so
7f52d850c000-7f52d870c000 ---p 00010000 fc:00 139014                     /usr/lib/jvm/java-7-openjdk-amd64/jre/lib/amd64/libnio.so
7f52d870c000-7f52d870d000 r--p 00010000 fc:00 139014                     /usr/lib/jvm/java-7-openjdk-amd64/jre/lib/amd64/libnio.so
7f52d870d000-7f52d870e000 rw-p 00011000 fc:00 139014                     /usr/lib/jvm/java-7-openjdk-amd64/jre/lib/amd64/libnio.so
7f52d870e000-7f52d8711000 ---p 00000000 00:00 0 
7f52d8711000-7f52d880f000 rw-p 00000000 00:00 0                          [stack:30778]
7f52d880f000-7f52d8812000 ---p 00000000 00:00 0 
7f52d8812000-7f52d8910000 rw-p 00000000 00:00 0                          [stack:30777]
7f52d8910000-7f52d8914000 r-xp 00000000 fc:00 1052625                    /lib/x86_64-linux-gnu/libgpg-error.so.0.10.0
7f52d8914000-7f52d8b13000 ---p 00004000 fc:00 1052625                    /lib/x86_64-linux-gnu/libgpg-error.so.0.10.0
7f52d8b13000-7f52d8b14000 r--p 00003000 fc:00 1052625                    /lib/x86_64-linux-gnu/libgpg-error.so.0.10.0
7f52d8b14000-7f52d8b15000 rw-p 00004000 fc:00 1052625                    /lib/x86_64-linux-gnu/libgpg-error.so.0.10.0
7f52d8b15000-7f52d8b17000 r-xp 00000000 fc:00 1052635                    /lib/x86_64-linux-gnu/libkeyutils.so.1.4
7f52d8b17000-7f52d8d17000 ---p 00002000 fc:00 1052635                    /lib/x86_64-linux-gnu/libkeyutils.so.1.4
7f52d8d17000-7f52d8d18000 r--p 00002000 fc:00 1052635                    /lib/x86_64-linux-gnu/libkeyutils.so.1.4
7f52d8d18000-7f52d8d19000 rw-p 00003000 fc:00 1052635                    /lib/x86_64-linux-gnu/libkeyutils.so.1.4
7f52d8d19000-7f52d8d33000 r-xp 00000000 fc:00 7217615                    /usr/lib/x86_64-linux-gnu/libgraphite2.so.3.0.1
7f52d8d33000-7f52d8f32000 ---p 0001a000 fc:00 7217615                    /usr/lib/x86_64-linux-gnu/libgraphite2.so.3.0.1
7f52d8f32000-7f52d8f34000 r--p 00019000 fc:00 7217615                    /usr/lib/x86_64-linux-gnu/libgraphite2.so.3.0.1
7f52d8f34000-7f52d8f35000 rw-p 0001b000 fc:00 7217615                    /usr/lib/x86_64-linux-gnu/libgraphite2.so.3.0.1
7f52d8f35000-7f52d8f79000 r-xp 00000000 fc:00 1052606                    /lib/x86_64-linux-gnu/libdbus-1.so.3.7.6
7f52d8f79000-7f52d9178000 ---p 00044000 fc:00 1052606                    /lib/x86_64-linux-gnu/libdbus-1.so.3.7.6
7f52d9178000-7f52d9179000 r--p 00043000 fc:00 1052606                    /lib/x86_64-linux-gnu/libdbus-1.so.3.7.6
7f52d9179000-7f52d917a000 rw-p 00044000 fc:00 1052606                    /lib/x86_64-linux-gnu/libdbus-1.so.3.7.6
7f52d917a000-7f52d91b5000 r-xp 00000000 fc:00 7217913                    /usr/lib/x86_64-linux-gnu/libp11-kit.so.0.0.0
7f52d91b5000-7f52d93b4000 ---p 0003b000 fc:00 7217913                    /usr/lib/x86_64-linux-gnu/libp11-kit.so.0.0.0
7f52d93b4000-7f52d93ba000 r--p 0003a000 fc:00 7217913                    /usr/lib/x86_64-linux-gnu/libp11-kit.so.0.0.0
7f52d93ba000-7f52d93bc000 rw-p 00040000 fc:00 7217913                    /usr/lib/x86_64-linux-gnu/libp11-kit.so.0.0.0
7f52d93bc000-7f52d93ce000 r-xp 00000000 fc:00 7218098                    /usr/lib/x86_64-linux-gnu/libtasn1.so.6.2.0
7f52d93ce000-7f52d95ce000 ---p 00012000 fc:00 7218098                    /usr/lib/x86_64-linux-gnu/libtasn1.so.6.2.0
7f52d95ce000-7f52d95cf000 r--p 00012000 fc:00 7218098                    /usr/lib/x86_64-linux-gnu/libtasn1.so.6.2.0
7f52d95cf000-7f52d95d0000 rw-p 00013000 fc:00 7218098                    /usr/lib/x86_64-linux-gnu/libtasn1.so.6.2.0
7f52d95d0000-7f52d964b000 r-xp 00000000 fc:00 1052621                    /lib/x86_64-linux-gnu/libgcrypt.so.11.8.2
7f52d964b000-7f52d984b000 ---p 0007b000 fc:00 1052621                    /lib/x86_64-linux-gnu/libgcrypt.so.11.8.2
7f52d984b000-7f52d984c000 r--p 0007b000 fc:00 1052621                    /lib/x86_64-linux-gnu/libgcrypt.so.11.8.2
7f52d984c000-7f52d984f000 rw-p 0007c000 fc:00 1052621                    /lib/x86_64-linux-gnu/libgcrypt.so.11.8.2
7f52d984f000-7f52d9859000 r-xp 00000000 fc:00 7217793                    /usr/lib/x86_64-linux-gnu/libkrb5support.so.0.1
7f52d9859000-7f52d9a58000 ---p 0000a000 fc:00 7217793                    /usr/lib/x86_64-linux-gnu/libkrb5support.so.0.1
7f52d9a58000-7f52d9a59000 r--p 00009000 fc:00 7217793                    /usr/lib/x86_64-linux-gnu/libkrb5support.so.0.1
7f52d9a59000-7f52d9a5a000 rw-p 0000a000 fc:00 7217793                    /usr/lib/x86_64-linux-gnu/libkrb5support.so.0.1
7f52d9a5a000-7f52d9a5d000 r-xp 00000000 fc:00 1052601                    /lib/x86_64-linux-gnu/libcom_err.so.2.1
7f52d9a5d000-7f52d9c5c000 ---p 00003000 fc:00 1052601                    /lib/x86_64-linux-gnu/libcom_err.so.2.1
7f52d9c5c000-7f52d9c5d000 r--p 00002000 fc:00 1052601                    /lib/x86_64-linux-gnu/libcom_err.so.2.1
7f52d9c5d000-7f52d9c5e000 rw-p 00003000 fc:00 1052601                    /lib/x86_64-linux-gnu/libcom_err.so.2.1
7f52d9c5e000-7f52d9c8a000 r-xp 00000000 fc:00 7219800                    /usr/lib/x86_64-linux-gnu/libk5crypto.so.3.1
7f52d9c8a000-7f52d9e89000 ---p 0002c000 fc:00 7219800                    /usr/lib/x86_64-linux-gnu/libk5crypto.so.3.1
7f52d9e89000-7f52d9e8b000 r--p 0002b000 fc:00 7219800                    /usr/lib/x86_64-linux-gnu/libk5crypto.so.3.1
7f52d9e8b000-7f52d9e8c000 rw-p 0002d000 fc:00 7219800                    /usr/lib/x86_64-linux-gnu/libk5crypto.so.3.1
7f52d9e8c000-7f52d9e8d000 rw-p 00000000 00:00 0 
7f52d9e8d000-7f52d9f49000 r-xp 00000000 fc:00 7217623                    /usr/lib/x86_64-linux-gnu/libkrb5.so.3.3
7f52d9f49000-7f52da149000 ---p 000bc000 fc:00 7217623                    /usr/lib/x86_64-linux-gnu/libkrb5.so.3.3
7f52da149000-7f52da156000 r--p 000bc000 fc:00 7217623                    /usr/lib/x86_64-linux-gnu/libkrb5.so.3.3
7f52da156000-7f52da158000 rw-p 000c9000 fc:00 7217623                    /usr/lib/x86_64-linux-gnu/libkrb5.so.3.3
7f52da158000-7f52da15e000 r-xp 00000000 fc:00 7217389                    /usr/lib/x86_64-linux-gnu/libdatrie.so.1.3.1
7f52da15e000-7f52da35d000 ---p 00006000 fc:00 7217389                    /usr/lib/x86_64-linux-gnu/libdatrie.so.1.3.1
7f52da35d000-7f52da35e000 r--p 00005000 fc:00 7217389                    /usr/lib/x86_64-linux-gnu/libdatrie.so.1.3.1
7f52da35e000-7f52da35f000 rw-p 00006000 fc:00 7217389                    /usr/lib/x86_64-linux-gnu/libdatrie.so.1.3.1
7f52da35f000-7f52da3b2000 r-xp 00000000 fc:00 7217728                    /usr/lib/x86_64-linux-gnu/libharfbuzz.so.0.927.0
7f52da3b2000-7f52da5b2000 ---p 00053000 fc:00 7217728                    /usr/lib/x86_64-linux-gnu/libharfbuzz.so.0.927.0
7f52da5b2000-7f52da5b3000 r--p 00053000 fc:00 7217728                    /usr/lib/x86_64-linux-gnu/libharfbuzz.so.0.927.0
7f52da5b3000-7f52da5b4000 rw-p 00054000 fc:00 7217728                    /usr/lib/x86_64-linux-gnu/libharfbuzz.so.0.927.0
7f52da5b4000-7f52da5bc000 r-xp 00000000 fc:00 7218242                    /usr/lib/x86_64-linux-gnu/libxcb-render.so.0.0.0
7f52da5bc000-7f52da7bb000 ---p 00008000 fc:00 7218242                    /usr/lib/x86_64-linux-gnu/libxcb-render.so.0.0.0
7f52da7bb000-7f52da7bc000 r--p 00007000 fc:00 7218242                    /usr/lib/x86_64-linux-gnu/libxcb-render.so.0.0.0
7f52da7bc000-7f52da7bd000 rw-p 00008000 fc:00 7218242                    /usr/lib/x86_64-linux-gnu/libxcb-render.so.0.0.0
7f52da7bd000-7f52da7bf000 r-xp 00000000 fc:00 7218246                    /usr/lib/x86_64-linux-gnu/libxcb-shm.so.0.0.0
7f52da7bf000-7f52da9be000 ---p 00002000 fc:00 7218246                    /usr/lib/x86_64-linux-gnu/libxcb-shm.so.0.0.0
7f52da9be000-7f52da9bf000 r--p 00001000 fc:00 7218246                    /usr/lib/x86_64-linux-gnu/libxcb-shm.so.0.0.0
7f52da9bf000-7f52da9c0000 rw-p 00002000 fc:00 7218246                    /usr/lib/x86_64-linux-gnu/libxcb-shm.so.0.0.0
7f52da9c0000-7f52da9e5000 r-xp 00000000 fc:00 1052707                    /lib/x86_64-linux-gnu/libpng12.so.0.50.0
7f52da9e5000-7f52dabe4000 ---p 00025000 fc:00 1052707                    /lib/x86_64-linux-gnu/libpng12.so.0.50.0
7f52dabe4000-7f52dabe5000 r--p 00024000 fc:00 1052707                    /lib/x86_64-linux-gnu/libpng12.so.0.50.0
7f52dabe5000-7f52dabe6000 rw-p 00025000 fc:00 1052707                    /lib/x86_64-linux-gnu/libpng12.so.0.50.0
7f52dabe6000-7f52dac87000 r-xp 00000000 fc:00 7217944                    /usr/lib/x86_64-linux-gnu/libpixman-1.so.0.30.2
7f52dac87000-7f52dae87000 ---p 000a1000 fc:00 7217944                    /usr/lib/x86_64-linux-gnu/libpixman-1.so.0.30.2
7f52dae87000-7f52dae8e000 r--p 000a1000 fc:00 7217944                    /usr/lib/x86_64-linux-gnu/libpixman-1.so.0.30.2
7f52dae8e000-7f52dae8f000 rw-p 000a8000 fc:00 7217944                    /usr/lib/x86_64-linux-gnu/libpixman-1.so.0.30.2
7f52dae8f000-7f52dae94000 r-xp 00000000 fc:00 7217197                    /usr/lib/x86_64-linux-gnu/libXdmcp.so.6.0.0
7f52dae94000-7f52db093000 ---p 00005000 fc:00 7217197                    /usr/lib/x86_64-linux-gnu/libXdmcp.so.6.0.0
7f52db093000-7f52db094000 r--p 00004000 fc:00 7217197                    /usr/lib/x86_64-linux-gnu/libXdmcp.so.6.0.0
7f52db094000-7f52db095000 rw-p 00005000 fc:00 7217197                    /usr/lib/x86_64-linux-gnu/libXdmcp.so.6.0.0
7f52db095000-7f52db097000 r-xp 00000000 fc:00 7217186                    /usr/lib/x86_64-linux-gnu/libXau.so.6.0.0
7f52db097000-7f52db297000 ---p 00002000 fc:00 7217186                    /usr/lib/x86_64-linux-gnu/libXau.so.6.0.0
7f52db297000-7f52db298000 r--p 00002000 fc:00 7217186                    /usr/lib/x86_64-linux-gnu/libXau.so.6.0.0
7f52db298000-7f52db299000 rw-p 00003000 fc:00 7217186                    /usr/lib/x86_64-linux-gnu/libXau.so.6.0.0
7f52db299000-7f52db2a8000 r-xp 00000000 fc:00 7217290                    /usr/lib/x86_64-linux-gnu/libavahi-client.so.3.2.9
7f52db2a8000-7f52db4a8000 ---p 0000f000 fc:00 7217290                    /usr/lib/x86_64-linux-gnu/libavahi-client.so.3.2.9
7f52db4a8000-7f52db4a9000 r--p 0000f000 fc:00 7217290                    /usr/lib/x86_64-linux-gnu/libavahi-client.so.3.2.9
7f52db4a9000-7f52db4aa000 rw-p 00010000 fc:00 7217290                    /usr/lib/x86_64-linux-gnu/libavahi-client.so.3.2.9
7f52db4aa000-7f52db4b5000 r-xp 00000000 fc:00 7217292                    /usr/lib/x86_64-linux-gnu/libavahi-common.so.3.5.3
7f52db4b5000-7f52db6b4000 ---p 0000b000 fc:00 7217292                    /usr/lib/x86_64-linux-gnu/libavahi-common.so.3.5.3
7f52db6b4000-7f52db6b5000 r--p 0000a000 fc:00 7217292                    /usr/lib/x86_64-linux-gnu/libavahi-common.so.3.5.3
7f52db6b5000-7f52db6b6000 rw-p 0000b000 fc:00 7217292                    /usr/lib/x86_64-linux-gnu/libavahi-common.so.3.5.3
7f52db6b6000-7f52db76c000 r-xp 00000000 fc:00 7217593                    /usr/lib/x86_64-linux-gnu/libgnutls.so.26.22.6
7f52db76c000-7f52db96c000 ---p 000b6000 fc:00 7217593                    /usr/lib/x86_64-linux-gnu/libgnutls.so.26.22.6
7f52db96c000-7f52db972000 r--p 000b6000 fc:00 7217593                    /usr/lib/x86_64-linux-gnu/libgnutls.so.26.22.6
7f52db972000-7f52db973000 rw-p 000bc000 fc:00 7217593                    /usr/lib/x86_64-linux-gnu/libgnutls.so.26.22.6
7f52db973000-7f52db974000 rw-p 00000000 00:00 0 
7f52db974000-7f52db9b7000 r-xp 00000000 fc:00 7217789                    /usr/lib/x86_64-linux-gnu/libgssapi_krb5.so.2.2
7f52db9b7000-7f52dbbb7000 ---p 00043000 fc:00 7217789                    /usr/lib/x86_64-linux-gnu/libgssapi_krb5.so.2.2
7f52dbbb7000-7f52dbbb8000 r--p 00043000 fc:00 7217789                    /usr/lib/x86_64-linux-gnu/libgssapi_krb5.so.2.2
7f52dbbb8000-7f52dbbba000 rw-p 00044000 fc:00 7217789                    /usr/lib/x86_64-linux-gnu/libgssapi_krb5.so.2.2
7f52dbbba000-7f52dbbf7000 r-xp 00000000 fc:00 1052695                    /lib/x86_64-linux-gnu/libpcre.so.3.13.1
7f52dbbf7000-7f52dbdf6000 ---p 0003d000 fc:00 1052695                    /lib/x86_64-linux-gnu/libpcre.so.3.13.1
7f52dbdf6000-7f52dbdf7000 r--p 0003c000 fc:00 1052695                    /lib/x86_64-linux-gnu/libpcre.so.3.13.1
7f52dbdf7000-7f52dbdf8000 rw-p 0003d000 fc:00 1052695                    /lib/x86_64-linux-gnu/libpcre.so.3.13.1
7f52dbdf8000-7f52dbdff000 r-xp 00000000 fc:00 7217464                    /usr/lib/x86_64-linux-gnu/libffi.so.6.0.1
7f52dbdff000-7f52dbffe000 ---p 00007000 fc:00 7217464                    /usr/lib/x86_64-linux-gnu/libffi.so.6.0.1
7f52dbffe000-7f52dbfff000 r--p 00006000 fc:00 7217464                    /usr/lib/x86_64-linux-gnu/libffi.so.6.0.1
7f52dbfff000-7f52dc000000 rw-p 00007000 fc:00 7217464                    /usr/lib/x86_64-linux-gnu/libffi.so.6.0.1
7f52dc000000-7f52dc021000 rw-p 00000000 00:00 0 
7f52dc021000-7f52e0000000 ---p 00000000 00:00 0 
7f52e0000000-7f52e0021000 rw-p 00000000 00:00 0 
7f52e0021000-7f52e4000000 ---p 00000000 00:00 0 
7f52e4000000-7f52e4445000 rw-p 00000000 00:00 0 
7f52e4445000-7f52e8000000 ---p 00000000 00:00 0 
7f52e8000000-7f52e8217000 rw-p 00000000 00:00 0 
7f52e8217000-7f52ec000000 ---p 00000000 00:00 0 
7f52ec000000-7f52ec021000 rw-p 00000000 00:00 0 
7f52ec021000-7f52f0000000 ---p 00000000 00:00 0 
7f52f0000000-7f52f0021000 rw-p 00000000 00:00 0 
7f52f0021000-7f52f4000000 ---p 00000000 00:00 0 
7f52f4000000-7f52f4021000 rw-p 00000000 00:00 0 
7f52f4021000-7f52f8000000 ---p 00000000 00:00 0 
7f52f8000000-7f52f8021000 rw-p 00000000 00:00 0 
7f52f8021000-7f52fc000000 ---p 00000000 00:00 0 
7f52fc000000-7f52fc0e2000 rw-p 00000000 00:00 0 
7f52fc0e2000-7f5300000000 ---p 00000000 00:00 0 
7f5300000000-7f5300021000 rw-p 00000000 00:00 0 
7f5300021000-7f5304000000 ---p 00000000 00:00 0 
7f530404d000-7f530405d000 rw-s 15e419000 00:05 1635                      /dev/dri/card0
7f530405d000-7f530406d000 rw-s 141e84000 00:05 1635                      /dev/dri/card0
7f530406d000-7f530409e000 rw-p 00000000 00:00 0 
7f530409e000-7f53040c5000 r-xp 00000000 fc:00 1052614                    /lib/x86_64-linux-gnu/libexpat.so.1.6.0
7f53040c5000-7f53042c5000 ---p 00027000 fc:00 1052614                    /lib/x86_64-linux-gnu/libexpat.so.1.6.0
7f53042c5000-7f53042c7000 r--p 00027000 fc:00 1052614                    /lib/x86_64-linux-gnu/libexpat.so.1.6.0
7f53042c7000-7f53042c8000 rw-p 00029000 fc:00 1052614                    /lib/x86_64-linux-gnu/libexpat.so.1.6.0
7f53042c8000-7f5304365000 r-xp 00000000 fc:00 7217506                    /usr/lib/x86_64-linux-gnu/libfreetype.so.6.11.1
7f5304365000-7f5304564000 ---p 0009d000 fc:00 7217506                    /usr/lib/x86_64-linux-gnu/libfreetype.so.6.11.1
7f5304564000-7f530456a000 r--p 0009c000 fc:00 7217506                    /usr/lib/x86_64-linux-gnu/libfreetype.so.6.11.1
7f530456a000-7f530456b000 rw-p 000a2000 fc:00 7217506                    /usr/lib/x86_64-linux-gnu/libfreetype.so.6.11.1
7f530456b000-7f5304573000 r-xp 00000000 fc:00 7218114                    /usr/lib/x86_64-linux-gnu/libthai.so.0.2.0
7f5304573000-7f5304772000 ---p 00008000 fc:00 7218114                    /usr/lib/x86_64-linux-gnu/libthai.so.0.2.0
7f5304772000-7f5304773000 r--p 00007000 fc:00 7218114                    /usr/lib/x86_64-linux-gnu/libthai.so.0.2.0
7f5304773000-7f5304774000 rw-p 00008000 fc:00 7218114                    /usr/lib/x86_64-linux-gnu/libthai.so.0.2.0
7f5304774000-7f530478b000 r-xp 00000000 fc:00 1057036                    /lib/x86_64-linux-gnu/libresolv-2.19.so
7f530478b000-7f530498b000 ---p 00017000 fc:00 1057036                    /lib/x86_64-linux-gnu/libresolv-2.19.so
7f530498b000-7f530498c000 r--p 00017000 fc:00 1057036                    /lib/x86_64-linux-gnu/libresolv-2.19.so
7f530498c000-7f530498d000 rw-p 00018000 fc:00 1057036                    /lib/x86_64-linux-gnu/libresolv-2.19.so
7f530498d000-7f530498f000 rw-p 00000000 00:00 0 
7f530498f000-7f53049af000 r-xp 00000000 fc:00 1052722                    /lib/x86_64-linux-gnu/libselinux.so.1
7f53049af000-7f5304bae000 ---p 00020000 fc:00 1052722                    /lib/x86_64-linux-gnu/libselinux.so.1
7f5304bae000-7f5304baf000 r--p 0001f000 fc:00 1052722                    /lib/x86_64-linux-gnu/libselinux.so.1
7f5304baf000-7f5304bb0000 rw-p 00020000 fc:00 1052722                    /lib/x86_64-linux-gnu/libselinux.so.1
7f5304bb0000-7f5304bb2000 rw-p 00000000 00:00 0 
7f5304bb2000-7f5304bb4000 r-xp 00000000 fc:00 7217195                    /usr/lib/x86_64-linux-gnu/libXdamage.so.1.1.0
7f5304bb4000-7f5304db3000 ---p 00002000 fc:00 7217195                    /usr/lib/x86_64-linux-gnu/libXdamage.so.1.1.0
7f5304db3000-7f5304db4000 r--p 00001000 fc:00 7217195                    /usr/lib/x86_64-linux-gnu/libXdamage.so.1.1.0
7f5304db4000-7f5304db5000 rw-p 00002000 fc:00 7217195                    /usr/lib/x86_64-linux-gnu/libXdamage.so.1.1.0
7f5304db5000-7f5304db7000 r-xp 00000000 fc:00 7217191                    /usr/lib/x86_64-linux-gnu/libXcomposite.so.1.0.0
7f5304db7000-7f5304fb6000 ---p 00002000 fc:00 7217191                    /usr/lib/x86_64-linux-gnu/libXcomposite.so.1.0.0
7f5304fb6000-7f5304fb7000 r--p 00001000 fc:00 7217191                    /usr/lib/x86_64-linux-gnu/libXcomposite.so.1.0.0
7f5304fb7000-7f5304fb8000 rw-p 00002000 fc:00 7217191                    /usr/lib/x86_64-linux-gnu/libXcomposite.so.1.0.0
7f5304fb8000-7f5304fc1000 r-xp 00000000 fc:00 7217193                    /usr/lib/x86_64-linux-gnu/libXcursor.so.1.0.2
7f5304fc1000-7f53051c0000 ---p 00009000 fc:00 7217193                    /usr/lib/x86_64-linux-gnu/libXcursor.so.1.0.2
7f53051c0000-7f53051c1000 r--p 00008000 fc:00 7217193                    /usr/lib/x86_64-linux-gnu/libXcursor.so.1.0.2
7f53051c1000-7f53051c2000 rw-p 00009000 fc:00 7217193                    /usr/lib/x86_64-linux-gnu/libXcursor.so.1.0.2
7f53051c2000-7f53051cb000 r-xp 00000000 fc:00 7217219                    /usr/lib/x86_64-linux-gnu/libXrandr.so.2.2.0
7f53051cb000-7f53053ca000 ---p 00009000 fc:00 7217219                    /usr/lib/x86_64-linux-gnu/libXrandr.so.2.2.0
7f53053ca000-7f53053cb000 r--p 00008000 fc:00 7217219                    /usr/lib/x86_64-linux-gnu/libXrandr.so.2.2.0
7f53053cb000-7f53053cc000 rw-p 00009000 fc:00 7217219                    /usr/lib/x86_64-linux-gnu/libXrandr.so.2.2.0
7f53053cc000-7f53053ce000 r-xp 00000000 fc:00 7217209                    /usr/lib/x86_64-linux-gnu/libXinerama.so.1.0.0
7f53053ce000-7f53055cd000 ---p 00002000 fc:00 7217209                    /usr/lib/x86_64-linux-gnu/libXinerama.so.1.0.0
7f53055cd000-7f53055ce000 r--p 00001000 fc:00 7217209                    /usr/lib/x86_64-linux-gnu/libXinerama.so.1.0.0
7f53055ce000-7f53055cf000 rw-p 00002000 fc:00 7217209                    /usr/lib/x86_64-linux-gnu/libXinerama.so.1.0.0
7f53055cf000-7f53055e3000 r-xp 00000000 fc:00 7217925                    /usr/lib/x86_64-linux-gnu/libpangoft2-1.0.so.0.3600.3
7f53055e3000-7f53057e2000 ---p 00014000 fc:00 7217925                    /usr/lib/x86_64-linux-gnu/libpangoft2-1.0.so.0.3600.3
7f53057e2000-7f53057e3000 r--p 00013000 fc:00 7217925                    /usr/lib/x86_64-linux-gnu/libpangoft2-1.0.so.0.3600.3
7f53057e3000-7f53057e4000 rw-p 00014000 fc:00 7217925                    /usr/lib/x86_64-linux-gnu/libpangoft2-1.0.so.0.3600.3
7f53057e4000-7f53058ea000 r-xp 00000000 fc:00 7217317                    /usr/lib/x86_64-linux-gnu/libcairo.so.2.11301.0
7f53058ea000-7f5305ae9000 ---p 00106000 fc:00 7217317                    /usr/lib/x86_64-linux-gnu/libcairo.so.2.11301.0
7f5305ae9000-7f5305aec000 r--p 00105000 fc:00 7217317                    /usr/lib/x86_64-linux-gnu/libcairo.so.2.11301.0
7f5305aec000-7f5305aed000 rw-p 00108000 fc:00 7217317                    /usr/lib/x86_64-linux-gnu/libcairo.so.2.11301.0
7f5305aed000-7f5305aef000 rw-p 00000000 00:00 0 
7f5305aef000-7f5305b0e000 r-xp 00000000 fc:00 7217278                    /usr/lib/x86_64-linux-gnu/libatk-1.0.so.0.21009.1
7f5305b0e000-7f5305d0e000 ---p 0001f000 fc:00 7217278                    /usr/lib/x86_64-linux-gnu/libatk-1.0.so.0.21009.1
7f5305d0e000-7f5305d10000 r--p 0001f000 fc:00 7217278                    /usr/lib/x86_64-linux-gnu/libatk-1.0.so.0.21009.1
7f5305d10000-7f5305d11000 rw-p 00021000 fc:00 7217278                    /usr/lib/x86_64-linux-gnu/libatk-1.0.so.0.21009.1
7f5305d11000-7f5305d16000 r-xp 00000000 fc:00 7217201                    /usr/lib/x86_64-linux-gnu/libXfixes.so.3.1.0
7f5305d16000-7f5305f15000 ---p 00005000 fc:00 7217201                    /usr/lib/x86_64-linux-gnu/libXfixes.so.3.1.0
7f5305f15000-7f5305f16000 r--p 00004000 fc:00 7217201                    /usr/lib/x86_64-linux-gnu/libXfixes.so.3.1.0
7f5305f16000-7f5305f17000 rw-p 00005000 fc:00 7217201                    /usr/lib/x86_64-linux-gnu/libXfixes.so.3.1.0
7f5305f17000-7f5305f22000 r-xp 00000000 fc:00 7217923                    /usr/lib/x86_64-linux-gnu/libpangocairo-1.0.so.0.3600.3
7f5305f22000-7f5306122000 ---p 0000b000 fc:00 7217923                    /usr/lib/x86_64-linux-gnu/libpangocairo-1.0.so.0.3600.3
7f5306122000-7f5306123000 r--p 0000b000 fc:00 7217923                    /usr/lib/x86_64-linux-gnu/libpangocairo-1.0.so.0.3600.3
7f5306123000-7f5306124000 rw-p 0000c000 fc:00 7217923                    /usr/lib/x86_64-linux-gnu/libpangocairo-1.0.so.0.3600.3
7f5306124000-7f5306127000 r-xp 00000000 fc:00 7217581                    /usr/lib/x86_64-linux-gnu/libgmodule-2.0.so.0.4000.0
7f5306127000-7f5306326000 ---p 00003000 fc:00 7217581                    /usr/lib/x86_64-linux-gnu/libgmodule-2.0.so.0.4000.0
7f5306326000-7f5306327000 r--p 00002000 fc:00 7217581                    /usr/lib/x86_64-linux-gnu/libgmodule-2.0.so.0.4000.0
7f5306327000-7f5306328000 rw-p 00003000 fc:00 7217581                    /usr/lib/x86_64-linux-gnu/libgmodule-2.0.so.0.4000.0
7f5306328000-7f5306345000 r-xp 00000000 fc:00 7218256                    /usr/lib/x86_64-linux-gnu/libxcb.so.1.1.0
7f5306345000-7f5306545000 ---p 0001d000 fc:00 7218256                    /usr/lib/x86_64-linux-gnu/libxcb.so.1.1.0
7f5306545000-7f5306546000 r--p 0001d000 fc:00 7218256                    /usr/lib/x86_64-linux-gnu/libxcb.so.1.1.0
7f5306546000-7f5306547000 rw-p 0001e000 fc:00 7218256                    /usr/lib/x86_64-linux-gnu/libxcb.so.1.1.0
7f5306547000-7f53065b3000 r-xp 00000000 fc:00 7217375                    /usr/lib/x86_64-linux-gnu/libcups.so.2
7f53065b3000-7f53067b3000 ---p 0006c000 fc:00 7217375                    /usr/lib/x86_64-linux-gnu/libcups.so.2
7f53067b3000-7f53067ba000 r--p 0006c000 fc:00 7217375                    /usr/lib/x86_64-linux-gnu/libcups.so.2
7f53067ba000-7f53067bb000 rw-p 00073000 fc:00 7217375                    /usr/lib/x86_64-linux-gnu/libcups.so.2
7f53067bb000-7f53068c1000 r-xp 00000000 fc:00 1052623                    /lib/x86_64-linux-gnu/libglib-2.0.so.0.4000.0
7f53068c1000-7f5306ac0000 ---p 00106000 fc:00 1052623                    /lib/x86_64-linux-gnu/libglib-2.0.so.0.4000.0
7f5306ac0000-7f5306ac1000 r--p 00105000 fc:00 1052623                    /lib/x86_64-linux-gnu/libglib-2.0.so.0.4000.0
7f5306ac1000-7f5306ac2000 rw-p 00106000 fc:00 1052623                    /lib/x86_64-linux-gnu/libglib-2.0.so.0.4000.0
7f5306ac2000-7f5306ac3000 rw-p 00000000 00:00 0 
7f5306ac3000-7f5306ac4000 r-xp 00000000 fc:00 7217704                    /usr/lib/x86_64-linux-gnu/libgthread-2.0.so.0.4000.0
7f5306ac4000-7f5306cc3000 ---p 00001000 fc:00 7217704                    /usr/lib/x86_64-linux-gnu/libgthread-2.0.so.0.4000.0
7f5306cc3000-7f5306cc4000 r--p 00000000 fc:00 7217704                    /usr/lib/x86_64-linux-gnu/libgthread-2.0.so.0.4000.0
7f5306cc4000-7f5306cc5000 rw-p 00001000 fc:00 7217704                    /usr/lib/x86_64-linux-gnu/libgthread-2.0.so.0.4000.0
7f5306cc5000-7f5306d14000 r-xp 00000000 fc:00 7217597                    /usr/lib/x86_64-linux-gnu/libgobject-2.0.so.0.4000.0
7f5306d14000-7f5306f14000 ---p 0004f000 fc:00 7217597                    /usr/lib/x86_64-linux-gnu/libgobject-2.0.so.0.4000.0
7f5306f14000-7f5306f15000 r--p 0004f000 fc:00 7217597                    /usr/lib/x86_64-linux-gnu/libgobject-2.0.so.0.4000.0
7f5306f15000-7f5306f16000 rw-p 00050000 fc:00 7217597                    /usr/lib/x86_64-linux-gnu/libgobject-2.0.so.0.4000.0
7f5306f16000-7f5306f50000 r-xp 00000000 fc:00 7217478                    /usr/lib/x86_64-linux-gnu/libfontconfig.so.1.8.0
7f5306f50000-7f530714f000 ---p 0003a000 fc:00 7217478                    /usr/lib/x86_64-linux-gnu/libfontconfig.so.1.8.0
7f530714f000-7f5307151000 r--p 00039000 fc:00 7217478                    /usr/lib/x86_64-linux-gnu/libfontconfig.so.1.8.0
7f5307151000-7f5307152000 rw-p 0003b000 fc:00 7217478                    /usr/lib/x86_64-linux-gnu/libfontconfig.so.1.8.0
7f5307152000-7f530719c000 r-xp 00000000 fc:00 7217921                    /usr/lib/x86_64-linux-gnu/libpango-1.0.so.0.3600.3
7f530719c000-7f530739c000 ---p 0004a000 fc:00 7217921                    /usr/lib/x86_64-linux-gnu/libpango-1.0.so.0.3600.3
7f530739c000-7f530739e000 r--p 0004a000 fc:00 7217921                    /usr/lib/x86_64-linux-gnu/libpango-1.0.so.0.3600.3
7f530739e000-7f530739f000 rw-p 0004c000 fc:00 7217921                    /usr/lib/x86_64-linux-gnu/libpango-1.0.so.0.3600.3
7f530739f000-7f530750a000 r-xp 00000000 fc:00 7217567                    /usr/lib/x86_64-linux-gnu/libgio-2.0.so.0.4000.0
7f530750a000-7f530770a000 ---p 0016b000 fc:00 7217567                    /usr/lib/x86_64-linux-gnu/libgio-2.0.so.0.4000.0
7f530770a000-7f530770e000 r--p 0016b000 fc:00 7217567                    /usr/lib/x86_64-linux-gnu/libgio-2.0.so.0.4000.0
7f530770e000-7f5307710000 rw-p 0016f000 fc:00 7217567                    /usr/lib/x86_64-linux-gnu/libgio-2.0.so.0.4000.0
7f5307710000-7f5307712000 rw-p 00000000 00:00 0 
7f5307712000-7f53077bf000 r-xp 00000000 fc:00 7217541                    /usr/lib/x86_64-linux-gnu/libgdk-x11-2.0.so.0.2400.23
7f53077bf000-7f53079be000 ---p 000ad000 fc:00 7217541                    /usr/lib/x86_64-linux-gnu/libgdk-x11-2.0.so.0.2400.23
7f53079be000-7f53079c2000 r--p 000ac000 fc:00 7217541                    /usr/lib/x86_64-linux-gnu/libgdk-x11-2.0.so.0.2400.23
7f53079c2000-7f53079c4000 rw-p 000b0000 fc:00 7217541                    /usr/lib/x86_64-linux-gnu/libgdk-x11-2.0.so.0.2400.23
7f53079c4000-7f5307df3000 r-xp 00000000 fc:00 7217708                    /usr/lib/x86_64-linux-gnu/libgtk-x11-2.0.so.0.2400.23
7f5307df3000-7f5307ff2000 ---p 0042f000 fc:00 7217708                    /usr/lib/x86_64-linux-gnu/libgtk-x11-2.0.so.0.2400.23
7f5307ff2000-7f5307ff9000 r--p 0042e000 fc:00 7217708                    /usr/lib/x86_64-linux-gnu/libgtk-x11-2.0.so.0.2400.23
7f5307ff9000-7f5307ffd000 rw-p 00435000 fc:00 7217708                    /usr/lib/x86_64-linux-gnu/libgtk-x11-2.0.so.0.2400.23
7f5307ffd000-7f5308000000 rw-p 00000000 00:00 0 
7f5308000000-7f5308021000 rw-p 00000000 00:00 0 
7f5308021000-7f530c000000 ---p 00000000 00:00 0 
7f530c00d000-7f530c02c000 r-xp 00000000 fc:00 7217543                    /usr/lib/x86_64-linux-gnu/libgdk_pixbuf-2.0.so.0.3000.7
7f530c02c000-7f530c22c000 ---p 0001f000 fc:00 7217543                    /usr/lib/x86_64-linux-gnu/libgdk_pixbuf-2.0.so.0.3000.7
7f530c22c000-7f530c22d000 r--p 0001f000 fc:00 7217543                    /usr/lib/x86_64-linux-gnu/libgdk_pixbuf-2.0.so.0.3000.7
7f530c22d000-7f530c22e000 rw-p 00020000 fc:00 7217543                    /usr/lib/x86_64-linux-gnu/libgdk_pixbuf-2.0.so.0.3000.7
7f530c22e000-7f530c23d000 r-xp 00000000 fc:00 7217207                    /usr/lib/x86_64-linux-gnu/libXi.so.6.1.0
7f530c23d000-7f530c43c000 ---p 0000f000 fc:00 7217207                    /usr/lib/x86_64-linux-gnu/libXi.so.6.1.0
7f530c43c000-7f530c43d000 r--p 0000e000 fc:00 7217207                    /usr/lib/x86_64-linux-gnu/libXi.so.6.1.0
7f530c43d000-7f530c43e000 rw-p 0000f000 fc:00 7217207                    /usr/lib/x86_64-linux-gnu/libXi.so.6.1.0
7f530c43e000-7f530c443000 r-xp 00000000 fc:00 7217227                    /usr/lib/x86_64-linux-gnu/libXtst.so.6.1.0
7f530c443000-7f530c642000 ---p 00005000 fc:00 7217227                    /usr/lib/x86_64-linux-gnu/libXtst.so.6.1.0
7f530c642000-7f530c643000 r--p 00004000 fc:00 7217227                    /usr/lib/x86_64-linux-gnu/libXtst.so.6.1.0
7f530c643000-7f530c644000 rw-p 00005000 fc:00 7217227                    /usr/lib/x86_64-linux-gnu/libXtst.so.6.1.0
7f530c644000-7f530c64d000 r-xp 00000000 fc:00 7217221                    /usr/lib/x86_64-linux-gnu/libXrender.so.1.3.0
7f530c64d000-7f530c84c000 ---p 00009000 fc:00 7217221                    /usr/lib/x86_64-linux-gnu/libXrender.so.1.3.0
7f530c84c000-7f530c84d000 r--p 00008000 fc:00 7217221                    /usr/lib/x86_64-linux-gnu/libXrender.so.1.3.0
7f530c84d000-7f530c84e000 rw-p 00009000 fc:00 7217221                    /usr/lib/x86_64-linux-gnu/libXrender.so.1.3.0
7f530c84e000-7f530c97e000 r-xp 00000000 fc:00 7217182                    /usr/lib/x86_64-linux-gnu/libX11.so.6.3.0
7f530c97e000-7f530cb7e000 ---p 00130000 fc:00 7217182                    /usr/lib/x86_64-linux-gnu/libX11.so.6.3.0
7f530cb7e000-7f530cb7f000 r--p 00130000 fc:00 7217182                    /usr/lib/x86_64-linux-gnu/libX11.so.6.3.0
7f530cb7f000-7f530cb83000 rw-p 00131000 fc:00 7217182                    /usr/lib/x86_64-linux-gnu/libX11.so.6.3.0
7f530cb83000-7f530cb94000 r-xp 00000000 fc:00 7217199                    /usr/lib/x86_64-linux-gnu/libXext.so.6.4.0
7f530cb94000-7f530cd93000 ---p 00011000 fc:00 7217199                    /usr/lib/x86_64-linux-gnu/libXext.so.6.4.0
7f530cd93000-7f530cd94000 r--p 00010000 fc:00 7217199                    /usr/lib/x86_64-linux-gnu/libXext.so.6.4.0
7f530cd94000-7f530cd95000 rw-p 00011000 fc:00 7217199                    /usr/lib/x86_64-linux-gnu/libXext.so.6.4.0
7f530cd9e000-7f530cd9f000 rw-p 00000000 00:00 0 
7f530cd9f000-7f530cda0000 rw-s 15e429000 00:05 1635                      /dev/dri/card0
7f530cda0000-7f530cda1000 rw-s 15e418000 00:05 1635                      /dev/dri/card0
7f530cda1000-7f530cda2000 rw-s 142657000 00:05 1635                      /dev/dri/card0
7f530cda2000-7f530cda3000 rw-s 142656000 00:05 1635                      /dev/dri/card0
7f530cda3000-7f530cda4000 rwxp 00000000 00:00 0 
7f530cda4000-7f530cdb4000 rw-s 141e70000 00:05 1635                      /dev/dri/card0
7f530cdb4000-7f530cdc4000 rw-s 141e60000 00:05 1635                      /dev/dri/card0
7f530cdc4000-7f530cdcd000 r--s 000b9000 fc:00 138963                     /usr/lib/jvm/java-7-openjdk-amd64/jre/lib/resources.jar
7f530cdcd000-7f530ce1e000 r-xp 00000000 fc:00 139186                     /usr/lib/jvm/java-7-openjdk-amd64/jre/lib/amd64/xawt/libmawt.so
7f530ce1e000-7f530d01d000 ---p 00051000 fc:00 139186                     /usr/lib/jvm/java-7-openjdk-amd64/jre/lib/amd64/xawt/libmawt.so
7f530d01d000-7f530d01e000 r--p 00050000 fc:00 139186                     /usr/lib/jvm/java-7-openjdk-amd64/jre/lib/amd64/xawt/libmawt.so
7f530d01e000-7f530d021000 rw-p 00051000 fc:00 139186                     /usr/lib/jvm/java-7-openjdk-amd64/jre/lib/amd64/xawt/libmawt.so
7f530d021000-7f530d022000 rw-p 00000000 00:00 0 
7f530d022000-7f530d0c2000 r-xp 00000000 fc:00 139023                     /usr/lib/jvm/java-7-openjdk-amd64/jre/lib/amd64/libawt.so
7f530d0c2000-7f530d2c1000 ---p 000a0000 fc:00 139023                     /usr/lib/jvm/java-7-openjdk-amd64/jre/lib/amd64/libawt.so
7f530d2c1000-7f530d2c2000 r--p 0009f000 fc:00 139023                     /usr/lib/jvm/java-7-openjdk-amd64/jre/lib/amd64/libawt.so
7f530d2c2000-7f530d2cd000 rw-p 000a0000 fc:00 139023                     /usr/lib/jvm/java-7-openjdk-amd64/jre/lib/amd64/libawt.so
7f530d2cd000-7f530d2f2000 rw-p 00000000 00:00 0 
7f530d2f2000-7f530d2fd000 r--s 00203000 fc:00 138953                     /usr/lib/jvm/java-7-openjdk-amd64/jre/lib/charsets.jar
7f530d2fd000-7f530d2ff000 r--s 00002000 fc:00 5640113                    /home/doctea/vurf-eclipse/lib/user/themidibus/themidibus.jar
7f530d2ff000-7f530d315000 r--s 000bb000 fc:00 5640861                    /home/doctea/vurf-eclipse/lib/user/GSVideo/gstreamer-java.jar
7f530d315000-7f530d34c000 r--s 001fb000 fc:00 5769274                    /home/doctea/vurf-eclipse/lib/user/eyetracking/text20.jar
7f530d34c000-7f530d34d000 ---p 00000000 00:00 0 
7f530d34d000-7f530d44d000 rw-p 00000000 00:00 0                          [stack:30776]
7f530d44d000-7f530d450000 ---p 00000000 00:00 0 
7f530d450000-7f530d54e000 rw-p 00000000 00:00 0                          [stack:30775]
7f530d54e000-7f530dc30000 r--p 00000000 fc:00 7216115                    /usr/lib/locale/locale-archive
7f530dc30000-7f5310000000 rw-p 00000000 00:00 0 
7f5310000000-7f5310021000 rw-p 00000000 00:00 0 
7f5310021000-7f5314000000 ---p 00000000 00:00 0 
7f5314000000-7f5314001000 r--p 00000000 fc:00 528235                     /usr/share/locale-langpack/en_GB/LC_MESSAGES/libc.mo
7f5314001000-7f5314002000 r--s 00005000 fc:00 5641179                    /home/doctea/vurf-eclipse/lib/user/SimpleOpenNI/SimpleOpenNI.jar
7f5314002000-7f5314004000 r--s 00002000 fc:00 5640010                    /home/doctea/vurf-eclipse/lib/user/rwmidi/rwmidi.jar
7f5314004000-7f5314005000 r--s 00003000 fc:00 5639897                    /home/doctea/vurf-eclipse/lib/user/proxml/proxml.jar
7f5314005000-7f5314007000 r--s 00007000 fc:00 5639701                    /home/doctea/vurf-eclipse/lib/user/peasycam/peasycam.jar
7f5314007000-7f5314008000 r--s 00005000 fc:00 5639691                    /home/doctea/vurf-eclipse/lib/user/openkinect/openkinect.jar
7f5314008000-7f5314009000 r--s 00005000 fc:00 5639568                    /home/doctea/vurf-eclipse/lib/user/layers/layers.jar
7f5314009000-7f531400a000 r--s 00000000 fc:00 5639543                    /home/doctea/vurf-eclipse/lib/user/kinect/kinect.jar
7f531400a000-7f531400e000 r--s 000e4000 fc:00 5641146                    /home/doctea/vurf-eclipse/lib/user/GSVideo/jna.jar
7f531400e000-7f5314010000 r--s 00008000 fc:00 5640717                    /home/doctea/vurf-eclipse/lib/user/GSVideo/GSVideo.jar
7f5314010000-7f5314012000 r--s 00013000 fc:00 5640089                    /home/doctea/vurf-eclipse/lib/user/GLGraphics/GLGraphics.jar
7f5314012000-7f5314014000 r--s 00003000 fc:00 5639468                    /home/doctea/vurf-eclipse/lib/user/fullscreen/fullscreen.jar
7f5314014000-7f5314015000 r--s 00005000 fc:00 5641167                    /home/doctea/vurf-eclipse/lib/user/flob/flob.jar
7f5314015000-7f5314017000 r--s 00034000 fc:00 5769250                    /home/doctea/vurf-eclipse/lib/user/eyetracking/eyetracking.jar
7f5314017000-7f531401b000 r--s 000e4000 fc:00 5768921                    /home/doctea/vurf-eclipse/lib/user/dLibs_freenect/jna.jar
7f531401b000-7f531401d000 r--s 0000d000 fc:00 5768880                    /home/doctea/vurf-eclipse/lib/user/dLibs_freenect/dLibs_freenect.jar
7f531401d000-7f531401e000 r--s 00004000 fc:00 5769121                    /home/doctea/vurf-eclipse/lib/user/datautils/datautils.jar
7f531401e000-7f5314021000 r--s 00036000 fc:00 6291676                    /home/doctea/vurf-eclipse/lib/user/controlP5/controlP5.jar
7f5314021000-7f5314022000 r--s 00009000 fc:00 5768303                    /home/doctea/vurf-eclipse/lib/user/colorutils/colorutils.jar
7f5314022000-7f5314023000 r--s 00002000 fc:00 5768279                    /home/doctea/vurf-eclipse/lib/user/candy/candy.jar
7f5314023000-7f5314024000 r--s 0000c000 fc:00 5768259                    /home/doctea/vurf-eclipse/lib/user/audioutils/joal.jar
7f5314024000-7f5314025000 r--s 00004000 fc:00 5768258                    /home/doctea/vurf-eclipse/lib/user/audioutils/gluegen-rt.jar
7f5314025000-7f5314027000 r--s 00004000 fc:00 5768117                    /home/doctea/vurf-eclipse/lib/user/audioutils/audioutils.jar
7f5314027000-7f531402a000 r--s 000e4000 fc:00 5639903                    /home/doctea/vurf-eclipse/lib/base/core/jna.jar
7f531402a000-7f5314041000 r--s 0015b000 fc:00 5639836                    /home/doctea/vurf-eclipse/lib/base/core/ant.jar
7f5314041000-7f531404c000 r--s 00108000 fc:00 5640021                    /home/doctea/vurf-eclipse/lib/base/opengl/jogl.jar
7f531404c000-7f531404f000 ---p 00000000 00:00 0 
7f531404f000-7f531414d000 rw-p 00000000 00:00 0                          [stack:30774]
7f531414d000-7f5314150000 ---p 00000000 00:00 0 
7f5314150000-7f531424e000 rw-p 00000000 00:00 0                          [stack:30773]
7f531424e000-7f5314251000 ---p 00000000 00:00 0 
7f5314251000-7f531434f000 rw-p 00000000 00:00 0                          [stack:30772]
7f531434f000-7f5314352000 ---p 00000000 00:00 0 
7f5314352000-7f5314450000 rw-p 00000000 00:00 0                          [stack:30770]
7f5314450000-7f5314453000 ---p 00000000 00:00 0 
7f5314453000-7f5314551000 rw-p 00000000 00:00 0                          [stack:30769]
7f5314551000-7f5314552000 ---p 00000000 00:00 0 
7f5314552000-7f5315000000 rw-p 00000000 00:00 0                          [stack:30768]
7f5315000000-7f5315270000 rwxp 00000000 00:00 0 
7f5315270000-7f5318464000 rw-p 00000000 00:00 0 
7f5318464000-7f531c000000 ---p 00000000 00:00 0 
7f531c000000-7f531c002000 r--s 0002b000 fc:00 5639851                    /home/doctea/vurf-eclipse/lib/base/core/core.jar
7f531c002000-7f531c004000 r--s 00002000 fc:00 5639768                    /home/doctea/vurf-eclipse/lib/base/core/ant-launcher.jar
7f531c004000-7f531c005000 r--s 00002000 fc:00 5640077                    /home/doctea/vurf-eclipse/lib/base/video/video.jar
7f531c005000-7f531c006000 r--s 00003000 fc:00 5640072                    /home/doctea/vurf-eclipse/lib/base/opengl/opengl.jar
7f531c006000-7f531c007000 r--s 00004000 fc:00 5639960                    /home/doctea/vurf-eclipse/lib/base/opengl/gluegen-rt.jar
7f531c007000-7f531c00a000 r--s 00017000 fc:00 5639951                    /home/doctea/vurf-eclipse/lib/base/minim/tritonus_share.jar
7f531c00a000-7f531c00b000 r--s 00002000 fc:00 5639945                    /home/doctea/vurf-eclipse/lib/base/minim/tritonus_aos.jar
7f531c00b000-7f531c00c000 r--s 00005000 fc:00 5639942                    /home/doctea/vurf-eclipse/lib/base/minim/mp3spi1.9.4.jar
7f531c00c000-7f531c00e000 r--s 0000d000 fc:00 5639937                    /home/doctea/vurf-eclipse/lib/base/minim/minim.jar
7f531c00e000-7f531c00f000 r--s 00000000 fc:00 5639932                    /home/doctea/vurf-eclipse/lib/base/minim/minim-spi.jar
7f531c00f000-7f531c010000 r--s 0000b000 fc:00 5639929                    /home/doctea/vurf-eclipse/lib/base/minim/jsminim.jar
7f531c010000-7f531c65f000 rw-p 00000000 00:00 0 
7f531c65f000-7f531c80d000 r--s 01cfc000 fc:00 138952                     /usr/lib/jvm/java-7-openjdk-amd64/jre/lib/rt.jar
7f531c80d000-7f531cb43000 rw-p 00000000 00:00 0 
7f531cb43000-7f531cb44000 ---p 00000000 00:00 0 
7f531cb44000-7f531cc44000 rw-p 00000000 00:00 0                          [stack:30767]
7f531cc44000-7f531cc45000 ---p 00000000 00:00 0 
7f531cc45000-7f531cd45000 rw-p 00000000 00:00 0                          [stack:30766]
7f531cd45000-7f531cd46000 ---p 00000000 00:00 0 
7f531cd46000-7f531ce46000 rw-p 00000000 00:00 0                          [stack:30765]
7f531ce46000-7f531ce47000 ---p 00000000 00:00 0 
7f531ce47000-7f531cf52000 rw-p 00000000 00:00 0                          [stack:30764]
7f531cf52000-7f531cf56000 ---p 00000000 00:00 0 
7f531cf56000-7f531cf9a000 rw-p 00000000 00:00 0 
7f531cf9a000-7f531d009000 rw-p 00000000 00:00 0 
7f531d009000-7f531d046000 ---p 00000000 00:00 0 
7f531d046000-7f531d0e1000 rw-p 00000000 00:00 0 
7f531d0e1000-7f531d0ec000 rw-p 00000000 00:00 0 
7f531d0ec000-7f531d0f0000 ---p 00000000 00:00 0 
7f531d0f0000-7f531d134000 rw-p 00000000 00:00 0 
7f531d134000-7f531d1a3000 rw-p 00000000 00:00 0 
7f531d1a3000-7f531d1e0000 ---p 00000000 00:00 0 
7f531d1e0000-7f531d27a000 rw-p 00000000 00:00 0 
7f531d27a000-7f531d30c000 rw-p 00000000 00:00 0 
7f531d30c000-7f531d311000 ---p 00000000 00:00 0 
7f531d311000-7f531d31e000 rw-p 00000000 00:00 0 
7f531d31e000-7f531d31f000 rw-p 00000000 00:00 0 
7f531d31f000-7f531d327000 r-xp 00000000 fc:00 139000                     /usr/lib/jvm/java-7-openjdk-amd64/jre/lib/amd64/libzip.so
7f531d327000-7f531d526000 ---p 00008000 fc:00 139000                     /usr/lib/jvm/java-7-openjdk-amd64/jre/lib/amd64/libzip.so
7f531d526000-7f531d527000 r--p 00007000 fc:00 139000                     /usr/lib/jvm/java-7-openjdk-amd64/jre/lib/amd64/libzip.so
7f531d527000-7f531d528000 rw-p 00008000 fc:00 139000                     /usr/lib/jvm/java-7-openjdk-amd64/jre/lib/amd64/libzip.so
7f531d528000-7f531d533000 r-xp 00000000 fc:00 1057049                    /lib/x86_64-linux-gnu/libnss_files-2.19.so
7f531d533000-7f531d732000 ---p 0000b000 fc:00 1057049                    /lib/x86_64-linux-gnu/libnss_files-2.19.so
7f531d732000-7f531d733000 r--p 0000a000 fc:00 1057049                    /lib/x86_64-linux-gnu/libnss_files-2.19.so
7f531d733000-7f531d734000 rw-p 0000b000 fc:00 1057049                    /lib/x86_64-linux-gnu/libnss_files-2.19.so
7f531d734000-7f531d73f000 r-xp 00000000 fc:00 1057033                    /lib/x86_64-linux-gnu/libnss_nis-2.19.so
7f531d73f000-7f531d93e000 ---p 0000b000 fc:00 1057033                    /lib/x86_64-linux-gnu/libnss_nis-2.19.so
7f531d93e000-7f531d93f000 r--p 0000a000 fc:00 1057033                    /lib/x86_64-linux-gnu/libnss_nis-2.19.so
7f531d93f000-7f531d940000 rw-p 0000b000 fc:00 1057033                    /lib/x86_64-linux-gnu/libnss_nis-2.19.so
7f531d940000-7f531d957000 r-xp 00000000 fc:00 1057051                    /lib/x86_64-linux-gnu/libnsl-2.19.so
7f531d957000-7f531db56000 ---p 00017000 fc:00 1057051                    /lib/x86_64-linux-gnu/libnsl-2.19.so
7f531db56000-7f531db57000 r--p 00016000 fc:00 1057051                    /lib/x86_64-linux-gnu/libnsl-2.19.so
7f531db57000-7f531db58000 rw-p 00017000 fc:00 1057051                    /lib/x86_64-linux-gnu/libnsl-2.19.so
7f531db58000-7f531db5a000 rw-p 00000000 00:00 0 
7f531db5a000-7f531db63000 r-xp 00000000 fc:00 1057044                    /lib/x86_64-linux-gnu/libnss_compat-2.19.so
7f531db63000-7f531dd62000 ---p 00009000 fc:00 1057044                    /lib/x86_64-linux-gnu/libnss_compat-2.19.so
7f531dd62000-7f531dd63000 r--p 00008000 fc:00 1057044                    /lib/x86_64-linux-gnu/libnss_compat-2.19.so
7f531dd63000-7f531dd64000 rw-p 00009000 fc:00 1057044                    /lib/x86_64-linux-gnu/libnss_compat-2.19.so
7f531dd64000-7f531dd8f000 r-xp 00000000 fc:00 138996                     /usr/lib/jvm/java-7-openjdk-amd64/jre/lib/amd64/libjava.so
7f531dd8f000-7f531df8e000 ---p 0002b000 fc:00 138996                     /usr/lib/jvm/java-7-openjdk-amd64/jre/lib/amd64/libjava.so
7f531df8e000-7f531df8f000 r--p 0002a000 fc:00 138996                     /usr/lib/jvm/java-7-openjdk-amd64/jre/lib/amd64/libjava.so
7f531df8f000-7f531df91000 rw-p 0002b000 fc:00 138996                     /usr/lib/jvm/java-7-openjdk-amd64/jre/lib/amd64/libjava.so
7f531df91000-7f531dfa1000 r-xp 00000000 fc:00 139029                     /usr/lib/jvm/java-7-openjdk-amd64/jre/lib/amd64/libverify.so
7f531dfa1000-7f531e1a0000 ---p 00010000 fc:00 139029                     /usr/lib/jvm/java-7-openjdk-amd64/jre/lib/amd64/libverify.so
7f531e1a0000-7f531e1a2000 r--p 0000f000 fc:00 139029                     /usr/lib/jvm/java-7-openjdk-amd64/jre/lib/amd64/libverify.so
7f531e1a2000-7f531e1a3000 rw-p 00011000 fc:00 139029                     /usr/lib/jvm/java-7-openjdk-amd64/jre/lib/amd64/libverify.so
7f531e1a3000-7f531e1aa000 r-xp 00000000 fc:00 1057047                    /lib/x86_64-linux-gnu/librt-2.19.so
7f531e1aa000-7f531e3a9000 ---p 00007000 fc:00 1057047                    /lib/x86_64-linux-gnu/librt-2.19.so
7f531e3a9000-7f531e3aa000 r--p 00006000 fc:00 1057047                    /lib/x86_64-linux-gnu/librt-2.19.so
7f531e3aa000-7f531e3ab000 rw-p 00007000 fc:00 1057047                    /lib/x86_64-linux-gnu/librt-2.19.so
7f531e3ab000-7f531e3c1000 r-xp 00000000 fc:00 1052619                    /lib/x86_64-linux-gnu/libgcc_s.so.1
7f531e3c1000-7f531e5c0000 ---p 00016000 fc:00 1052619                    /lib/x86_64-linux-gnu/libgcc_s.so.1
7f531e5c0000-7f531e5c1000 rw-p 00015000 fc:00 1052619                    /lib/x86_64-linux-gnu/libgcc_s.so.1
7f531e5c1000-7f531e6c6000 r-xp 00000000 fc:00 1057048                    /lib/x86_64-linux-gnu/libm-2.19.so
7f531e6c6000-7f531e8c5000 ---p 00105000 fc:00 1057048                    /lib/x86_64-linux-gnu/libm-2.19.so
7f531e8c5000-7f531e8c6000 r--p 00104000 fc:00 1057048                    /lib/x86_64-linux-gnu/libm-2.19.so
7f531e8c6000-7f531e8c7000 rw-p 00105000 fc:00 1057048                    /lib/x86_64-linux-gnu/libm-2.19.so
7f531e8c7000-7f531e9ad000 r-xp 00000000 fc:00 7218092                    /usr/lib/x86_64-linux-gnu/libstdc++.so.6.0.19
7f531e9ad000-7f531ebac000 ---p 000e6000 fc:00 7218092                    /usr/lib/x86_64-linux-gnu/libstdc++.so.6.0.19
7f531ebac000-7f531ebb4000 r--p 000e5000 fc:00 7218092                    /usr/lib/x86_64-linux-gnu/libstdc++.so.6.0.19
7f531ebb4000-7f531ebb6000 rw-p 000ed000 fc:00 7218092                    /usr/lib/x86_64-linux-gnu/libstdc++.so.6.0.19
7f531ebb6000-7f531ebcb000 rw-p 00000000 00:00 0 
7f531ebcb000-7f531f6ac000 r-xp 00000000 fc:00 139011                     /usr/lib/jvm/java-7-openjdk-amd64/jre/lib/amd64/server/libjvm.so
7f531f6ac000-7f531f8ab000 ---p 00ae1000 fc:00 139011                     /usr/lib/jvm/java-7-openjdk-amd64/jre/lib/amd64/server/libjvm.so
7f531f8ab000-7f531f93d000 r--p 00ae0000 fc:00 139011                     /usr/lib/jvm/java-7-openjdk-amd64/jre/lib/amd64/server/libjvm.so
7f531f93d000-7f531f960000 rw-p 00b72000 fc:00 139011                     /usr/lib/jvm/java-7-openjdk-amd64/jre/lib/amd64/server/libjvm.so
7f531f960000-7f531f98d000 rw-p 00000000 00:00 0 
7f531f98d000-7f531f9a5000 r-xp 00000000 fc:00 1052755                    /lib/x86_64-linux-gnu/libz.so.1.2.8
7f531f9a5000-7f531fba4000 ---p 00018000 fc:00 1052755                    /lib/x86_64-linux-gnu/libz.so.1.2.8
7f531fba4000-7f531fba5000 r--p 00017000 fc:00 1052755                    /lib/x86_64-linux-gnu/libz.so.1.2.8
7f531fba5000-7f531fba6000 rw-p 00018000 fc:00 1052755                    /lib/x86_64-linux-gnu/libz.so.1.2.8
7f531fba6000-7f531fbbf000 r-xp 00000000 fc:00 1057054                    /lib/x86_64-linux-gnu/libpthread-2.19.so
7f531fbbf000-7f531fdbe000 ---p 00019000 fc:00 1057054                    /lib/x86_64-linux-gnu/libpthread-2.19.so
7f531fdbe000-7f531fdbf000 r--p 00018000 fc:00 1057054                    /lib/x86_64-linux-gnu/libpthread-2.19.so
7f531fdbf000-7f531fdc0000 rw-p 00019000 fc:00 1057054                    /lib/x86_64-linux-gnu/libpthread-2.19.so
7f531fdc0000-7f531fdc4000 rw-p 00000000 00:00 0 
7f531fdc4000-7f531fdc7000 r-xp 00000000 fc:00 1057041                    /lib/x86_64-linux-gnu/libdl-2.19.so
7f531fdc7000-7f531ffc6000 ---p 00003000 fc:00 1057041                    /lib/x86_64-linux-gnu/libdl-2.19.so
7f531ffc6000-7f531ffc7000 r--p 00002000 fc:00 1057041                    /lib/x86_64-linux-gnu/libdl-2.19.so
7f531ffc7000-7f531ffc8000 rw-p 00003000 fc:00 1057041                    /lib/x86_64-linux-gnu/libdl-2.19.so
7f531ffc8000-7f5320184000 r-xp 00000000 fc:00 1057052                    /lib/x86_64-linux-gnu/libc-2.19.so
7f5320184000-7f5320383000 ---p 001bc000 fc:00 1057052                    /lib/x86_64-linux-gnu/libc-2.19.so
7f5320383000-7f5320387000 r--p 001bb000 fc:00 1057052                    /lib/x86_64-linux-gnu/libc-2.19.so
7f5320387000-7f5320389000 rw-p 001bf000 fc:00 1057052                    /lib/x86_64-linux-gnu/libc-2.19.so
7f5320389000-7f532038e000 rw-p 00000000 00:00 0 
7f532038e000-7f532039b000 r-xp 00000000 fc:00 139022                     /usr/lib/jvm/java-7-openjdk-amd64/jre/lib/amd64/jli/libjli.so
7f532039b000-7f532059a000 ---p 0000d000 fc:00 139022                     /usr/lib/jvm/java-7-openjdk-amd64/jre/lib/amd64/jli/libjli.so
7f532059a000-7f532059b000 r--p 0000c000 fc:00 139022                     /usr/lib/jvm/java-7-openjdk-amd64/jre/lib/amd64/jli/libjli.so
7f532059b000-7f532059c000 rw-p 0000d000 fc:00 139022                     /usr/lib/jvm/java-7-openjdk-amd64/jre/lib/amd64/jli/libjli.so
7f532059c000-7f53205bf000 r-xp 00000000 fc:00 1057040                    /lib/x86_64-linux-gnu/ld-2.19.so
7f53205bf000-7f53205c2000 r--s 00017000 fc:00 5639924                    /home/doctea/vurf-eclipse/lib/base/minim/jl1.0.jar
7f53205c2000-7f53205c3000 r--s 00002000 fc:00 138961                     /usr/lib/jvm/java-7-openjdk-amd64/jre/lib/ext/dnsns.jar
7f53205c3000-7f53205c6000 r--s 00032000 fc:00 138958                     /usr/lib/jvm/java-7-openjdk-amd64/jre/lib/ext/sunjce_provider.jar
7f53205c6000-7f53205c8000 r--s 00012000 fc:00 138957                     /usr/lib/jvm/java-7-openjdk-amd64/jre/lib/ext/zipfs.jar
7f53205c8000-7f53205e9000 rw-p 00000000 00:00 0 
7f53205e9000-7f532069f000 rw-p 00000000 00:00 0 
7f532069f000-7f53206a2000 ---p 00000000 00:00 0 
7f53206a2000-7f53207a5000 rw-p 00000000 00:00 0                          [stack:30763]
7f53207a5000-7f53207a9000 r--s 0003b000 fc:00 138960                     /usr/lib/jvm/java-7-openjdk-amd64/jre/lib/ext/sunpkcs11.jar
7f53207a9000-7f53207ab000 r--s 00006000 fc:00 139173                     /usr/share/java/java-atk-wrapper.jar
7f53207ab000-7f53207af000 r--s 00085000 fc:00 138959                     /usr/lib/jvm/java-7-openjdk-amd64/jre/lib/ext/localedata.jar
7f53207af000-7f53207b2000 r--s 0000f000 fc:00 138956                     /usr/lib/jvm/java-7-openjdk-amd64/jre/lib/ext/pulse-java.jar
7f53207b2000-7f53207ba000 rw-s 00000000 fc:00 663160                     /tmp/hsperfdata_doctea/30756
7f53207ba000-7f53207bb000 rw-p 00000000 00:00 0 
7f53207bb000-7f53207bc000 ---p 00000000 00:00 0 
7f53207bc000-7f53207be000 rw-p 00000000 00:00 0 
7f53207be000-7f53207bf000 r--p 00022000 fc:00 1057040                    /lib/x86_64-linux-gnu/ld-2.19.so
7f53207bf000-7f53207c0000 rw-p 00023000 fc:00 1057040                    /lib/x86_64-linux-gnu/ld-2.19.so
7f53207c0000-7f53207c1000 rw-p 00000000 00:00 0 
7fffa9842000-7fffa9864000 rw-p 00000000 00:00 0                          [stack]
7fffa995e000-7fffa9960000 r-xp 00000000 00:00 0                          [vdso]
ffffffffff600000-ffffffffff601000 r-xp 00000000 00:00 0                  [vsyscall]

VM Arguments:
jvm_args: -Djava.library.path=/home/doctea/vurf-eclipse/lib/base/minim:/home/doctea/vurf-eclipse/lib/base/minim:/home/doctea/vurf-eclipse/lib/base/minim:/home/doctea/vurf-eclipse/lib/base/minim:/home/doctea/vurf-eclipse/lib/base/minim:/home/doctea/vurf-eclipse/lib/base/minim:/home/doctea/vurf-eclipse/lib/base/minim:/home/doctea/vurf-eclipse/lib/base/opengl:/home/doctea/vurf-eclipse/lib/base/opengl:/home/doctea/vurf-eclipse/lib/base/opengl:/home/doctea/vurf-eclipse/lib/base/video:/home/doctea/vurf-eclipse/lib/base/core:/home/doctea/vurf-eclipse/lib/base/core:/home/doctea/vurf-eclipse/lib/base/core:/home/doctea/vurf-eclipse/lib/base/core:/home/doctea/vurf-eclipse/lib/user/audioutils:/home/doctea/vurf-eclipse/lib/user/audioutils:/home/doctea/vurf-eclipse/lib/user/audioutils:/home/doctea/vurf-eclipse/lib/user/candy:/home/doctea/vurf-eclipse/lib/user/colorutils:/home/doctea/vurf-eclipse/lib/user/controlP5:/home/doctea/vurf-eclipse/lib/user/datautils:/home/doctea/vurf-eclipse/lib/user/dLibs_freenect:/home/doctea/vurf-eclipse/lib/user/dLibs_freenect:/home/doctea/vurf-eclipse/lib/user/eyetracking:/home/doctea/vurf-eclipse/lib/user/eyetracking:/home/doctea/vurf-eclipse/lib/user/flob:/home/doctea/vurf-eclipse/lib/user/fullscreen:/home/doctea/vurf-eclipse/lib/user/GLGraphics:/home/doctea/vurf-eclipse/lib/user/GSVideo:/home/doctea/vurf-eclipse/lib/user/GSVideo:/home/doctea/vurf-eclipse/lib/user/GSVideo:/home/doctea/vurf-eclipse/lib/user/kinect:/home/doctea/vurf-eclipse/lib/user/layers:/home/doctea/vurf-eclipse/lib/user/openkinect:/home/doctea/vurf-eclipse/lib/user/peasycam:/home/doctea/vurf-eclipse/lib/user/proxml:/home/doctea/vurf-eclipse/lib/user/rwmidi:/home/doctea/vurf-eclipse/lib/user/SimpleOpenNI/library/linux64:/home/doctea/vurf-eclipse/lib/user/themidibus -Dfile.encoding=UTF-8 
java_command: vurfeclipse.VurfEclipse
Launcher Type: SUN_STANDARD

Environment Variables:
PATH=/usr/local/sbin:/usr/local/bin:/usr/sbin:/usr/bin:/sbin:/bin:/usr/games:/usr/local/games
SHELL=/bin/bash
DISPLAY=:0

Signal Handlers:
SIGSEGV: [libjvm.so+0x918620], sa_mask[0]=0x7ffbfeff, sa_flags=0x10000004
SIGBUS: [libjvm.so+0x918620], sa_mask[0]=0x7ffbfeff, sa_flags=0x10000004
SIGFPE: [libjvm.so+0x795e30], sa_mask[0]=0x7ffbfeff, sa_flags=0x10000004
SIGPIPE: [libjvm.so+0x795e30], sa_mask[0]=0x7ffbfeff, sa_flags=0x10000004
SIGXFSZ: [libjvm.so+0x795e30], sa_mask[0]=0x7ffbfeff, sa_flags=0x10000004
SIGILL: [libjvm.so+0x795e30], sa_mask[0]=0x7ffbfeff, sa_flags=0x10000004
SIGUSR1: SIG_DFL, sa_mask[0]=0x00000000, sa_flags=0x00000000
SIGUSR2: [libjvm.so+0x795cd0], sa_mask[0]=0x00000004, sa_flags=0x10000004
SIGHUP: [libjvm.so+0x795eb0], sa_mask[0]=0x7ffbfeff, sa_flags=0x10000004
SIGINT: [libjvm.so+0x795eb0], sa_mask[0]=0x7ffbfeff, sa_flags=0x10000004
SIGTERM: [libjvm.so+0x795eb0], sa_mask[0]=0x7ffbfeff, sa_flags=0x10000004
SIGQUIT: [libjvm.so+0x795eb0], sa_mask[0]=0x7ffbfeff, sa_flags=0x10000004


---------------  S Y S T E M  ---------------

OS:Ubuntu 14.04 (trusty)
uname:Linux 3.13.0-32-generic #57-Ubuntu SMP Tue Jul 15 03:51:08 UTC 2014 x86_64
libc:glibc 2.19 NPTL 2.19 
rlimit: STACK 8192k, CORE 0k, NPROC 31121, NOFILE 4096, AS infinity
load average:0.70 0.99 0.94

/proc/meminfo:
MemTotal:        4005932 kB
MemFree:           90052 kB
Buffers:             312 kB
Cached:            18908 kB
SwapCached:        29508 kB
Active:          2671316 kB
Inactive:         790148 kB
Active(anon):    2670852 kB
Inactive(anon):   775572 kB
Active(file):        464 kB
Inactive(file):    14576 kB
Unevictable:           0 kB
Mlocked:               0 kB
SwapTotal:       4153340 kB
SwapFree:              0 kB
Dirty:                64 kB
Writeback:            56 kB
AnonPages:       3413516 kB
Mapped:             5932 kB
Shmem:              3612 kB
Slab:              68944 kB
SReclaimable:      26944 kB
SUnreclaim:        42000 kB
KernelStack:        5512 kB
PageTables:        52180 kB
NFS_Unstable:          0 kB
Bounce:                0 kB
WritebackTmp:          0 kB
CommitLimit:     6156304 kB
Committed_AS:   11204984 kB
VmallocTotal:   34359738367 kB
VmallocUsed:       98604 kB
VmallocChunk:   34359575172 kB
HardwareCorrupted:     0 kB
AnonHugePages:    886784 kB
HugePages_Total:       0
HugePages_Free:        0
HugePages_Rsvd:        0
HugePages_Surp:        0
Hugepagesize:       2048 kB
DirectMap4k:      146272 kB
DirectMap2M:     4005888 kB


CPU:total 4 (2 cores per cpu, 2 threads per core) family 6 model 42 stepping 7, cmov, cx8, fxsr, mmx, sse, sse2, sse3, ssse3, sse4.1, sse4.2, popcnt, avx, ht, tsc, tscinvbit

/proc/cpuinfo:
processor	: 0
vendor_id	: GenuineIntel
cpu family	: 6
model		: 42
model name	: Intel(R) Core(TM) i3-2120 CPU @ 3.30GHz
stepping	: 7
microcode	: 0x28
cpu MHz		: 3300.000
cache size	: 3072 KB
physical id	: 0
siblings	: 4
core id		: 0
cpu cores	: 2
apicid		: 0
initial apicid	: 0
fpu		: yes
fpu_exception	: yes
cpuid level	: 13
wp		: yes
flags		: fpu vme de pse tsc msr pae mce cx8 apic sep mtrr pge mca cmov pat pse36 clflush dts acpi mmx fxsr sse sse2 ss ht tm pbe syscall nx rdtscp lm constant_tsc arch_perfmon pebs bts rep_good nopl xtopology nonstop_tsc aperfmperf eagerfpu pni pclmulqdq dtes64 monitor ds_cpl vmx est tm2 ssse3 cx16 xtpr pdcm pcid sse4_1 sse4_2 popcnt tsc_deadline_timer xsave avx lahf_lm arat epb xsaveopt pln pts dtherm tpr_shadow vnmi flexpriority ept vpid
bogomips	: 6584.77
clflush size	: 64
cache_alignment	: 64
address sizes	: 36 bits physical, 48 bits virtual
power management:

processor	: 1
vendor_id	: GenuineIntel
cpu family	: 6
model		: 42
model name	: Intel(R) Core(TM) i3-2120 CPU @ 3.30GHz
stepping	: 7
microcode	: 0x28
cpu MHz		: 3300.000
cache size	: 3072 KB
physical id	: 0
siblings	: 4
core id		: 1
cpu cores	: 2
apicid		: 2
initial apicid	: 2
fpu		: yes
fpu_exception	: yes
cpuid level	: 13
wp		: yes
flags		: fpu vme de pse tsc msr pae mce cx8 apic sep mtrr pge mca cmov pat pse36 clflush dts acpi mmx fxsr sse sse2 ss ht tm pbe syscall nx rdtscp lm constant_tsc arch_perfmon pebs bts rep_good nopl xtopology nonstop_tsc aperfmperf eagerfpu pni pclmulqdq dtes64 monitor ds_cpl vmx est tm2 ssse3 cx16 xtpr pdcm pcid sse4_1 sse4_2 popcnt tsc_deadline_timer xsave avx lahf_lm arat epb xsaveopt pln pts dtherm tpr_shadow vnmi flexpriority ept vpid
bogomips	: 6584.77
clflush size	: 64
cache_alignment	: 64
address sizes	: 36 bits physical, 48 bits virtual
power management:

processor	: 2
vendor_id	: GenuineIntel
cpu family	: 6
model		: 42
model name	: Intel(R) Core(TM) i3-2120 CPU @ 3.30GHz
stepping	: 7
microcode	: 0x28
cpu MHz		: 1600.000
cache size	: 3072 KB
physical id	: 0
siblings	: 4
core id		: 0
cpu cores	: 2
apicid		: 1
initial apicid	: 1
fpu		: yes
fpu_exception	: yes
cpuid level	: 13
wp		: yes
flags		: fpu vme de pse tsc msr pae mce cx8 apic sep mtrr pge mca cmov pat pse36 clflush dts acpi mmx fxsr sse sse2 ss ht tm pbe syscall nx rdtscp lm constant_tsc arch_perfmon pebs bts rep_good nopl xtopology nonstop_tsc aperfmperf eagerfpu pni pclmulqdq dtes64 monitor ds_cpl vmx est tm2 ssse3 cx16 xtpr pdcm pcid sse4_1 sse4_2 popcnt tsc_deadline_timer xsave avx lahf_lm arat epb xsaveopt pln pts dtherm tpr_shadow vnmi flexpriority ept vpid
bogomips	: 6584.77
clflush size	: 64
cache_alignment	: 64
address sizes	: 36 bits physical, 48 bits virtual
power management:

processor	: 3
vendor_id	: GenuineIntel
cpu family	: 6
model		: 42
model name	: Intel(R) Core(TM) i3-2120 CPU @ 3.30GHz
stepping	: 7
microcode	: 0x28
cpu MHz		: 3300.000
cache size	: 3072 KB
physical id	: 0
siblings	: 4
core id		: 1
cpu cores	: 2
apicid		: 3
initial apicid	: 3
fpu		: yes
fpu_exception	: yes
cpuid level	: 13
wp		: yes
flags		: fpu vme de pse tsc msr pae mce cx8 apic sep mtrr pge mca cmov pat pse36 clflush dts acpi mmx fxsr sse sse2 ss ht tm pbe syscall nx rdtscp lm constant_tsc arch_perfmon pebs bts rep_good nopl xtopology nonstop_tsc aperfmperf eagerfpu pni pclmulqdq dtes64 monitor ds_cpl vmx est tm2 ssse3 cx16 xtpr pdcm pcid sse4_1 sse4_2 popcnt tsc_deadline_timer xsave avx lahf_lm arat epb xsaveopt pln pts dtherm tpr_shadow vnmi flexpriority ept vpid
bogomips	: 6584.77
clflush size	: 64
cache_alignment	: 64
address sizes	: 36 bits physical, 48 bits virtual
power management:



Memory: 4k page, physical 4005932k(89548k free), swap 4153340k(0k free)

vm_info: OpenJDK 64-Bit Server VM (24.51-b03) for linux-amd64 JRE (1.7.0_55-b14), built on Apr 17 2014 20:08:07 by "buildd" with gcc 4.8.2

time: Wed Aug 20 00:31:38 2014
elapsed time: 7 seconds

